<?xml version="1.0" encoding="UTF-8"?>
<testsuite xmlns:xsi="http://www.w3.org/2001/XMLSchema-instance" xsi:noNamespaceSchemaLocation="https://maven.apache.org/surefire/maven-surefire-plugin/xsd/surefire-test-report.xsd" version="3.0.2" name="com.build4all.Build4AllApplicationTests" time="22.879" tests="1" errors="0" skipped="0" failures="0">
  <properties>
[...]
</properties>
  <testcase name="contextLoads" classname="com.build4all.Build4AllApplicationTests" time="0.423">
    <system-out><![CDATA[17:52:59.485 [main] INFO org.springframework.test.context.support.AnnotationConfigContextLoaderUtils -- Could not detect default configuration classes for test class [com.build4all.Build4AllApplicationTests]: Build4AllApplicationTests does not declare any static, non-private, non-final, nested classes annotated with @Configuration.
17:52:59.749 [main] INFO org.springframework.boot.test.context.SpringBootTestContextBootstrapper -- Found @SpringBootConfiguration com.build4all.Build4AllApplication for test class com.build4all.Build4AllApplicationTests
17:53:00.102 [main] INFO org.springframework.boot.devtools.restart.RestartApplicationListener -- Restart disabled due to context in which it is running

  .   ____          _            __ _ _
 /\\ / ___'_ __ _ _(_)_ __  __ _ \ \ \ \
( ( )\___ | '_ | '_| | '_ \/ _` | \ \ \ \
 \\/  ___)| |_)| | | | | || (_| |  ) ) ) )
  '  |____| .__|_| |_|_| |_\__, | / / / /
 =========|_|==============|___/=/_/_/_/

 :: Spring Boot ::                (v3.5.6)

2025-10-09T17:53:00.592+03:00  INFO 3688 --- [Build4All] [           main] c.build4all.Build4AllApplicationTests    : Starting Build4AllApplicationTests using Java 21.0.7 with PID 3688 (started by HP in E:\Eclipse\Build4All)
2025-10-09T17:53:00.595+03:00  INFO 3688 --- [Build4All] [           main] c.build4all.Build4AllApplicationTests    : No active profile set, falling back to 1 default profile: "default"
2025-10-09T17:53:02.862+03:00  INFO 3688 --- [Build4All] [           main] .s.d.r.c.RepositoryConfigurationDelegate : Bootstrapping Spring Data JPA repositories in DEFAULT mode.
2025-10-09T17:53:03.323+03:00  INFO 3688 --- [Build4All] [           main] .s.d.r.c.RepositoryConfigurationDelegate : Finished Spring Data repository scanning in 428 ms. Found 40 JPA repository interfaces.
2025-10-09T17:53:04.346+03:00  INFO 3688 --- [Build4All] [           main] o.hibernate.jpa.internal.util.LogHelper  : HHH000204: Processing PersistenceUnitInfo [name: default]
2025-10-09T17:53:04.452+03:00  INFO 3688 --- [Build4All] [           main] org.hibernate.Version                    : HHH000412: Hibernate ORM core version 6.6.29.Final
2025-10-09T17:53:04.514+03:00  INFO 3688 --- [Build4All] [           main] o.h.c.internal.RegionFactoryInitiator    : HHH000026: Second-level cache disabled
2025-10-09T17:53:04.951+03:00  INFO 3688 --- [Build4All] [           main] o.s.o.j.p.SpringPersistenceUnitInfo      : No LoadTimeWeaver setup: ignoring JPA class transformer
2025-10-09T17:53:04.996+03:00  INFO 3688 --- [Build4All] [           main] com.zaxxer.hikari.HikariDataSource       : HikariPool-1 - Starting...
2025-10-09T17:53:05.167+03:00  INFO 3688 --- [Build4All] [           main] com.zaxxer.hikari.pool.HikariPool        : HikariPool-1 - Added connection org.postgresql.jdbc.PgConnection@68f79b7c
2025-10-09T17:53:05.169+03:00  INFO 3688 --- [Build4All] [           main] com.zaxxer.hikari.HikariDataSource       : HikariPool-1 - Start completed.
2025-10-09T17:53:05.227+03:00  WARN 3688 --- [Build4All] [           main] org.hibernate.orm.deprecation            : HHH90000025: PostgreSQLDialect does not need to be specified explicitly using 'hibernate.dialect' (remove the property setting and it will be selected by default)
2025-10-09T17:53:05.259+03:00  INFO 3688 --- [Build4All] [           main] org.hibernate.orm.connections.pooling    : HHH10001005: Database info:
	Database JDBC URL [Connecting through datasource 'HikariDataSource (HikariPool-1)']
	Database driver: undefined/unknown
	Database version: 14.1
	Autocommit mode: undefined/unknown
	Isolation level: undefined/unknown
	Minimum pool size: undefined/unknown
	Maximum pool size: undefined/unknown
2025-10-09T17:53:08.635+03:00  INFO 3688 --- [Build4All] [           main] o.h.e.t.j.p.i.JtaPlatformInitiator       : HHH000489: No JTA platform available (set 'hibernate.transaction.jta.platform' to enable JTA platform integration)
2025-10-09T17:53:12.800+03:00  INFO 3688 --- [Build4All] [           main] j.LocalContainerEntityManagerFactoryBean : Initialized JPA EntityManagerFactory for persistence unit 'default'
2025-10-09T17:53:13.400+03:00  INFO 3688 --- [Build4All] [           main] o.s.d.j.r.query.QueryEnhancerFactory     : Hibernate is in classpath; If applicable, HQL parser will be used.
2025-10-09T17:53:17.454+03:00 DEBUG 3688 --- [Build4All] [           main] org.hibernate.SQL                        : 
    select
        c1_0.currency_id,
        c1_0.code,
        c1_0.created_at,
        c1_0.currency_type,
        c1_0.symbol,
        c1_0.updated_at 
    from
        currency c1_0 
    where
        c1_0.currency_type=?
Hibernate: 
    select
        c1_0.currency_id,
        c1_0.code,
        c1_0.created_at,
        c1_0.currency_type,
        c1_0.symbol,
        c1_0.updated_at 
    from
        currency c1_0 
    where
        c1_0.currency_type=?
2025-10-09T17:53:17.489+03:00 DEBUG 3688 --- [Build4All] [           main] org.hibernate.SQL                        : 
    select
        c1_0.currency_id,
        c1_0.code,
        c1_0.created_at,
        c1_0.currency_type,
        c1_0.symbol,
        c1_0.updated_at 
    from
        currency c1_0 
    where
        c1_0.currency_type=?
Hibernate: 
    select
        c1_0.currency_id,
        c1_0.code,
        c1_0.created_at,
        c1_0.currency_type,
        c1_0.symbol,
        c1_0.updated_at 
    from
        currency c1_0 
    where
        c1_0.currency_type=?
2025-10-09T17:53:17.492+03:00 DEBUG 3688 --- [Build4All] [           main] org.hibernate.SQL                        : 
    select
        c1_0.currency_id,
        c1_0.code,
        c1_0.created_at,
        c1_0.currency_type,
        c1_0.symbol,
        c1_0.updated_at 
    from
        currency c1_0 
    where
        c1_0.currency_type=?
Hibernate: 
    select
        c1_0.currency_id,
        c1_0.code,
        c1_0.created_at,
        c1_0.currency_type,
        c1_0.symbol,
        c1_0.updated_at 
    from
        currency c1_0 
    where
        c1_0.currency_type=?
2025-10-09T17:53:17.651+03:00 DEBUG 3688 --- [Build4All] [           main] org.hibernate.SQL                        : 
    select
        r1_0.id,
        r1_0.created_at,
        r1_0.role_name,
        r1_0.updated_at 
    from
        role r1_0 
    where
        r1_0.role_name=?
Hibernate: 
    select
        r1_0.id,
        r1_0.created_at,
        r1_0.role_name,
        r1_0.updated_at 
    from
        role r1_0 
    where
        r1_0.role_name=?
2025-10-09T17:53:17.654+03:00 DEBUG 3688 --- [Build4All] [           main] org.hibernate.SQL                        : 
    select
        r1_0.id,
        r1_0.created_at,
        r1_0.role_name,
        r1_0.updated_at 
    from
        role r1_0 
    where
        r1_0.role_name=?
Hibernate: 
    select
        r1_0.id,
        r1_0.created_at,
        r1_0.role_name,
        r1_0.updated_at 
    from
        role r1_0 
    where
        r1_0.role_name=?
2025-10-09T17:53:20.841+03:00  INFO 3688 --- [Build4All] [           main] o.s.m.s.b.SimpleBrokerMessageHandler     : Starting...
2025-10-09T17:53:20.843+03:00  INFO 3688 --- [Build4All] [           main] o.s.m.s.b.SimpleBrokerMessageHandler     : BrokerAvailabilityEvent[available=true, SimpleBrokerMessageHandler [org.springframework.messaging.simp.broker.DefaultSubscriptionRegistry@48a7]]
2025-10-09T17:53:20.844+03:00  INFO 3688 --- [Build4All] [           main] o.s.m.s.b.SimpleBrokerMessageHandler     : Started.
2025-10-09T17:53:20.913+03:00  INFO 3688 --- [Build4All] [           main] c.build4all.Build4AllApplicationTests    : Started Build4AllApplicationTests in 20.833 seconds (process running for 23.027)
2025-10-09T17:53:20.919+03:00 DEBUG 3688 --- [Build4All] [           main] org.hibernate.SQL                        : 
    select
        r1_0.id,
        r1_0.created_at,
        r1_0.role_name,
        r1_0.updated_at 
    from
        role r1_0 
    where
        r1_0.role_name=?
Hibernate: 
    select
        r1_0.id,
        r1_0.created_at,
        r1_0.role_name,
        r1_0.updated_at 
    from
        role r1_0 
    where
        r1_0.role_name=?
2025-10-09T17:53:20.922+03:00 DEBUG 3688 --- [Build4All] [           main] org.hibernate.SQL                        : 
    select
        r1_0.id,
        r1_0.created_at,
        r1_0.role_name,
        r1_0.updated_at 
    from
        role r1_0 
    where
        r1_0.role_name=?
Hibernate: 
    select
        r1_0.id,
        r1_0.created_at,
        r1_0.role_name,
        r1_0.updated_at 
    from
        role r1_0 
    where
        r1_0.role_name=?
✅ ItemType seeder running...
2025-10-09T17:53:20.929+03:00 DEBUG 3688 --- [Build4All] [           main] org.hibernate.SQL                        : 
    select
        p1_0.id,
        p1_0.is_active,
        p1_0.created_at,
        p1_0.description,
        p1_0.project_name,
        p1_0.updated_at 
    from
        projects p1_0 
    where
        upper(p1_0.project_name)=upper(?)
Hibernate: 
    select
        p1_0.id,
        p1_0.is_active,
        p1_0.created_at,
        p1_0.description,
        p1_0.project_name,
        p1_0.updated_at 
    from
        projects p1_0 
    where
        upper(p1_0.project_name)=upper(?)
2025-10-09T17:53:20.947+03:00 DEBUG 3688 --- [Build4All] [           main] org.hibernate.SQL                        : 
    select
        c1_0.category_id,
        c1_0.created_at,
        c1_0.icon_library,
        c1_0.icon_name,
        c1_0.name,
        c1_0.project_id,
        c1_0.updated_at 
    from
        categories c1_0 
    join
        projects p1_0 
            on p1_0.id=c1_0.project_id 
    where
        upper(c1_0.name)=upper(?) 
        and p1_0.id=?
Hibernate: 
    select
        c1_0.category_id,
        c1_0.created_at,
        c1_0.icon_library,
        c1_0.icon_name,
        c1_0.name,
        c1_0.project_id,
        c1_0.updated_at 
    from
        categories c1_0 
    join
        projects p1_0 
            on p1_0.id=c1_0.project_id 
    where
        upper(c1_0.name)=upper(?) 
        and p1_0.id=?
2025-10-09T17:53:20.955+03:00 DEBUG 3688 --- [Build4All] [           main] org.hibernate.SQL                        : 
    select
        p1_0.id,
        p1_0.is_active,
        p1_0.created_at,
        p1_0.description,
        p1_0.project_name,
        p1_0.updated_at 
    from
        projects p1_0 
    where
        p1_0.id=?
Hibernate: 
    select
        p1_0.id,
        p1_0.is_active,
        p1_0.created_at,
        p1_0.description,
        p1_0.project_name,
        p1_0.updated_at 
    from
        projects p1_0 
    where
        p1_0.id=?
2025-10-09T17:53:20.959+03:00 DEBUG 3688 --- [Build4All] [           main] org.hibernate.SQL                        : 
    select
        it1_0.id,
        it1_0.category_id,
        it1_0.icon_name,
        it1_0.icon_library,
        it1_0.item_type_name 
    from
        item_types it1_0 
    where
        it1_0.item_type_name=?
Hibernate: 
    select
        it1_0.id,
        it1_0.category_id,
        it1_0.icon_name,
        it1_0.icon_library,
        it1_0.item_type_name 
    from
        item_types it1_0 
    where
        it1_0.item_type_name=?
2025-10-09T17:53:20.961+03:00 DEBUG 3688 --- [Build4All] [           main] org.hibernate.SQL                        : 
    select
        c1_0.category_id,
        c1_0.created_at,
        c1_0.icon_library,
        c1_0.icon_name,
        c1_0.name,
        c1_0.project_id,
        p1_0.id,
        p1_0.is_active,
        p1_0.created_at,
        p1_0.description,
        p1_0.project_name,
        p1_0.updated_at,
        c1_0.updated_at 
    from
        categories c1_0 
    join
        projects p1_0 
            on p1_0.id=c1_0.project_id 
    where
        c1_0.category_id=?
Hibernate: 
    select
        c1_0.category_id,
        c1_0.created_at,
        c1_0.icon_library,
        c1_0.icon_name,
        c1_0.name,
        c1_0.project_id,
        p1_0.id,
        p1_0.is_active,
        p1_0.created_at,
        p1_0.description,
        p1_0.project_name,
        p1_0.updated_at,
        c1_0.updated_at 
    from
        categories c1_0 
    join
        projects p1_0 
            on p1_0.id=c1_0.project_id 
    where
        c1_0.category_id=?
2025-10-09T17:53:20.965+03:00 DEBUG 3688 --- [Build4All] [           main] org.hibernate.SQL                        : 
    select
        c1_0.category_id,
        c1_0.created_at,
        c1_0.icon_library,
        c1_0.icon_name,
        c1_0.name,
        c1_0.project_id,
        c1_0.updated_at 
    from
        categories c1_0 
    join
        projects p1_0 
            on p1_0.id=c1_0.project_id 
    where
        upper(c1_0.name)=upper(?) 
        and p1_0.id=?
Hibernate: 
    select
        c1_0.category_id,
        c1_0.created_at,
        c1_0.icon_library,
        c1_0.icon_name,
        c1_0.name,
        c1_0.project_id,
        c1_0.updated_at 
    from
        categories c1_0 
    join
        projects p1_0 
            on p1_0.id=c1_0.project_id 
    where
        upper(c1_0.name)=upper(?) 
        and p1_0.id=?
2025-10-09T17:53:20.966+03:00 DEBUG 3688 --- [Build4All] [           main] org.hibernate.SQL                        : 
    select
        p1_0.id,
        p1_0.is_active,
        p1_0.created_at,
        p1_0.description,
        p1_0.project_name,
        p1_0.updated_at 
    from
        projects p1_0 
    where
        p1_0.id=?
Hibernate: 
    select
        p1_0.id,
        p1_0.is_active,
        p1_0.created_at,
        p1_0.description,
        p1_0.project_name,
        p1_0.updated_at 
    from
        projects p1_0 
    where
        p1_0.id=?
2025-10-09T17:53:20.970+03:00 DEBUG 3688 --- [Build4All] [           main] org.hibernate.SQL                        : 
    select
        it1_0.id,
        it1_0.category_id,
        it1_0.icon_name,
        it1_0.icon_library,
        it1_0.item_type_name 
    from
        item_types it1_0 
    where
        it1_0.item_type_name=?
Hibernate: 
    select
        it1_0.id,
        it1_0.category_id,
        it1_0.icon_name,
        it1_0.icon_library,
        it1_0.item_type_name 
    from
        item_types it1_0 
    where
        it1_0.item_type_name=?
2025-10-09T17:53:20.971+03:00 DEBUG 3688 --- [Build4All] [           main] org.hibernate.SQL                        : 
    select
        c1_0.category_id,
        c1_0.created_at,
        c1_0.icon_library,
        c1_0.icon_name,
        c1_0.name,
        c1_0.project_id,
        p1_0.id,
        p1_0.is_active,
        p1_0.created_at,
        p1_0.description,
        p1_0.project_name,
        p1_0.updated_at,
        c1_0.updated_at 
    from
        categories c1_0 
    join
        projects p1_0 
            on p1_0.id=c1_0.project_id 
    where
        c1_0.category_id=?
Hibernate: 
    select
        c1_0.category_id,
        c1_0.created_at,
        c1_0.icon_library,
        c1_0.icon_name,
        c1_0.name,
        c1_0.project_id,
        p1_0.id,
        p1_0.is_active,
        p1_0.created_at,
        p1_0.description,
        p1_0.project_name,
        p1_0.updated_at,
        c1_0.updated_at 
    from
        categories c1_0 
    join
        projects p1_0 
            on p1_0.id=c1_0.project_id 
    where
        c1_0.category_id=?
2025-10-09T17:53:20.975+03:00 DEBUG 3688 --- [Build4All] [           main] org.hibernate.SQL                        : 
    select
        c1_0.category_id,
        c1_0.created_at,
        c1_0.icon_library,
        c1_0.icon_name,
        c1_0.name,
        c1_0.project_id,
        c1_0.updated_at 
    from
        categories c1_0 
    join
        projects p1_0 
            on p1_0.id=c1_0.project_id 
    where
        upper(c1_0.name)=upper(?) 
        and p1_0.id=?
Hibernate: 
    select
        c1_0.category_id,
        c1_0.created_at,
        c1_0.icon_library,
        c1_0.icon_name,
        c1_0.name,
        c1_0.project_id,
        c1_0.updated_at 
    from
        categories c1_0 
    join
        projects p1_0 
            on p1_0.id=c1_0.project_id 
    where
        upper(c1_0.name)=upper(?) 
        and p1_0.id=?
2025-10-09T17:53:20.977+03:00 DEBUG 3688 --- [Build4All] [           main] org.hibernate.SQL                        : 
    select
        p1_0.id,
        p1_0.is_active,
        p1_0.created_at,
        p1_0.description,
        p1_0.project_name,
        p1_0.updated_at 
    from
        projects p1_0 
    where
        p1_0.id=?
Hibernate: 
    select
        p1_0.id,
        p1_0.is_active,
        p1_0.created_at,
        p1_0.description,
        p1_0.project_name,
        p1_0.updated_at 
    from
        projects p1_0 
    where
        p1_0.id=?
2025-10-09T17:53:20.979+03:00 DEBUG 3688 --- [Build4All] [           main] org.hibernate.SQL                        : 
    select
        it1_0.id,
        it1_0.category_id,
        it1_0.icon_name,
        it1_0.icon_library,
        it1_0.item_type_name 
    from
        item_types it1_0 
    where
        it1_0.item_type_name=?
Hibernate: 
    select
        it1_0.id,
        it1_0.category_id,
        it1_0.icon_name,
        it1_0.icon_library,
        it1_0.item_type_name 
    from
        item_types it1_0 
    where
        it1_0.item_type_name=?
2025-10-09T17:53:20.981+03:00 DEBUG 3688 --- [Build4All] [           main] org.hibernate.SQL                        : 
    select
        c1_0.category_id,
        c1_0.created_at,
        c1_0.icon_library,
        c1_0.icon_name,
        c1_0.name,
        c1_0.project_id,
        p1_0.id,
        p1_0.is_active,
        p1_0.created_at,
        p1_0.description,
        p1_0.project_name,
        p1_0.updated_at,
        c1_0.updated_at 
    from
        categories c1_0 
    join
        projects p1_0 
            on p1_0.id=c1_0.project_id 
    where
        c1_0.category_id=?
Hibernate: 
    select
        c1_0.category_id,
        c1_0.created_at,
        c1_0.icon_library,
        c1_0.icon_name,
        c1_0.name,
        c1_0.project_id,
        p1_0.id,
        p1_0.is_active,
        p1_0.created_at,
        p1_0.description,
        p1_0.project_name,
        p1_0.updated_at,
        c1_0.updated_at 
    from
        categories c1_0 
    join
        projects p1_0 
            on p1_0.id=c1_0.project_id 
    where
        c1_0.category_id=?
2025-10-09T17:53:20.985+03:00 DEBUG 3688 --- [Build4All] [           main] org.hibernate.SQL                        : 
    select
        c1_0.category_id,
        c1_0.created_at,
        c1_0.icon_library,
        c1_0.icon_name,
        c1_0.name,
        c1_0.project_id,
        c1_0.updated_at 
    from
        categories c1_0 
    join
        projects p1_0 
            on p1_0.id=c1_0.project_id 
    where
        upper(c1_0.name)=upper(?) 
        and p1_0.id=?
Hibernate: 
    select
        c1_0.category_id,
        c1_0.created_at,
        c1_0.icon_library,
        c1_0.icon_name,
        c1_0.name,
        c1_0.project_id,
        c1_0.updated_at 
    from
        categories c1_0 
    join
        projects p1_0 
            on p1_0.id=c1_0.project_id 
    where
        upper(c1_0.name)=upper(?) 
        and p1_0.id=?
2025-10-09T17:53:20.986+03:00 DEBUG 3688 --- [Build4All] [           main] org.hibernate.SQL                        : 
    select
        p1_0.id,
        p1_0.is_active,
        p1_0.created_at,
        p1_0.description,
        p1_0.project_name,
        p1_0.updated_at 
    from
        projects p1_0 
    where
        p1_0.id=?
Hibernate: 
    select
        p1_0.id,
        p1_0.is_active,
        p1_0.created_at,
        p1_0.description,
        p1_0.project_name,
        p1_0.updated_at 
    from
        projects p1_0 
    where
        p1_0.id=?
2025-10-09T17:53:20.989+03:00 DEBUG 3688 --- [Build4All] [           main] org.hibernate.SQL                        : 
    select
        it1_0.id,
        it1_0.category_id,
        it1_0.icon_name,
        it1_0.icon_library,
        it1_0.item_type_name 
    from
        item_types it1_0 
    where
        it1_0.item_type_name=?
Hibernate: 
    select
        it1_0.id,
        it1_0.category_id,
        it1_0.icon_name,
        it1_0.icon_library,
        it1_0.item_type_name 
    from
        item_types it1_0 
    where
        it1_0.item_type_name=?
2025-10-09T17:53:20.991+03:00 DEBUG 3688 --- [Build4All] [           main] org.hibernate.SQL                        : 
    select
        c1_0.category_id,
        c1_0.created_at,
        c1_0.icon_library,
        c1_0.icon_name,
        c1_0.name,
        c1_0.project_id,
        p1_0.id,
        p1_0.is_active,
        p1_0.created_at,
        p1_0.description,
        p1_0.project_name,
        p1_0.updated_at,
        c1_0.updated_at 
    from
        categories c1_0 
    join
        projects p1_0 
            on p1_0.id=c1_0.project_id 
    where
        c1_0.category_id=?
Hibernate: 
    select
        c1_0.category_id,
        c1_0.created_at,
        c1_0.icon_library,
        c1_0.icon_name,
        c1_0.name,
        c1_0.project_id,
        p1_0.id,
        p1_0.is_active,
        p1_0.created_at,
        p1_0.description,
        p1_0.project_name,
        p1_0.updated_at,
        c1_0.updated_at 
    from
        categories c1_0 
    join
        projects p1_0 
            on p1_0.id=c1_0.project_id 
    where
        c1_0.category_id=?
2025-10-09T17:53:20.994+03:00 DEBUG 3688 --- [Build4All] [           main] org.hibernate.SQL                        : 
    select
        c1_0.category_id,
        c1_0.created_at,
        c1_0.icon_library,
        c1_0.icon_name,
        c1_0.name,
        c1_0.project_id,
        c1_0.updated_at 
    from
        categories c1_0 
    join
        projects p1_0 
            on p1_0.id=c1_0.project_id 
    where
        upper(c1_0.name)=upper(?) 
        and p1_0.id=?
Hibernate: 
    select
        c1_0.category_id,
        c1_0.created_at,
        c1_0.icon_library,
        c1_0.icon_name,
        c1_0.name,
        c1_0.project_id,
        c1_0.updated_at 
    from
        categories c1_0 
    join
        projects p1_0 
            on p1_0.id=c1_0.project_id 
    where
        upper(c1_0.name)=upper(?) 
        and p1_0.id=?
2025-10-09T17:53:20.996+03:00 DEBUG 3688 --- [Build4All] [           main] org.hibernate.SQL                        : 
    select
        p1_0.id,
        p1_0.is_active,
        p1_0.created_at,
        p1_0.description,
        p1_0.project_name,
        p1_0.updated_at 
    from
        projects p1_0 
    where
        p1_0.id=?
Hibernate: 
    select
        p1_0.id,
        p1_0.is_active,
        p1_0.created_at,
        p1_0.description,
        p1_0.project_name,
        p1_0.updated_at 
    from
        projects p1_0 
    where
        p1_0.id=?
2025-10-09T17:53:20.998+03:00 DEBUG 3688 --- [Build4All] [           main] org.hibernate.SQL                        : 
    select
        it1_0.id,
        it1_0.category_id,
        it1_0.icon_name,
        it1_0.icon_library,
        it1_0.item_type_name 
    from
        item_types it1_0 
    where
        it1_0.item_type_name=?
Hibernate: 
    select
        it1_0.id,
        it1_0.category_id,
        it1_0.icon_name,
        it1_0.icon_library,
        it1_0.item_type_name 
    from
        item_types it1_0 
    where
        it1_0.item_type_name=?
2025-10-09T17:53:20.999+03:00 DEBUG 3688 --- [Build4All] [           main] org.hibernate.SQL                        : 
    select
        c1_0.category_id,
        c1_0.created_at,
        c1_0.icon_library,
        c1_0.icon_name,
        c1_0.name,
        c1_0.project_id,
        p1_0.id,
        p1_0.is_active,
        p1_0.created_at,
        p1_0.description,
        p1_0.project_name,
        p1_0.updated_at,
        c1_0.updated_at 
    from
        categories c1_0 
    join
        projects p1_0 
            on p1_0.id=c1_0.project_id 
    where
        c1_0.category_id=?
Hibernate: 
    select
        c1_0.category_id,
        c1_0.created_at,
        c1_0.icon_library,
        c1_0.icon_name,
        c1_0.name,
        c1_0.project_id,
        p1_0.id,
        p1_0.is_active,
        p1_0.created_at,
        p1_0.description,
        p1_0.project_name,
        p1_0.updated_at,
        c1_0.updated_at 
    from
        categories c1_0 
    join
        projects p1_0 
            on p1_0.id=c1_0.project_id 
    where
        c1_0.category_id=?
2025-10-09T17:53:21.003+03:00 DEBUG 3688 --- [Build4All] [           main] org.hibernate.SQL                        : 
    select
        c1_0.category_id,
        c1_0.created_at,
        c1_0.icon_library,
        c1_0.icon_name,
        c1_0.name,
        c1_0.project_id,
        c1_0.updated_at 
    from
        categories c1_0 
    join
        projects p1_0 
            on p1_0.id=c1_0.project_id 
    where
        upper(c1_0.name)=upper(?) 
        and p1_0.id=?
Hibernate: 
    select
        c1_0.category_id,
        c1_0.created_at,
        c1_0.icon_library,
        c1_0.icon_name,
        c1_0.name,
        c1_0.project_id,
        c1_0.updated_at 
    from
        categories c1_0 
    join
        projects p1_0 
            on p1_0.id=c1_0.project_id 
    where
        upper(c1_0.name)=upper(?) 
        and p1_0.id=?
2025-10-09T17:53:21.004+03:00 DEBUG 3688 --- [Build4All] [           main] org.hibernate.SQL                        : 
    select
        p1_0.id,
        p1_0.is_active,
        p1_0.created_at,
        p1_0.description,
        p1_0.project_name,
        p1_0.updated_at 
    from
        projects p1_0 
    where
        p1_0.id=?
Hibernate: 
    select
        p1_0.id,
        p1_0.is_active,
        p1_0.created_at,
        p1_0.description,
        p1_0.project_name,
        p1_0.updated_at 
    from
        projects p1_0 
    where
        p1_0.id=?
2025-10-09T17:53:21.008+03:00 DEBUG 3688 --- [Build4All] [           main] org.hibernate.SQL                        : 
    select
        it1_0.id,
        it1_0.category_id,
        it1_0.icon_name,
        it1_0.icon_library,
        it1_0.item_type_name 
    from
        item_types it1_0 
    where
        it1_0.item_type_name=?
Hibernate: 
    select
        it1_0.id,
        it1_0.category_id,
        it1_0.icon_name,
        it1_0.icon_library,
        it1_0.item_type_name 
    from
        item_types it1_0 
    where
        it1_0.item_type_name=?
2025-10-09T17:53:21.009+03:00 DEBUG 3688 --- [Build4All] [           main] org.hibernate.SQL                        : 
    select
        c1_0.category_id,
        c1_0.created_at,
        c1_0.icon_library,
        c1_0.icon_name,
        c1_0.name,
        c1_0.project_id,
        p1_0.id,
        p1_0.is_active,
        p1_0.created_at,
        p1_0.description,
        p1_0.project_name,
        p1_0.updated_at,
        c1_0.updated_at 
    from
        categories c1_0 
    join
        projects p1_0 
            on p1_0.id=c1_0.project_id 
    where
        c1_0.category_id=?
Hibernate: 
    select
        c1_0.category_id,
        c1_0.created_at,
        c1_0.icon_library,
        c1_0.icon_name,
        c1_0.name,
        c1_0.project_id,
        p1_0.id,
        p1_0.is_active,
        p1_0.created_at,
        p1_0.description,
        p1_0.project_name,
        p1_0.updated_at,
        c1_0.updated_at 
    from
        categories c1_0 
    join
        projects p1_0 
            on p1_0.id=c1_0.project_id 
    where
        c1_0.category_id=?
2025-10-09T17:53:21.012+03:00 DEBUG 3688 --- [Build4All] [           main] org.hibernate.SQL                        : 
    select
        c1_0.category_id,
        c1_0.created_at,
        c1_0.icon_library,
        c1_0.icon_name,
        c1_0.name,
        c1_0.project_id,
        c1_0.updated_at 
    from
        categories c1_0 
    join
        projects p1_0 
            on p1_0.id=c1_0.project_id 
    where
        upper(c1_0.name)=upper(?) 
        and p1_0.id=?
Hibernate: 
    select
        c1_0.category_id,
        c1_0.created_at,
        c1_0.icon_library,
        c1_0.icon_name,
        c1_0.name,
        c1_0.project_id,
        c1_0.updated_at 
    from
        categories c1_0 
    join
        projects p1_0 
            on p1_0.id=c1_0.project_id 
    where
        upper(c1_0.name)=upper(?) 
        and p1_0.id=?
2025-10-09T17:53:21.013+03:00 DEBUG 3688 --- [Build4All] [           main] org.hibernate.SQL                        : 
    select
        p1_0.id,
        p1_0.is_active,
        p1_0.created_at,
        p1_0.description,
        p1_0.project_name,
        p1_0.updated_at 
    from
        projects p1_0 
    where
        p1_0.id=?
Hibernate: 
    select
        p1_0.id,
        p1_0.is_active,
        p1_0.created_at,
        p1_0.description,
        p1_0.project_name,
        p1_0.updated_at 
    from
        projects p1_0 
    where
        p1_0.id=?
2025-10-09T17:53:21.015+03:00 DEBUG 3688 --- [Build4All] [           main] org.hibernate.SQL                        : 
    select
        it1_0.id,
        it1_0.category_id,
        it1_0.icon_name,
        it1_0.icon_library,
        it1_0.item_type_name 
    from
        item_types it1_0 
    where
        it1_0.item_type_name=?
Hibernate: 
    select
        it1_0.id,
        it1_0.category_id,
        it1_0.icon_name,
        it1_0.icon_library,
        it1_0.item_type_name 
    from
        item_types it1_0 
    where
        it1_0.item_type_name=?
2025-10-09T17:53:21.015+03:00 DEBUG 3688 --- [Build4All] [           main] org.hibernate.SQL                        : 
    select
        c1_0.category_id,
        c1_0.created_at,
        c1_0.icon_library,
        c1_0.icon_name,
        c1_0.name,
        c1_0.project_id,
        p1_0.id,
        p1_0.is_active,
        p1_0.created_at,
        p1_0.description,
        p1_0.project_name,
        p1_0.updated_at,
        c1_0.updated_at 
    from
        categories c1_0 
    join
        projects p1_0 
            on p1_0.id=c1_0.project_id 
    where
        c1_0.category_id=?
Hibernate: 
    select
        c1_0.category_id,
        c1_0.created_at,
        c1_0.icon_library,
        c1_0.icon_name,
        c1_0.name,
        c1_0.project_id,
        p1_0.id,
        p1_0.is_active,
        p1_0.created_at,
        p1_0.description,
        p1_0.project_name,
        p1_0.updated_at,
        c1_0.updated_at 
    from
        categories c1_0 
    join
        projects p1_0 
            on p1_0.id=c1_0.project_id 
    where
        c1_0.category_id=?
2025-10-09T17:53:21.018+03:00 DEBUG 3688 --- [Build4All] [           main] org.hibernate.SQL                        : 
    select
        c1_0.category_id,
        c1_0.created_at,
        c1_0.icon_library,
        c1_0.icon_name,
        c1_0.name,
        c1_0.project_id,
        c1_0.updated_at 
    from
        categories c1_0 
    join
        projects p1_0 
            on p1_0.id=c1_0.project_id 
    where
        upper(c1_0.name)=upper(?) 
        and p1_0.id=?
Hibernate: 
    select
        c1_0.category_id,
        c1_0.created_at,
        c1_0.icon_library,
        c1_0.icon_name,
        c1_0.name,
        c1_0.project_id,
        c1_0.updated_at 
    from
        categories c1_0 
    join
        projects p1_0 
            on p1_0.id=c1_0.project_id 
    where
        upper(c1_0.name)=upper(?) 
        and p1_0.id=?
2025-10-09T17:53:21.018+03:00 DEBUG 3688 --- [Build4All] [           main] org.hibernate.SQL                        : 
    select
        p1_0.id,
        p1_0.is_active,
        p1_0.created_at,
        p1_0.description,
        p1_0.project_name,
        p1_0.updated_at 
    from
        projects p1_0 
    where
        p1_0.id=?
Hibernate: 
    select
        p1_0.id,
        p1_0.is_active,
        p1_0.created_at,
        p1_0.description,
        p1_0.project_name,
        p1_0.updated_at 
    from
        projects p1_0 
    where
        p1_0.id=?
2025-10-09T17:53:21.020+03:00 DEBUG 3688 --- [Build4All] [           main] org.hibernate.SQL                        : 
    select
        it1_0.id,
        it1_0.category_id,
        it1_0.icon_name,
        it1_0.icon_library,
        it1_0.item_type_name 
    from
        item_types it1_0 
    where
        it1_0.item_type_name=?
Hibernate: 
    select
        it1_0.id,
        it1_0.category_id,
        it1_0.icon_name,
        it1_0.icon_library,
        it1_0.item_type_name 
    from
        item_types it1_0 
    where
        it1_0.item_type_name=?
2025-10-09T17:53:21.021+03:00 DEBUG 3688 --- [Build4All] [           main] org.hibernate.SQL                        : 
    select
        c1_0.category_id,
        c1_0.created_at,
        c1_0.icon_library,
        c1_0.icon_name,
        c1_0.name,
        c1_0.project_id,
        p1_0.id,
        p1_0.is_active,
        p1_0.created_at,
        p1_0.description,
        p1_0.project_name,
        p1_0.updated_at,
        c1_0.updated_at 
    from
        categories c1_0 
    join
        projects p1_0 
            on p1_0.id=c1_0.project_id 
    where
        c1_0.category_id=?
Hibernate: 
    select
        c1_0.category_id,
        c1_0.created_at,
        c1_0.icon_library,
        c1_0.icon_name,
        c1_0.name,
        c1_0.project_id,
        p1_0.id,
        p1_0.is_active,
        p1_0.created_at,
        p1_0.description,
        p1_0.project_name,
        p1_0.updated_at,
        c1_0.updated_at 
    from
        categories c1_0 
    join
        projects p1_0 
            on p1_0.id=c1_0.project_id 
    where
        c1_0.category_id=?
2025-10-09T17:53:21.024+03:00 DEBUG 3688 --- [Build4All] [           main] org.hibernate.SQL                        : 
    select
        c1_0.category_id,
        c1_0.created_at,
        c1_0.icon_library,
        c1_0.icon_name,
        c1_0.name,
        c1_0.project_id,
        c1_0.updated_at 
    from
        categories c1_0 
    join
        projects p1_0 
            on p1_0.id=c1_0.project_id 
    where
        upper(c1_0.name)=upper(?) 
        and p1_0.id=?
Hibernate: 
    select
        c1_0.category_id,
        c1_0.created_at,
        c1_0.icon_library,
        c1_0.icon_name,
        c1_0.name,
        c1_0.project_id,
        c1_0.updated_at 
    from
        categories c1_0 
    join
        projects p1_0 
            on p1_0.id=c1_0.project_id 
    where
        upper(c1_0.name)=upper(?) 
        and p1_0.id=?
2025-10-09T17:53:21.025+03:00 DEBUG 3688 --- [Build4All] [           main] org.hibernate.SQL                        : 
    select
        p1_0.id,
        p1_0.is_active,
        p1_0.created_at,
        p1_0.description,
        p1_0.project_name,
        p1_0.updated_at 
    from
        projects p1_0 
    where
        p1_0.id=?
Hibernate: 
    select
        p1_0.id,
        p1_0.is_active,
        p1_0.created_at,
        p1_0.description,
        p1_0.project_name,
        p1_0.updated_at 
    from
        projects p1_0 
    where
        p1_0.id=?
2025-10-09T17:53:21.027+03:00 DEBUG 3688 --- [Build4All] [           main] org.hibernate.SQL                        : 
    select
        it1_0.id,
        it1_0.category_id,
        it1_0.icon_name,
        it1_0.icon_library,
        it1_0.item_type_name 
    from
        item_types it1_0 
    where
        it1_0.item_type_name=?
Hibernate: 
    select
        it1_0.id,
        it1_0.category_id,
        it1_0.icon_name,
        it1_0.icon_library,
        it1_0.item_type_name 
    from
        item_types it1_0 
    where
        it1_0.item_type_name=?
2025-10-09T17:53:21.028+03:00 DEBUG 3688 --- [Build4All] [           main] org.hibernate.SQL                        : 
    select
        c1_0.category_id,
        c1_0.created_at,
        c1_0.icon_library,
        c1_0.icon_name,
        c1_0.name,
        c1_0.project_id,
        p1_0.id,
        p1_0.is_active,
        p1_0.created_at,
        p1_0.description,
        p1_0.project_name,
        p1_0.updated_at,
        c1_0.updated_at 
    from
        categories c1_0 
    join
        projects p1_0 
            on p1_0.id=c1_0.project_id 
    where
        c1_0.category_id=?
Hibernate: 
    select
        c1_0.category_id,
        c1_0.created_at,
        c1_0.icon_library,
        c1_0.icon_name,
        c1_0.name,
        c1_0.project_id,
        p1_0.id,
        p1_0.is_active,
        p1_0.created_at,
        p1_0.description,
        p1_0.project_name,
        p1_0.updated_at,
        c1_0.updated_at 
    from
        categories c1_0 
    join
        projects p1_0 
            on p1_0.id=c1_0.project_id 
    where
        c1_0.category_id=?
2025-10-09T17:53:21.030+03:00 DEBUG 3688 --- [Build4All] [           main] org.hibernate.SQL                        : 
    select
        c1_0.category_id,
        c1_0.created_at,
        c1_0.icon_library,
        c1_0.icon_name,
        c1_0.name,
        c1_0.project_id,
        c1_0.updated_at 
    from
        categories c1_0 
    join
        projects p1_0 
            on p1_0.id=c1_0.project_id 
    where
        upper(c1_0.name)=upper(?) 
        and p1_0.id=?
Hibernate: 
    select
        c1_0.category_id,
        c1_0.created_at,
        c1_0.icon_library,
        c1_0.icon_name,
        c1_0.name,
        c1_0.project_id,
        c1_0.updated_at 
    from
        categories c1_0 
    join
        projects p1_0 
            on p1_0.id=c1_0.project_id 
    where
        upper(c1_0.name)=upper(?) 
        and p1_0.id=?
2025-10-09T17:53:21.031+03:00 DEBUG 3688 --- [Build4All] [           main] org.hibernate.SQL                        : 
    select
        p1_0.id,
        p1_0.is_active,
        p1_0.created_at,
        p1_0.description,
        p1_0.project_name,
        p1_0.updated_at 
    from
        projects p1_0 
    where
        p1_0.id=?
Hibernate: 
    select
        p1_0.id,
        p1_0.is_active,
        p1_0.created_at,
        p1_0.description,
        p1_0.project_name,
        p1_0.updated_at 
    from
        projects p1_0 
    where
        p1_0.id=?
2025-10-09T17:53:21.034+03:00 DEBUG 3688 --- [Build4All] [           main] org.hibernate.SQL                        : 
    select
        it1_0.id,
        it1_0.category_id,
        it1_0.icon_name,
        it1_0.icon_library,
        it1_0.item_type_name 
    from
        item_types it1_0 
    where
        it1_0.item_type_name=?
Hibernate: 
    select
        it1_0.id,
        it1_0.category_id,
        it1_0.icon_name,
        it1_0.icon_library,
        it1_0.item_type_name 
    from
        item_types it1_0 
    where
        it1_0.item_type_name=?
2025-10-09T17:53:21.035+03:00 DEBUG 3688 --- [Build4All] [           main] org.hibernate.SQL                        : 
    select
        c1_0.category_id,
        c1_0.created_at,
        c1_0.icon_library,
        c1_0.icon_name,
        c1_0.name,
        c1_0.project_id,
        p1_0.id,
        p1_0.is_active,
        p1_0.created_at,
        p1_0.description,
        p1_0.project_name,
        p1_0.updated_at,
        c1_0.updated_at 
    from
        categories c1_0 
    join
        projects p1_0 
            on p1_0.id=c1_0.project_id 
    where
        c1_0.category_id=?
Hibernate: 
    select
        c1_0.category_id,
        c1_0.created_at,
        c1_0.icon_library,
        c1_0.icon_name,
        c1_0.name,
        c1_0.project_id,
        p1_0.id,
        p1_0.is_active,
        p1_0.created_at,
        p1_0.description,
        p1_0.project_name,
        p1_0.updated_at,
        c1_0.updated_at 
    from
        categories c1_0 
    join
        projects p1_0 
            on p1_0.id=c1_0.project_id 
    where
        c1_0.category_id=?
2025-10-09T17:53:21.040+03:00 DEBUG 3688 --- [Build4All] [           main] org.hibernate.SQL                        : 
    select
        c1_0.category_id,
        c1_0.created_at,
        c1_0.icon_library,
        c1_0.icon_name,
        c1_0.name,
        c1_0.project_id,
        c1_0.updated_at 
    from
        categories c1_0 
    join
        projects p1_0 
            on p1_0.id=c1_0.project_id 
    where
        upper(c1_0.name)=upper(?) 
        and p1_0.id=?
Hibernate: 
    select
        c1_0.category_id,
        c1_0.created_at,
        c1_0.icon_library,
        c1_0.icon_name,
        c1_0.name,
        c1_0.project_id,
        c1_0.updated_at 
    from
        categories c1_0 
    join
        projects p1_0 
            on p1_0.id=c1_0.project_id 
    where
        upper(c1_0.name)=upper(?) 
        and p1_0.id=?
2025-10-09T17:53:21.042+03:00 DEBUG 3688 --- [Build4All] [           main] org.hibernate.SQL                        : 
    select
        p1_0.id,
        p1_0.is_active,
        p1_0.created_at,
        p1_0.description,
        p1_0.project_name,
        p1_0.updated_at 
    from
        projects p1_0 
    where
        p1_0.id=?
Hibernate: 
    select
        p1_0.id,
        p1_0.is_active,
        p1_0.created_at,
        p1_0.description,
        p1_0.project_name,
        p1_0.updated_at 
    from
        projects p1_0 
    where
        p1_0.id=?
2025-10-09T17:53:21.045+03:00 DEBUG 3688 --- [Build4All] [           main] org.hibernate.SQL                        : 
    select
        it1_0.id,
        it1_0.category_id,
        it1_0.icon_name,
        it1_0.icon_library,
        it1_0.item_type_name 
    from
        item_types it1_0 
    where
        it1_0.item_type_name=?
Hibernate: 
    select
        it1_0.id,
        it1_0.category_id,
        it1_0.icon_name,
        it1_0.icon_library,
        it1_0.item_type_name 
    from
        item_types it1_0 
    where
        it1_0.item_type_name=?
2025-10-09T17:53:21.045+03:00 DEBUG 3688 --- [Build4All] [           main] org.hibernate.SQL                        : 
    select
        c1_0.category_id,
        c1_0.created_at,
        c1_0.icon_library,
        c1_0.icon_name,
        c1_0.name,
        c1_0.project_id,
        p1_0.id,
        p1_0.is_active,
        p1_0.created_at,
        p1_0.description,
        p1_0.project_name,
        p1_0.updated_at,
        c1_0.updated_at 
    from
        categories c1_0 
    join
        projects p1_0 
            on p1_0.id=c1_0.project_id 
    where
        c1_0.category_id=?
Hibernate: 
    select
        c1_0.category_id,
        c1_0.created_at,
        c1_0.icon_library,
        c1_0.icon_name,
        c1_0.name,
        c1_0.project_id,
        p1_0.id,
        p1_0.is_active,
        p1_0.created_at,
        p1_0.description,
        p1_0.project_name,
        p1_0.updated_at,
        c1_0.updated_at 
    from
        categories c1_0 
    join
        projects p1_0 
            on p1_0.id=c1_0.project_id 
    where
        c1_0.category_id=?
2025-10-09T17:53:21.048+03:00 DEBUG 3688 --- [Build4All] [           main] org.hibernate.SQL                        : 
    select
        c1_0.category_id,
        c1_0.created_at,
        c1_0.icon_library,
        c1_0.icon_name,
        c1_0.name,
        c1_0.project_id,
        c1_0.updated_at 
    from
        categories c1_0 
    join
        projects p1_0 
            on p1_0.id=c1_0.project_id 
    where
        upper(c1_0.name)=upper(?) 
        and p1_0.id=?
Hibernate: 
    select
        c1_0.category_id,
        c1_0.created_at,
        c1_0.icon_library,
        c1_0.icon_name,
        c1_0.name,
        c1_0.project_id,
        c1_0.updated_at 
    from
        categories c1_0 
    join
        projects p1_0 
            on p1_0.id=c1_0.project_id 
    where
        upper(c1_0.name)=upper(?) 
        and p1_0.id=?
2025-10-09T17:53:21.049+03:00 DEBUG 3688 --- [Build4All] [           main] org.hibernate.SQL                        : 
    select
        p1_0.id,
        p1_0.is_active,
        p1_0.created_at,
        p1_0.description,
        p1_0.project_name,
        p1_0.updated_at 
    from
        projects p1_0 
    where
        p1_0.id=?
Hibernate: 
    select
        p1_0.id,
        p1_0.is_active,
        p1_0.created_at,
        p1_0.description,
        p1_0.project_name,
        p1_0.updated_at 
    from
        projects p1_0 
    where
        p1_0.id=?
2025-10-09T17:53:21.052+03:00 DEBUG 3688 --- [Build4All] [           main] org.hibernate.SQL                        : 
    select
        it1_0.id,
        it1_0.category_id,
        it1_0.icon_name,
        it1_0.icon_library,
        it1_0.item_type_name 
    from
        item_types it1_0 
    where
        it1_0.item_type_name=?
Hibernate: 
    select
        it1_0.id,
        it1_0.category_id,
        it1_0.icon_name,
        it1_0.icon_library,
        it1_0.item_type_name 
    from
        item_types it1_0 
    where
        it1_0.item_type_name=?
2025-10-09T17:53:21.053+03:00 DEBUG 3688 --- [Build4All] [           main] org.hibernate.SQL                        : 
    select
        c1_0.category_id,
        c1_0.created_at,
        c1_0.icon_library,
        c1_0.icon_name,
        c1_0.name,
        c1_0.project_id,
        p1_0.id,
        p1_0.is_active,
        p1_0.created_at,
        p1_0.description,
        p1_0.project_name,
        p1_0.updated_at,
        c1_0.updated_at 
    from
        categories c1_0 
    join
        projects p1_0 
            on p1_0.id=c1_0.project_id 
    where
        c1_0.category_id=?
Hibernate: 
    select
        c1_0.category_id,
        c1_0.created_at,
        c1_0.icon_library,
        c1_0.icon_name,
        c1_0.name,
        c1_0.project_id,
        p1_0.id,
        p1_0.is_active,
        p1_0.created_at,
        p1_0.description,
        p1_0.project_name,
        p1_0.updated_at,
        c1_0.updated_at 
    from
        categories c1_0 
    join
        projects p1_0 
            on p1_0.id=c1_0.project_id 
    where
        c1_0.category_id=?
2025-10-09T17:53:21.056+03:00 DEBUG 3688 --- [Build4All] [           main] org.hibernate.SQL                        : 
    select
        c1_0.category_id,
        c1_0.created_at,
        c1_0.icon_library,
        c1_0.icon_name,
        c1_0.name,
        c1_0.project_id,
        c1_0.updated_at 
    from
        categories c1_0 
    join
        projects p1_0 
            on p1_0.id=c1_0.project_id 
    where
        upper(c1_0.name)=upper(?) 
        and p1_0.id=?
Hibernate: 
    select
        c1_0.category_id,
        c1_0.created_at,
        c1_0.icon_library,
        c1_0.icon_name,
        c1_0.name,
        c1_0.project_id,
        c1_0.updated_at 
    from
        categories c1_0 
    join
        projects p1_0 
            on p1_0.id=c1_0.project_id 
    where
        upper(c1_0.name)=upper(?) 
        and p1_0.id=?
2025-10-09T17:53:21.057+03:00 DEBUG 3688 --- [Build4All] [           main] org.hibernate.SQL                        : 
    select
        p1_0.id,
        p1_0.is_active,
        p1_0.created_at,
        p1_0.description,
        p1_0.project_name,
        p1_0.updated_at 
    from
        projects p1_0 
    where
        p1_0.id=?
Hibernate: 
    select
        p1_0.id,
        p1_0.is_active,
        p1_0.created_at,
        p1_0.description,
        p1_0.project_name,
        p1_0.updated_at 
    from
        projects p1_0 
    where
        p1_0.id=?
2025-10-09T17:53:21.059+03:00 DEBUG 3688 --- [Build4All] [           main] org.hibernate.SQL                        : 
    select
        it1_0.id,
        it1_0.category_id,
        it1_0.icon_name,
        it1_0.icon_library,
        it1_0.item_type_name 
    from
        item_types it1_0 
    where
        it1_0.item_type_name=?
Hibernate: 
    select
        it1_0.id,
        it1_0.category_id,
        it1_0.icon_name,
        it1_0.icon_library,
        it1_0.item_type_name 
    from
        item_types it1_0 
    where
        it1_0.item_type_name=?
2025-10-09T17:53:21.060+03:00 DEBUG 3688 --- [Build4All] [           main] org.hibernate.SQL                        : 
    select
        c1_0.category_id,
        c1_0.created_at,
        c1_0.icon_library,
        c1_0.icon_name,
        c1_0.name,
        c1_0.project_id,
        p1_0.id,
        p1_0.is_active,
        p1_0.created_at,
        p1_0.description,
        p1_0.project_name,
        p1_0.updated_at,
        c1_0.updated_at 
    from
        categories c1_0 
    join
        projects p1_0 
            on p1_0.id=c1_0.project_id 
    where
        c1_0.category_id=?
Hibernate: 
    select
        c1_0.category_id,
        c1_0.created_at,
        c1_0.icon_library,
        c1_0.icon_name,
        c1_0.name,
        c1_0.project_id,
        p1_0.id,
        p1_0.is_active,
        p1_0.created_at,
        p1_0.description,
        p1_0.project_name,
        p1_0.updated_at,
        c1_0.updated_at 
    from
        categories c1_0 
    join
        projects p1_0 
            on p1_0.id=c1_0.project_id 
    where
        c1_0.category_id=?
2025-10-09T17:53:21.062+03:00 DEBUG 3688 --- [Build4All] [           main] org.hibernate.SQL                        : 
    select
        c1_0.category_id,
        c1_0.created_at,
        c1_0.icon_library,
        c1_0.icon_name,
        c1_0.name,
        c1_0.project_id,
        c1_0.updated_at 
    from
        categories c1_0 
    join
        projects p1_0 
            on p1_0.id=c1_0.project_id 
    where
        upper(c1_0.name)=upper(?) 
        and p1_0.id=?
Hibernate: 
    select
        c1_0.category_id,
        c1_0.created_at,
        c1_0.icon_library,
        c1_0.icon_name,
        c1_0.name,
        c1_0.project_id,
        c1_0.updated_at 
    from
        categories c1_0 
    join
        projects p1_0 
            on p1_0.id=c1_0.project_id 
    where
        upper(c1_0.name)=upper(?) 
        and p1_0.id=?
2025-10-09T17:53:21.063+03:00 DEBUG 3688 --- [Build4All] [           main] org.hibernate.SQL                        : 
    select
        p1_0.id,
        p1_0.is_active,
        p1_0.created_at,
        p1_0.description,
        p1_0.project_name,
        p1_0.updated_at 
    from
        projects p1_0 
    where
        p1_0.id=?
Hibernate: 
    select
        p1_0.id,
        p1_0.is_active,
        p1_0.created_at,
        p1_0.description,
        p1_0.project_name,
        p1_0.updated_at 
    from
        projects p1_0 
    where
        p1_0.id=?
2025-10-09T17:53:21.065+03:00 DEBUG 3688 --- [Build4All] [           main] org.hibernate.SQL                        : 
    select
        it1_0.id,
        it1_0.category_id,
        it1_0.icon_name,
        it1_0.icon_library,
        it1_0.item_type_name 
    from
        item_types it1_0 
    where
        it1_0.item_type_name=?
Hibernate: 
    select
        it1_0.id,
        it1_0.category_id,
        it1_0.icon_name,
        it1_0.icon_library,
        it1_0.item_type_name 
    from
        item_types it1_0 
    where
        it1_0.item_type_name=?
2025-10-09T17:53:21.067+03:00 DEBUG 3688 --- [Build4All] [           main] org.hibernate.SQL                        : 
    select
        c1_0.category_id,
        c1_0.created_at,
        c1_0.icon_library,
        c1_0.icon_name,
        c1_0.name,
        c1_0.project_id,
        p1_0.id,
        p1_0.is_active,
        p1_0.created_at,
        p1_0.description,
        p1_0.project_name,
        p1_0.updated_at,
        c1_0.updated_at 
    from
        categories c1_0 
    join
        projects p1_0 
            on p1_0.id=c1_0.project_id 
    where
        c1_0.category_id=?
Hibernate: 
    select
        c1_0.category_id,
        c1_0.created_at,
        c1_0.icon_library,
        c1_0.icon_name,
        c1_0.name,
        c1_0.project_id,
        p1_0.id,
        p1_0.is_active,
        p1_0.created_at,
        p1_0.description,
        p1_0.project_name,
        p1_0.updated_at,
        c1_0.updated_at 
    from
        categories c1_0 
    join
        projects p1_0 
            on p1_0.id=c1_0.project_id 
    where
        c1_0.category_id=?
2025-10-09T17:53:21.070+03:00 DEBUG 3688 --- [Build4All] [           main] org.hibernate.SQL                        : 
    select
        c1_0.category_id,
        c1_0.created_at,
        c1_0.icon_library,
        c1_0.icon_name,
        c1_0.name,
        c1_0.project_id,
        c1_0.updated_at 
    from
        categories c1_0 
    join
        projects p1_0 
            on p1_0.id=c1_0.project_id 
    where
        upper(c1_0.name)=upper(?) 
        and p1_0.id=?
Hibernate: 
    select
        c1_0.category_id,
        c1_0.created_at,
        c1_0.icon_library,
        c1_0.icon_name,
        c1_0.name,
        c1_0.project_id,
        c1_0.updated_at 
    from
        categories c1_0 
    join
        projects p1_0 
            on p1_0.id=c1_0.project_id 
    where
        upper(c1_0.name)=upper(?) 
        and p1_0.id=?
2025-10-09T17:53:21.071+03:00 DEBUG 3688 --- [Build4All] [           main] org.hibernate.SQL                        : 
    select
        p1_0.id,
        p1_0.is_active,
        p1_0.created_at,
        p1_0.description,
        p1_0.project_name,
        p1_0.updated_at 
    from
        projects p1_0 
    where
        p1_0.id=?
Hibernate: 
    select
        p1_0.id,
        p1_0.is_active,
        p1_0.created_at,
        p1_0.description,
        p1_0.project_name,
        p1_0.updated_at 
    from
        projects p1_0 
    where
        p1_0.id=?
2025-10-09T17:53:21.073+03:00 DEBUG 3688 --- [Build4All] [           main] org.hibernate.SQL                        : 
    select
        it1_0.id,
        it1_0.category_id,
        it1_0.icon_name,
        it1_0.icon_library,
        it1_0.item_type_name 
    from
        item_types it1_0 
    where
        it1_0.item_type_name=?
Hibernate: 
    select
        it1_0.id,
        it1_0.category_id,
        it1_0.icon_name,
        it1_0.icon_library,
        it1_0.item_type_name 
    from
        item_types it1_0 
    where
        it1_0.item_type_name=?
2025-10-09T17:53:21.073+03:00 DEBUG 3688 --- [Build4All] [           main] org.hibernate.SQL                        : 
    select
        c1_0.category_id,
        c1_0.created_at,
        c1_0.icon_library,
        c1_0.icon_name,
        c1_0.name,
        c1_0.project_id,
        p1_0.id,
        p1_0.is_active,
        p1_0.created_at,
        p1_0.description,
        p1_0.project_name,
        p1_0.updated_at,
        c1_0.updated_at 
    from
        categories c1_0 
    join
        projects p1_0 
            on p1_0.id=c1_0.project_id 
    where
        c1_0.category_id=?
Hibernate: 
    select
        c1_0.category_id,
        c1_0.created_at,
        c1_0.icon_library,
        c1_0.icon_name,
        c1_0.name,
        c1_0.project_id,
        p1_0.id,
        p1_0.is_active,
        p1_0.created_at,
        p1_0.description,
        p1_0.project_name,
        p1_0.updated_at,
        c1_0.updated_at 
    from
        categories c1_0 
    join
        projects p1_0 
            on p1_0.id=c1_0.project_id 
    where
        c1_0.category_id=?
2025-10-09T17:53:21.076+03:00 DEBUG 3688 --- [Build4All] [           main] org.hibernate.SQL                        : 
    select
        c1_0.category_id,
        c1_0.created_at,
        c1_0.icon_library,
        c1_0.icon_name,
        c1_0.name,
        c1_0.project_id,
        c1_0.updated_at 
    from
        categories c1_0 
    join
        projects p1_0 
            on p1_0.id=c1_0.project_id 
    where
        upper(c1_0.name)=upper(?) 
        and p1_0.id=?
Hibernate: 
    select
        c1_0.category_id,
        c1_0.created_at,
        c1_0.icon_library,
        c1_0.icon_name,
        c1_0.name,
        c1_0.project_id,
        c1_0.updated_at 
    from
        categories c1_0 
    join
        projects p1_0 
            on p1_0.id=c1_0.project_id 
    where
        upper(c1_0.name)=upper(?) 
        and p1_0.id=?
2025-10-09T17:53:21.077+03:00 DEBUG 3688 --- [Build4All] [           main] org.hibernate.SQL                        : 
    select
        p1_0.id,
        p1_0.is_active,
        p1_0.created_at,
        p1_0.description,
        p1_0.project_name,
        p1_0.updated_at 
    from
        projects p1_0 
    where
        p1_0.id=?
Hibernate: 
    select
        p1_0.id,
        p1_0.is_active,
        p1_0.created_at,
        p1_0.description,
        p1_0.project_name,
        p1_0.updated_at 
    from
        projects p1_0 
    where
        p1_0.id=?
2025-10-09T17:53:21.079+03:00 DEBUG 3688 --- [Build4All] [           main] org.hibernate.SQL                        : 
    select
        it1_0.id,
        it1_0.category_id,
        it1_0.icon_name,
        it1_0.icon_library,
        it1_0.item_type_name 
    from
        item_types it1_0 
    where
        it1_0.item_type_name=?
Hibernate: 
    select
        it1_0.id,
        it1_0.category_id,
        it1_0.icon_name,
        it1_0.icon_library,
        it1_0.item_type_name 
    from
        item_types it1_0 
    where
        it1_0.item_type_name=?
2025-10-09T17:53:21.079+03:00 DEBUG 3688 --- [Build4All] [           main] org.hibernate.SQL                        : 
    select
        c1_0.category_id,
        c1_0.created_at,
        c1_0.icon_library,
        c1_0.icon_name,
        c1_0.name,
        c1_0.project_id,
        p1_0.id,
        p1_0.is_active,
        p1_0.created_at,
        p1_0.description,
        p1_0.project_name,
        p1_0.updated_at,
        c1_0.updated_at 
    from
        categories c1_0 
    join
        projects p1_0 
            on p1_0.id=c1_0.project_id 
    where
        c1_0.category_id=?
Hibernate: 
    select
        c1_0.category_id,
        c1_0.created_at,
        c1_0.icon_library,
        c1_0.icon_name,
        c1_0.name,
        c1_0.project_id,
        p1_0.id,
        p1_0.is_active,
        p1_0.created_at,
        p1_0.description,
        p1_0.project_name,
        p1_0.updated_at,
        c1_0.updated_at 
    from
        categories c1_0 
    join
        projects p1_0 
            on p1_0.id=c1_0.project_id 
    where
        c1_0.category_id=?
2025-10-09T17:53:21.082+03:00 DEBUG 3688 --- [Build4All] [           main] org.hibernate.SQL                        : 
    select
        c1_0.category_id,
        c1_0.created_at,
        c1_0.icon_library,
        c1_0.icon_name,
        c1_0.name,
        c1_0.project_id,
        c1_0.updated_at 
    from
        categories c1_0 
    join
        projects p1_0 
            on p1_0.id=c1_0.project_id 
    where
        upper(c1_0.name)=upper(?) 
        and p1_0.id=?
Hibernate: 
    select
        c1_0.category_id,
        c1_0.created_at,
        c1_0.icon_library,
        c1_0.icon_name,
        c1_0.name,
        c1_0.project_id,
        c1_0.updated_at 
    from
        categories c1_0 
    join
        projects p1_0 
            on p1_0.id=c1_0.project_id 
    where
        upper(c1_0.name)=upper(?) 
        and p1_0.id=?
2025-10-09T17:53:21.083+03:00 DEBUG 3688 --- [Build4All] [           main] org.hibernate.SQL                        : 
    select
        p1_0.id,
        p1_0.is_active,
        p1_0.created_at,
        p1_0.description,
        p1_0.project_name,
        p1_0.updated_at 
    from
        projects p1_0 
    where
        p1_0.id=?
Hibernate: 
    select
        p1_0.id,
        p1_0.is_active,
        p1_0.created_at,
        p1_0.description,
        p1_0.project_name,
        p1_0.updated_at 
    from
        projects p1_0 
    where
        p1_0.id=?
2025-10-09T17:53:21.085+03:00 DEBUG 3688 --- [Build4All] [           main] org.hibernate.SQL                        : 
    select
        it1_0.id,
        it1_0.category_id,
        it1_0.icon_name,
        it1_0.icon_library,
        it1_0.item_type_name 
    from
        item_types it1_0 
    where
        it1_0.item_type_name=?
Hibernate: 
    select
        it1_0.id,
        it1_0.category_id,
        it1_0.icon_name,
        it1_0.icon_library,
        it1_0.item_type_name 
    from
        item_types it1_0 
    where
        it1_0.item_type_name=?
2025-10-09T17:53:21.086+03:00 DEBUG 3688 --- [Build4All] [           main] org.hibernate.SQL                        : 
    select
        c1_0.category_id,
        c1_0.created_at,
        c1_0.icon_library,
        c1_0.icon_name,
        c1_0.name,
        c1_0.project_id,
        p1_0.id,
        p1_0.is_active,
        p1_0.created_at,
        p1_0.description,
        p1_0.project_name,
        p1_0.updated_at,
        c1_0.updated_at 
    from
        categories c1_0 
    join
        projects p1_0 
            on p1_0.id=c1_0.project_id 
    where
        c1_0.category_id=?
Hibernate: 
    select
        c1_0.category_id,
        c1_0.created_at,
        c1_0.icon_library,
        c1_0.icon_name,
        c1_0.name,
        c1_0.project_id,
        p1_0.id,
        p1_0.is_active,
        p1_0.created_at,
        p1_0.description,
        p1_0.project_name,
        p1_0.updated_at,
        c1_0.updated_at 
    from
        categories c1_0 
    join
        projects p1_0 
            on p1_0.id=c1_0.project_id 
    where
        c1_0.category_id=?
2025-10-09T17:53:21.089+03:00 DEBUG 3688 --- [Build4All] [           main] org.hibernate.SQL                        : 
    select
        c1_0.category_id,
        c1_0.created_at,
        c1_0.icon_library,
        c1_0.icon_name,
        c1_0.name,
        c1_0.project_id,
        c1_0.updated_at 
    from
        categories c1_0 
    join
        projects p1_0 
            on p1_0.id=c1_0.project_id 
    where
        upper(c1_0.name)=upper(?) 
        and p1_0.id=?
Hibernate: 
    select
        c1_0.category_id,
        c1_0.created_at,
        c1_0.icon_library,
        c1_0.icon_name,
        c1_0.name,
        c1_0.project_id,
        c1_0.updated_at 
    from
        categories c1_0 
    join
        projects p1_0 
            on p1_0.id=c1_0.project_id 
    where
        upper(c1_0.name)=upper(?) 
        and p1_0.id=?
2025-10-09T17:53:21.090+03:00 DEBUG 3688 --- [Build4All] [           main] org.hibernate.SQL                        : 
    select
        p1_0.id,
        p1_0.is_active,
        p1_0.created_at,
        p1_0.description,
        p1_0.project_name,
        p1_0.updated_at 
    from
        projects p1_0 
    where
        p1_0.id=?
Hibernate: 
    select
        p1_0.id,
        p1_0.is_active,
        p1_0.created_at,
        p1_0.description,
        p1_0.project_name,
        p1_0.updated_at 
    from
        projects p1_0 
    where
        p1_0.id=?
2025-10-09T17:53:21.092+03:00 DEBUG 3688 --- [Build4All] [           main] org.hibernate.SQL                        : 
    select
        it1_0.id,
        it1_0.category_id,
        it1_0.icon_name,
        it1_0.icon_library,
        it1_0.item_type_name 
    from
        item_types it1_0 
    where
        it1_0.item_type_name=?
Hibernate: 
    select
        it1_0.id,
        it1_0.category_id,
        it1_0.icon_name,
        it1_0.icon_library,
        it1_0.item_type_name 
    from
        item_types it1_0 
    where
        it1_0.item_type_name=?
2025-10-09T17:53:21.092+03:00 DEBUG 3688 --- [Build4All] [           main] org.hibernate.SQL                        : 
    select
        c1_0.category_id,
        c1_0.created_at,
        c1_0.icon_library,
        c1_0.icon_name,
        c1_0.name,
        c1_0.project_id,
        p1_0.id,
        p1_0.is_active,
        p1_0.created_at,
        p1_0.description,
        p1_0.project_name,
        p1_0.updated_at,
        c1_0.updated_at 
    from
        categories c1_0 
    join
        projects p1_0 
            on p1_0.id=c1_0.project_id 
    where
        c1_0.category_id=?
Hibernate: 
    select
        c1_0.category_id,
        c1_0.created_at,
        c1_0.icon_library,
        c1_0.icon_name,
        c1_0.name,
        c1_0.project_id,
        p1_0.id,
        p1_0.is_active,
        p1_0.created_at,
        p1_0.description,
        p1_0.project_name,
        p1_0.updated_at,
        c1_0.updated_at 
    from
        categories c1_0 
    join
        projects p1_0 
            on p1_0.id=c1_0.project_id 
    where
        c1_0.category_id=?
2025-10-09T17:53:21.094+03:00 DEBUG 3688 --- [Build4All] [           main] org.hibernate.SQL                        : 
    select
        c1_0.category_id,
        c1_0.created_at,
        c1_0.icon_library,
        c1_0.icon_name,
        c1_0.name,
        c1_0.project_id,
        c1_0.updated_at 
    from
        categories c1_0 
    join
        projects p1_0 
            on p1_0.id=c1_0.project_id 
    where
        upper(c1_0.name)=upper(?) 
        and p1_0.id=?
Hibernate: 
    select
        c1_0.category_id,
        c1_0.created_at,
        c1_0.icon_library,
        c1_0.icon_name,
        c1_0.name,
        c1_0.project_id,
        c1_0.updated_at 
    from
        categories c1_0 
    join
        projects p1_0 
            on p1_0.id=c1_0.project_id 
    where
        upper(c1_0.name)=upper(?) 
        and p1_0.id=?
2025-10-09T17:53:21.095+03:00 DEBUG 3688 --- [Build4All] [           main] org.hibernate.SQL                        : 
    select
        p1_0.id,
        p1_0.is_active,
        p1_0.created_at,
        p1_0.description,
        p1_0.project_name,
        p1_0.updated_at 
    from
        projects p1_0 
    where
        p1_0.id=?
Hibernate: 
    select
        p1_0.id,
        p1_0.is_active,
        p1_0.created_at,
        p1_0.description,
        p1_0.project_name,
        p1_0.updated_at 
    from
        projects p1_0 
    where
        p1_0.id=?
2025-10-09T17:53:21.097+03:00 DEBUG 3688 --- [Build4All] [           main] org.hibernate.SQL                        : 
    select
        it1_0.id,
        it1_0.category_id,
        it1_0.icon_name,
        it1_0.icon_library,
        it1_0.item_type_name 
    from
        item_types it1_0 
    where
        it1_0.item_type_name=?
Hibernate: 
    select
        it1_0.id,
        it1_0.category_id,
        it1_0.icon_name,
        it1_0.icon_library,
        it1_0.item_type_name 
    from
        item_types it1_0 
    where
        it1_0.item_type_name=?
2025-10-09T17:53:21.098+03:00 DEBUG 3688 --- [Build4All] [           main] org.hibernate.SQL                        : 
    select
        c1_0.category_id,
        c1_0.created_at,
        c1_0.icon_library,
        c1_0.icon_name,
        c1_0.name,
        c1_0.project_id,
        p1_0.id,
        p1_0.is_active,
        p1_0.created_at,
        p1_0.description,
        p1_0.project_name,
        p1_0.updated_at,
        c1_0.updated_at 
    from
        categories c1_0 
    join
        projects p1_0 
            on p1_0.id=c1_0.project_id 
    where
        c1_0.category_id=?
Hibernate: 
    select
        c1_0.category_id,
        c1_0.created_at,
        c1_0.icon_library,
        c1_0.icon_name,
        c1_0.name,
        c1_0.project_id,
        p1_0.id,
        p1_0.is_active,
        p1_0.created_at,
        p1_0.description,
        p1_0.project_name,
        p1_0.updated_at,
        c1_0.updated_at 
    from
        categories c1_0 
    join
        projects p1_0 
            on p1_0.id=c1_0.project_id 
    where
        c1_0.category_id=?
2025-10-09T17:53:21.101+03:00 DEBUG 3688 --- [Build4All] [           main] org.hibernate.SQL                        : 
    select
        c1_0.category_id,
        c1_0.created_at,
        c1_0.icon_library,
        c1_0.icon_name,
        c1_0.name,
        c1_0.project_id,
        c1_0.updated_at 
    from
        categories c1_0 
    join
        projects p1_0 
            on p1_0.id=c1_0.project_id 
    where
        upper(c1_0.name)=upper(?) 
        and p1_0.id=?
Hibernate: 
    select
        c1_0.category_id,
        c1_0.created_at,
        c1_0.icon_library,
        c1_0.icon_name,
        c1_0.name,
        c1_0.project_id,
        c1_0.updated_at 
    from
        categories c1_0 
    join
        projects p1_0 
            on p1_0.id=c1_0.project_id 
    where
        upper(c1_0.name)=upper(?) 
        and p1_0.id=?
2025-10-09T17:53:21.102+03:00 DEBUG 3688 --- [Build4All] [           main] org.hibernate.SQL                        : 
    select
        p1_0.id,
        p1_0.is_active,
        p1_0.created_at,
        p1_0.description,
        p1_0.project_name,
        p1_0.updated_at 
    from
        projects p1_0 
    where
        p1_0.id=?
Hibernate: 
    select
        p1_0.id,
        p1_0.is_active,
        p1_0.created_at,
        p1_0.description,
        p1_0.project_name,
        p1_0.updated_at 
    from
        projects p1_0 
    where
        p1_0.id=?
2025-10-09T17:53:21.105+03:00 DEBUG 3688 --- [Build4All] [           main] org.hibernate.SQL                        : 
    select
        it1_0.id,
        it1_0.category_id,
        it1_0.icon_name,
        it1_0.icon_library,
        it1_0.item_type_name 
    from
        item_types it1_0 
    where
        it1_0.item_type_name=?
Hibernate: 
    select
        it1_0.id,
        it1_0.category_id,
        it1_0.icon_name,
        it1_0.icon_library,
        it1_0.item_type_name 
    from
        item_types it1_0 
    where
        it1_0.item_type_name=?
2025-10-09T17:53:21.105+03:00 DEBUG 3688 --- [Build4All] [           main] org.hibernate.SQL                        : 
    select
        c1_0.category_id,
        c1_0.created_at,
        c1_0.icon_library,
        c1_0.icon_name,
        c1_0.name,
        c1_0.project_id,
        p1_0.id,
        p1_0.is_active,
        p1_0.created_at,
        p1_0.description,
        p1_0.project_name,
        p1_0.updated_at,
        c1_0.updated_at 
    from
        categories c1_0 
    join
        projects p1_0 
            on p1_0.id=c1_0.project_id 
    where
        c1_0.category_id=?
Hibernate: 
    select
        c1_0.category_id,
        c1_0.created_at,
        c1_0.icon_library,
        c1_0.icon_name,
        c1_0.name,
        c1_0.project_id,
        p1_0.id,
        p1_0.is_active,
        p1_0.created_at,
        p1_0.description,
        p1_0.project_name,
        p1_0.updated_at,
        c1_0.updated_at 
    from
        categories c1_0 
    join
        projects p1_0 
            on p1_0.id=c1_0.project_id 
    where
        c1_0.category_id=?
2025-10-09T17:53:21.108+03:00 DEBUG 3688 --- [Build4All] [           main] org.hibernate.SQL                        : 
    select
        c1_0.category_id,
        c1_0.created_at,
        c1_0.icon_library,
        c1_0.icon_name,
        c1_0.name,
        c1_0.project_id,
        c1_0.updated_at 
    from
        categories c1_0 
    join
        projects p1_0 
            on p1_0.id=c1_0.project_id 
    where
        upper(c1_0.name)=upper(?) 
        and p1_0.id=?
Hibernate: 
    select
        c1_0.category_id,
        c1_0.created_at,
        c1_0.icon_library,
        c1_0.icon_name,
        c1_0.name,
        c1_0.project_id,
        c1_0.updated_at 
    from
        categories c1_0 
    join
        projects p1_0 
            on p1_0.id=c1_0.project_id 
    where
        upper(c1_0.name)=upper(?) 
        and p1_0.id=?
2025-10-09T17:53:21.109+03:00 DEBUG 3688 --- [Build4All] [           main] org.hibernate.SQL                        : 
    select
        p1_0.id,
        p1_0.is_active,
        p1_0.created_at,
        p1_0.description,
        p1_0.project_name,
        p1_0.updated_at 
    from
        projects p1_0 
    where
        p1_0.id=?
Hibernate: 
    select
        p1_0.id,
        p1_0.is_active,
        p1_0.created_at,
        p1_0.description,
        p1_0.project_name,
        p1_0.updated_at 
    from
        projects p1_0 
    where
        p1_0.id=?
2025-10-09T17:53:21.111+03:00 DEBUG 3688 --- [Build4All] [           main] org.hibernate.SQL                        : 
    select
        it1_0.id,
        it1_0.category_id,
        it1_0.icon_name,
        it1_0.icon_library,
        it1_0.item_type_name 
    from
        item_types it1_0 
    where
        it1_0.item_type_name=?
Hibernate: 
    select
        it1_0.id,
        it1_0.category_id,
        it1_0.icon_name,
        it1_0.icon_library,
        it1_0.item_type_name 
    from
        item_types it1_0 
    where
        it1_0.item_type_name=?
2025-10-09T17:53:21.112+03:00 DEBUG 3688 --- [Build4All] [           main] org.hibernate.SQL                        : 
    select
        c1_0.category_id,
        c1_0.created_at,
        c1_0.icon_library,
        c1_0.icon_name,
        c1_0.name,
        c1_0.project_id,
        p1_0.id,
        p1_0.is_active,
        p1_0.created_at,
        p1_0.description,
        p1_0.project_name,
        p1_0.updated_at,
        c1_0.updated_at 
    from
        categories c1_0 
    join
        projects p1_0 
            on p1_0.id=c1_0.project_id 
    where
        c1_0.category_id=?
Hibernate: 
    select
        c1_0.category_id,
        c1_0.created_at,
        c1_0.icon_library,
        c1_0.icon_name,
        c1_0.name,
        c1_0.project_id,
        p1_0.id,
        p1_0.is_active,
        p1_0.created_at,
        p1_0.description,
        p1_0.project_name,
        p1_0.updated_at,
        c1_0.updated_at 
    from
        categories c1_0 
    join
        projects p1_0 
            on p1_0.id=c1_0.project_id 
    where
        c1_0.category_id=?
2025-10-09T17:53:21.115+03:00 DEBUG 3688 --- [Build4All] [           main] org.hibernate.SQL                        : 
    select
        c1_0.category_id,
        c1_0.created_at,
        c1_0.icon_library,
        c1_0.icon_name,
        c1_0.name,
        c1_0.project_id,
        c1_0.updated_at 
    from
        categories c1_0 
    join
        projects p1_0 
            on p1_0.id=c1_0.project_id 
    where
        upper(c1_0.name)=upper(?) 
        and p1_0.id=?
Hibernate: 
    select
        c1_0.category_id,
        c1_0.created_at,
        c1_0.icon_library,
        c1_0.icon_name,
        c1_0.name,
        c1_0.project_id,
        c1_0.updated_at 
    from
        categories c1_0 
    join
        projects p1_0 
            on p1_0.id=c1_0.project_id 
    where
        upper(c1_0.name)=upper(?) 
        and p1_0.id=?
2025-10-09T17:53:21.116+03:00 DEBUG 3688 --- [Build4All] [           main] org.hibernate.SQL                        : 
    select
        p1_0.id,
        p1_0.is_active,
        p1_0.created_at,
        p1_0.description,
        p1_0.project_name,
        p1_0.updated_at 
    from
        projects p1_0 
    where
        p1_0.id=?
Hibernate: 
    select
        p1_0.id,
        p1_0.is_active,
        p1_0.created_at,
        p1_0.description,
        p1_0.project_name,
        p1_0.updated_at 
    from
        projects p1_0 
    where
        p1_0.id=?
2025-10-09T17:53:21.118+03:00 DEBUG 3688 --- [Build4All] [           main] org.hibernate.SQL                        : 
    select
        it1_0.id,
        it1_0.category_id,
        it1_0.icon_name,
        it1_0.icon_library,
        it1_0.item_type_name 
    from
        item_types it1_0 
    where
        it1_0.item_type_name=?
Hibernate: 
    select
        it1_0.id,
        it1_0.category_id,
        it1_0.icon_name,
        it1_0.icon_library,
        it1_0.item_type_name 
    from
        item_types it1_0 
    where
        it1_0.item_type_name=?
2025-10-09T17:53:21.119+03:00 DEBUG 3688 --- [Build4All] [           main] org.hibernate.SQL                        : 
    select
        c1_0.category_id,
        c1_0.created_at,
        c1_0.icon_library,
        c1_0.icon_name,
        c1_0.name,
        c1_0.project_id,
        p1_0.id,
        p1_0.is_active,
        p1_0.created_at,
        p1_0.description,
        p1_0.project_name,
        p1_0.updated_at,
        c1_0.updated_at 
    from
        categories c1_0 
    join
        projects p1_0 
            on p1_0.id=c1_0.project_id 
    where
        c1_0.category_id=?
Hibernate: 
    select
        c1_0.category_id,
        c1_0.created_at,
        c1_0.icon_library,
        c1_0.icon_name,
        c1_0.name,
        c1_0.project_id,
        p1_0.id,
        p1_0.is_active,
        p1_0.created_at,
        p1_0.description,
        p1_0.project_name,
        p1_0.updated_at,
        c1_0.updated_at 
    from
        categories c1_0 
    join
        projects p1_0 
            on p1_0.id=c1_0.project_id 
    where
        c1_0.category_id=?
2025-10-09T17:53:21.121+03:00 DEBUG 3688 --- [Build4All] [           main] org.hibernate.SQL                        : 
    select
        c1_0.category_id,
        c1_0.created_at,
        c1_0.icon_library,
        c1_0.icon_name,
        c1_0.name,
        c1_0.project_id,
        c1_0.updated_at 
    from
        categories c1_0 
    join
        projects p1_0 
            on p1_0.id=c1_0.project_id 
    where
        upper(c1_0.name)=upper(?) 
        and p1_0.id=?
Hibernate: 
    select
        c1_0.category_id,
        c1_0.created_at,
        c1_0.icon_library,
        c1_0.icon_name,
        c1_0.name,
        c1_0.project_id,
        c1_0.updated_at 
    from
        categories c1_0 
    join
        projects p1_0 
            on p1_0.id=c1_0.project_id 
    where
        upper(c1_0.name)=upper(?) 
        and p1_0.id=?
2025-10-09T17:53:21.122+03:00 DEBUG 3688 --- [Build4All] [           main] org.hibernate.SQL                        : 
    select
        p1_0.id,
        p1_0.is_active,
        p1_0.created_at,
        p1_0.description,
        p1_0.project_name,
        p1_0.updated_at 
    from
        projects p1_0 
    where
        p1_0.id=?
Hibernate: 
    select
        p1_0.id,
        p1_0.is_active,
        p1_0.created_at,
        p1_0.description,
        p1_0.project_name,
        p1_0.updated_at 
    from
        projects p1_0 
    where
        p1_0.id=?
2025-10-09T17:53:21.124+03:00 DEBUG 3688 --- [Build4All] [           main] org.hibernate.SQL                        : 
    select
        it1_0.id,
        it1_0.category_id,
        it1_0.icon_name,
        it1_0.icon_library,
        it1_0.item_type_name 
    from
        item_types it1_0 
    where
        it1_0.item_type_name=?
Hibernate: 
    select
        it1_0.id,
        it1_0.category_id,
        it1_0.icon_name,
        it1_0.icon_library,
        it1_0.item_type_name 
    from
        item_types it1_0 
    where
        it1_0.item_type_name=?
2025-10-09T17:53:21.125+03:00 DEBUG 3688 --- [Build4All] [           main] org.hibernate.SQL                        : 
    select
        c1_0.category_id,
        c1_0.created_at,
        c1_0.icon_library,
        c1_0.icon_name,
        c1_0.name,
        c1_0.project_id,
        p1_0.id,
        p1_0.is_active,
        p1_0.created_at,
        p1_0.description,
        p1_0.project_name,
        p1_0.updated_at,
        c1_0.updated_at 
    from
        categories c1_0 
    join
        projects p1_0 
            on p1_0.id=c1_0.project_id 
    where
        c1_0.category_id=?
Hibernate: 
    select
        c1_0.category_id,
        c1_0.created_at,
        c1_0.icon_library,
        c1_0.icon_name,
        c1_0.name,
        c1_0.project_id,
        p1_0.id,
        p1_0.is_active,
        p1_0.created_at,
        p1_0.description,
        p1_0.project_name,
        p1_0.updated_at,
        c1_0.updated_at 
    from
        categories c1_0 
    join
        projects p1_0 
            on p1_0.id=c1_0.project_id 
    where
        c1_0.category_id=?
2025-10-09T17:53:21.127+03:00 DEBUG 3688 --- [Build4All] [           main] org.hibernate.SQL                        : 
    select
        c1_0.category_id,
        c1_0.created_at,
        c1_0.icon_library,
        c1_0.icon_name,
        c1_0.name,
        c1_0.project_id,
        c1_0.updated_at 
    from
        categories c1_0 
    join
        projects p1_0 
            on p1_0.id=c1_0.project_id 
    where
        upper(c1_0.name)=upper(?) 
        and p1_0.id=?
Hibernate: 
    select
        c1_0.category_id,
[...]
        p1_0.updated_at 
    from
        projects p1_0 
    where
        p1_0.id=?
2025-10-09T17:53:21.631+03:00 DEBUG 3688 --- [Build4All] [           main] org.hibernate.SQL                        : 
    select
        c1_0.category_id,
        c1_0.created_at,
        c1_0.icon_library,
        c1_0.icon_name,
        c1_0.name,
        c1_0.project_id,
        c1_0.updated_at 
    from
        categories c1_0 
    join
        projects p1_0 
            on p1_0.id=c1_0.project_id 
    where
        upper(c1_0.name)=upper(?) 
        and p1_0.id=?
Hibernate: 
    select
        c1_0.category_id,
        c1_0.created_at,
        c1_0.icon_library,
        c1_0.icon_name,
        c1_0.name,
        c1_0.project_id,
        c1_0.updated_at 
    from
        categories c1_0 
    join
        projects p1_0 
            on p1_0.id=c1_0.project_id 
    where
        upper(c1_0.name)=upper(?) 
        and p1_0.id=?
2025-10-09T17:53:21.633+03:00 DEBUG 3688 --- [Build4All] [           main] org.hibernate.SQL                        : 
    select
        p1_0.id,
        p1_0.is_active,
        p1_0.created_at,
        p1_0.description,
        p1_0.project_name,
        p1_0.updated_at 
    from
        projects p1_0 
    where
        p1_0.id=?
Hibernate: 
    select
        p1_0.id,
        p1_0.is_active,
        p1_0.created_at,
        p1_0.description,
        p1_0.project_name,
        p1_0.updated_at 
    from
        projects p1_0 
    where
        p1_0.id=?
2025-10-09T17:53:21.634+03:00 DEBUG 3688 --- [Build4All] [           main] org.hibernate.SQL                        : 
    select
        c1_0.category_id,
        c1_0.created_at,
        c1_0.icon_library,
        c1_0.icon_name,
        c1_0.name,
        c1_0.project_id,
        c1_0.updated_at 
    from
        categories c1_0 
    join
        projects p1_0 
            on p1_0.id=c1_0.project_id 
    where
        upper(c1_0.name)=upper(?) 
        and p1_0.id=?
Hibernate: 
    select
        c1_0.category_id,
        c1_0.created_at,
        c1_0.icon_library,
        c1_0.icon_name,
        c1_0.name,
        c1_0.project_id,
        c1_0.updated_at 
    from
        categories c1_0 
    join
        projects p1_0 
            on p1_0.id=c1_0.project_id 
    where
        upper(c1_0.name)=upper(?) 
        and p1_0.id=?
2025-10-09T17:53:21.636+03:00 DEBUG 3688 --- [Build4All] [           main] org.hibernate.SQL                        : 
    select
        p1_0.id,
        p1_0.is_active,
        p1_0.created_at,
        p1_0.description,
        p1_0.project_name,
        p1_0.updated_at 
    from
        projects p1_0 
    where
        p1_0.id=?
Hibernate: 
    select
        p1_0.id,
        p1_0.is_active,
        p1_0.created_at,
        p1_0.description,
        p1_0.project_name,
        p1_0.updated_at 
    from
        projects p1_0 
    where
        p1_0.id=?
2025-10-09T17:53:21.637+03:00 DEBUG 3688 --- [Build4All] [           main] org.hibernate.SQL                        : 
    select
        c1_0.category_id,
        c1_0.created_at,
        c1_0.icon_library,
        c1_0.icon_name,
        c1_0.name,
        c1_0.project_id,
        c1_0.updated_at 
    from
        categories c1_0 
    join
        projects p1_0 
            on p1_0.id=c1_0.project_id 
    where
        upper(c1_0.name)=upper(?) 
        and p1_0.id=?
Hibernate: 
    select
        c1_0.category_id,
        c1_0.created_at,
        c1_0.icon_library,
        c1_0.icon_name,
        c1_0.name,
        c1_0.project_id,
        c1_0.updated_at 
    from
        categories c1_0 
    join
        projects p1_0 
            on p1_0.id=c1_0.project_id 
    where
        upper(c1_0.name)=upper(?) 
        and p1_0.id=?
2025-10-09T17:53:21.637+03:00 DEBUG 3688 --- [Build4All] [           main] org.hibernate.SQL                        : 
    select
        p1_0.id,
        p1_0.is_active,
        p1_0.created_at,
        p1_0.description,
        p1_0.project_name,
        p1_0.updated_at 
    from
        projects p1_0 
    where
        p1_0.id=?
Hibernate: 
    select
        p1_0.id,
        p1_0.is_active,
        p1_0.created_at,
        p1_0.description,
        p1_0.project_name,
        p1_0.updated_at 
    from
        projects p1_0 
    where
        p1_0.id=?
2025-10-09T17:53:21.639+03:00 DEBUG 3688 --- [Build4All] [           main] org.hibernate.SQL                        : 
    select
        c1_0.category_id,
        c1_0.created_at,
        c1_0.icon_library,
        c1_0.icon_name,
        c1_0.name,
        c1_0.project_id,
        c1_0.updated_at 
    from
        categories c1_0 
    join
        projects p1_0 
            on p1_0.id=c1_0.project_id 
    where
        upper(c1_0.name)=upper(?) 
        and p1_0.id=?
Hibernate: 
    select
        c1_0.category_id,
        c1_0.created_at,
        c1_0.icon_library,
        c1_0.icon_name,
        c1_0.name,
        c1_0.project_id,
        c1_0.updated_at 
    from
        categories c1_0 
    join
        projects p1_0 
            on p1_0.id=c1_0.project_id 
    where
        upper(c1_0.name)=upper(?) 
        and p1_0.id=?
2025-10-09T17:53:21.640+03:00 DEBUG 3688 --- [Build4All] [           main] org.hibernate.SQL                        : 
    select
        p1_0.id,
        p1_0.is_active,
        p1_0.created_at,
        p1_0.description,
        p1_0.project_name,
        p1_0.updated_at 
    from
        projects p1_0 
    where
        p1_0.id=?
Hibernate: 
    select
        p1_0.id,
        p1_0.is_active,
        p1_0.created_at,
        p1_0.description,
        p1_0.project_name,
        p1_0.updated_at 
    from
        projects p1_0 
    where
        p1_0.id=?
2025-10-09T17:53:21.643+03:00 DEBUG 3688 --- [Build4All] [           main] org.hibernate.SQL                        : 
    select
        c1_0.category_id,
        c1_0.created_at,
        c1_0.icon_library,
        c1_0.icon_name,
        c1_0.name,
        c1_0.project_id,
        c1_0.updated_at 
    from
        categories c1_0 
    join
        projects p1_0 
            on p1_0.id=c1_0.project_id 
    where
        upper(c1_0.name)=upper(?) 
        and p1_0.id=?
Hibernate: 
    select
        c1_0.category_id,
        c1_0.created_at,
        c1_0.icon_library,
        c1_0.icon_name,
        c1_0.name,
        c1_0.project_id,
        c1_0.updated_at 
    from
        categories c1_0 
    join
        projects p1_0 
            on p1_0.id=c1_0.project_id 
    where
        upper(c1_0.name)=upper(?) 
        and p1_0.id=?
2025-10-09T17:53:21.643+03:00 DEBUG 3688 --- [Build4All] [           main] org.hibernate.SQL                        : 
    select
        p1_0.id,
        p1_0.is_active,
        p1_0.created_at,
        p1_0.description,
        p1_0.project_name,
        p1_0.updated_at 
    from
        projects p1_0 
    where
        p1_0.id=?
Hibernate: 
    select
        p1_0.id,
        p1_0.is_active,
        p1_0.created_at,
        p1_0.description,
        p1_0.project_name,
        p1_0.updated_at 
    from
        projects p1_0 
    where
        p1_0.id=?
2025-10-09T17:53:21.645+03:00 DEBUG 3688 --- [Build4All] [           main] org.hibernate.SQL                        : 
    select
        c1_0.category_id,
        c1_0.created_at,
        c1_0.icon_library,
        c1_0.icon_name,
        c1_0.name,
        c1_0.project_id,
        c1_0.updated_at 
    from
        categories c1_0 
    join
        projects p1_0 
            on p1_0.id=c1_0.project_id 
    where
        upper(c1_0.name)=upper(?) 
        and p1_0.id=?
Hibernate: 
    select
        c1_0.category_id,
        c1_0.created_at,
        c1_0.icon_library,
        c1_0.icon_name,
        c1_0.name,
        c1_0.project_id,
        c1_0.updated_at 
    from
        categories c1_0 
    join
        projects p1_0 
            on p1_0.id=c1_0.project_id 
    where
        upper(c1_0.name)=upper(?) 
        and p1_0.id=?
2025-10-09T17:53:21.645+03:00 DEBUG 3688 --- [Build4All] [           main] org.hibernate.SQL                        : 
    select
        p1_0.id,
        p1_0.is_active,
        p1_0.created_at,
        p1_0.description,
        p1_0.project_name,
        p1_0.updated_at 
    from
        projects p1_0 
    where
        p1_0.id=?
Hibernate: 
    select
        p1_0.id,
        p1_0.is_active,
        p1_0.created_at,
        p1_0.description,
        p1_0.project_name,
        p1_0.updated_at 
    from
        projects p1_0 
    where
        p1_0.id=?
2025-10-09T17:53:21.649+03:00 DEBUG 3688 --- [Build4All] [           main] org.hibernate.SQL                        : 
    select
        c1_0.category_id,
        c1_0.created_at,
        c1_0.icon_library,
        c1_0.icon_name,
        c1_0.name,
        c1_0.project_id,
        c1_0.updated_at 
    from
        categories c1_0 
    join
        projects p1_0 
            on p1_0.id=c1_0.project_id 
    where
        upper(c1_0.name)=upper(?) 
        and p1_0.id=?
Hibernate: 
    select
        c1_0.category_id,
        c1_0.created_at,
        c1_0.icon_library,
        c1_0.icon_name,
        c1_0.name,
        c1_0.project_id,
        c1_0.updated_at 
    from
        categories c1_0 
    join
        projects p1_0 
            on p1_0.id=c1_0.project_id 
    where
        upper(c1_0.name)=upper(?) 
        and p1_0.id=?
2025-10-09T17:53:21.649+03:00 DEBUG 3688 --- [Build4All] [           main] org.hibernate.SQL                        : 
    select
        p1_0.id,
        p1_0.is_active,
        p1_0.created_at,
        p1_0.description,
        p1_0.project_name,
        p1_0.updated_at 
    from
        projects p1_0 
    where
        p1_0.id=?
Hibernate: 
    select
        p1_0.id,
        p1_0.is_active,
        p1_0.created_at,
        p1_0.description,
        p1_0.project_name,
        p1_0.updated_at 
    from
        projects p1_0 
    where
        p1_0.id=?
2025-10-09T17:53:21.652+03:00 DEBUG 3688 --- [Build4All] [           main] org.hibernate.SQL                        : 
    select
        c1_0.category_id,
        c1_0.created_at,
        c1_0.icon_library,
        c1_0.icon_name,
        c1_0.name,
        c1_0.project_id,
        c1_0.updated_at 
    from
        categories c1_0 
    join
        projects p1_0 
            on p1_0.id=c1_0.project_id 
    where
        upper(c1_0.name)=upper(?) 
        and p1_0.id=?
Hibernate: 
    select
        c1_0.category_id,
        c1_0.created_at,
        c1_0.icon_library,
        c1_0.icon_name,
        c1_0.name,
        c1_0.project_id,
        c1_0.updated_at 
    from
        categories c1_0 
    join
        projects p1_0 
            on p1_0.id=c1_0.project_id 
    where
        upper(c1_0.name)=upper(?) 
        and p1_0.id=?
2025-10-09T17:53:21.655+03:00 DEBUG 3688 --- [Build4All] [           main] org.hibernate.SQL                        : 
    select
        p1_0.id,
        p1_0.is_active,
        p1_0.created_at,
        p1_0.description,
        p1_0.project_name,
        p1_0.updated_at 
    from
        projects p1_0 
    where
        p1_0.id=?
Hibernate: 
    select
        p1_0.id,
        p1_0.is_active,
        p1_0.created_at,
        p1_0.description,
        p1_0.project_name,
        p1_0.updated_at 
    from
        projects p1_0 
    where
        p1_0.id=?
2025-10-09T17:53:21.658+03:00 DEBUG 3688 --- [Build4All] [           main] org.hibernate.SQL                        : 
    select
        c1_0.category_id,
        c1_0.created_at,
        c1_0.icon_library,
        c1_0.icon_name,
        c1_0.name,
        c1_0.project_id,
        c1_0.updated_at 
    from
        categories c1_0 
    join
        projects p1_0 
            on p1_0.id=c1_0.project_id 
    where
        upper(c1_0.name)=upper(?) 
        and p1_0.id=?
Hibernate: 
    select
        c1_0.category_id,
        c1_0.created_at,
        c1_0.icon_library,
        c1_0.icon_name,
        c1_0.name,
        c1_0.project_id,
        c1_0.updated_at 
    from
        categories c1_0 
    join
        projects p1_0 
            on p1_0.id=c1_0.project_id 
    where
        upper(c1_0.name)=upper(?) 
        and p1_0.id=?
2025-10-09T17:53:21.658+03:00 DEBUG 3688 --- [Build4All] [           main] org.hibernate.SQL                        : 
    select
        p1_0.id,
        p1_0.is_active,
        p1_0.created_at,
        p1_0.description,
        p1_0.project_name,
        p1_0.updated_at 
    from
        projects p1_0 
    where
        p1_0.id=?
Hibernate: 
    select
        p1_0.id,
        p1_0.is_active,
        p1_0.created_at,
        p1_0.description,
        p1_0.project_name,
        p1_0.updated_at 
    from
        projects p1_0 
    where
        p1_0.id=?
2025-10-09T17:53:21.661+03:00 DEBUG 3688 --- [Build4All] [           main] org.hibernate.SQL                        : 
    select
        c1_0.category_id,
        c1_0.created_at,
        c1_0.icon_library,
        c1_0.icon_name,
        c1_0.name,
        c1_0.project_id,
        c1_0.updated_at 
    from
        categories c1_0 
    join
        projects p1_0 
            on p1_0.id=c1_0.project_id 
    where
        upper(c1_0.name)=upper(?) 
        and p1_0.id=?
Hibernate: 
    select
        c1_0.category_id,
        c1_0.created_at,
        c1_0.icon_library,
        c1_0.icon_name,
        c1_0.name,
        c1_0.project_id,
        c1_0.updated_at 
    from
        categories c1_0 
    join
        projects p1_0 
            on p1_0.id=c1_0.project_id 
    where
        upper(c1_0.name)=upper(?) 
        and p1_0.id=?
2025-10-09T17:53:21.662+03:00 DEBUG 3688 --- [Build4All] [           main] org.hibernate.SQL                        : 
    select
        p1_0.id,
        p1_0.is_active,
        p1_0.created_at,
        p1_0.description,
        p1_0.project_name,
        p1_0.updated_at 
    from
        projects p1_0 
    where
        p1_0.id=?
Hibernate: 
    select
        p1_0.id,
        p1_0.is_active,
        p1_0.created_at,
        p1_0.description,
        p1_0.project_name,
        p1_0.updated_at 
    from
        projects p1_0 
    where
        p1_0.id=?
2025-10-09T17:53:21.664+03:00 DEBUG 3688 --- [Build4All] [           main] org.hibernate.SQL                        : 
    select
        c1_0.category_id,
        c1_0.created_at,
        c1_0.icon_library,
        c1_0.icon_name,
        c1_0.name,
        c1_0.project_id,
        c1_0.updated_at 
    from
        categories c1_0 
    join
        projects p1_0 
            on p1_0.id=c1_0.project_id 
    where
        upper(c1_0.name)=upper(?) 
        and p1_0.id=?
Hibernate: 
    select
        c1_0.category_id,
        c1_0.created_at,
        c1_0.icon_library,
        c1_0.icon_name,
        c1_0.name,
        c1_0.project_id,
        c1_0.updated_at 
    from
        categories c1_0 
    join
        projects p1_0 
            on p1_0.id=c1_0.project_id 
    where
        upper(c1_0.name)=upper(?) 
        and p1_0.id=?
2025-10-09T17:53:21.664+03:00 DEBUG 3688 --- [Build4All] [           main] org.hibernate.SQL                        : 
    select
        p1_0.id,
        p1_0.is_active,
        p1_0.created_at,
        p1_0.description,
        p1_0.project_name,
        p1_0.updated_at 
    from
        projects p1_0 
    where
        p1_0.id=?
Hibernate: 
    select
        p1_0.id,
        p1_0.is_active,
        p1_0.created_at,
        p1_0.description,
        p1_0.project_name,
        p1_0.updated_at 
    from
        projects p1_0 
    where
        p1_0.id=?
✅ BusinessStatus seeder running...
2025-10-09T17:53:21.668+03:00 DEBUG 3688 --- [Build4All] [           main] org.hibernate.SQL                        : 
    select
        bs1_0.id,
        bs1_0.name 
    from
        business_status bs1_0 
    where
        upper(bs1_0.name)=upper(?)
Hibernate: 
    select
        bs1_0.id,
        bs1_0.name 
    from
        business_status bs1_0 
    where
        upper(bs1_0.name)=upper(?)
2025-10-09T17:53:21.672+03:00 DEBUG 3688 --- [Build4All] [           main] org.hibernate.SQL                        : 
    select
        bs1_0.id,
        bs1_0.name 
    from
        business_status bs1_0 
    where
        upper(bs1_0.name)=upper(?)
Hibernate: 
    select
        bs1_0.id,
        bs1_0.name 
    from
        business_status bs1_0 
    where
        upper(bs1_0.name)=upper(?)
2025-10-09T17:53:21.674+03:00 DEBUG 3688 --- [Build4All] [           main] org.hibernate.SQL                        : 
    select
        bs1_0.id,
        bs1_0.name 
    from
        business_status bs1_0 
    where
        upper(bs1_0.name)=upper(?)
Hibernate: 
    select
        bs1_0.id,
        bs1_0.name 
    from
        business_status bs1_0 
    where
        upper(bs1_0.name)=upper(?)
2025-10-09T17:53:21.675+03:00 DEBUG 3688 --- [Build4All] [           main] org.hibernate.SQL                        : 
    select
        bs1_0.id,
        bs1_0.name 
    from
        business_status bs1_0 
    where
        upper(bs1_0.name)=upper(?)
Hibernate: 
    select
        bs1_0.id,
        bs1_0.name 
    from
        business_status bs1_0 
    where
        upper(bs1_0.name)=upper(?)
✅ UserStatus seeder running...
2025-10-09T17:53:21.677+03:00 DEBUG 3688 --- [Build4All] [           main] org.hibernate.SQL                        : 
    select
        us1_0.id,
        us1_0.name 
    from
        user_status us1_0 
    where
        upper(us1_0.name)=upper(?)
Hibernate: 
    select
        us1_0.id,
        us1_0.name 
    from
        user_status us1_0 
    where
        upper(us1_0.name)=upper(?)
2025-10-09T17:53:21.679+03:00 DEBUG 3688 --- [Build4All] [           main] org.hibernate.SQL                        : 
    select
        us1_0.id,
        us1_0.name 
    from
        user_status us1_0 
    where
        upper(us1_0.name)=upper(?)
Hibernate: 
    select
        us1_0.id,
        us1_0.name 
    from
        user_status us1_0 
    where
        upper(us1_0.name)=upper(?)
2025-10-09T17:53:21.681+03:00 DEBUG 3688 --- [Build4All] [           main] org.hibernate.SQL                        : 
    select
        us1_0.id,
        us1_0.name 
    from
        user_status us1_0 
    where
        upper(us1_0.name)=upper(?)
Hibernate: 
    select
        us1_0.id,
        us1_0.name 
    from
        user_status us1_0 
    where
        upper(us1_0.name)=upper(?)
2025-10-09T17:53:21.682+03:00 DEBUG 3688 --- [Build4All] [           main] org.hibernate.SQL                        : 
    select
        us1_0.id,
        us1_0.name 
    from
        user_status us1_0 
    where
        upper(us1_0.name)=upper(?)
Hibernate: 
    select
        us1_0.id,
        us1_0.name 
    from
        user_status us1_0 
    where
        upper(us1_0.name)=upper(?)
2025-10-09T17:53:21.684+03:00 DEBUG 3688 --- [Build4All] [           main] org.hibernate.SQL                        : 
    select
        us1_0.id,
        us1_0.name 
    from
        user_status us1_0 
    where
        upper(us1_0.name)=upper(?)
Hibernate: 
    select
        us1_0.id,
        us1_0.name 
    from
        user_status us1_0 
    where
        upper(us1_0.name)=upper(?)
]]></system-out>
    <system-err><![CDATA[Mockito is currently self-attaching to enable the inline-mock-maker. This will no longer work in future releases of the JDK. Please add Mockito as an agent to your build as described in Mockito's documentation: https://javadoc.io/doc/org.mockito/mockito-core/latest/org.mockito/org/mockito/Mockito.html#0.3
WARNING: A Java agent has been loaded dynamically (C:\Users\HP\.m2\repository\net\bytebuddy\byte-buddy-agent\1.17.7\byte-buddy-agent-1.17.7.jar)
WARNING: If a serviceability tool is in use, please run with -XX:+EnableDynamicAgentLoading to hide this warning
WARNING: If a serviceability tool is not in use, please run with -Djdk.instrument.traceUsage for more information
WARNING: Dynamic loading of agents will be disallowed by default in a future release
]]></system-err>
  </testcase>
</testsuite>