<?xml version="1.0" encoding="UTF-8"?>
<testsuite xmlns:xsi="http://www.w3.org/2001/XMLSchema-instance" xsi:noNamespaceSchemaLocation="https://maven.apache.org/surefire/maven-surefire-plugin/xsd/surefire-test-report.xsd" version="3.0.2" name="com.build4all.Build4AllApplicationTests" time="21.239" tests="1" errors="0" skipped="0" failures="0">
  <properties>
[...]
</properties>
  <testcase name="contextLoads" classname="com.build4all.Build4AllApplicationTests" time="0.534">
    <system-out><![CDATA[11:41:48.851 [main] INFO org.springframework.test.context.support.AnnotationConfigContextLoaderUtils -- Could not detect default configuration classes for test class [com.build4all.Build4AllApplicationTests]: Build4AllApplicationTests does not declare any static, non-private, non-final, nested classes annotated with @Configuration.
11:41:48.990 [main] INFO org.springframework.boot.test.context.SpringBootTestContextBootstrapper -- Found @SpringBootConfiguration com.build4all.Build4AllApplication for test class com.build4all.Build4AllApplicationTests
11:41:49.191 [main] INFO org.springframework.boot.devtools.restart.RestartApplicationListener -- Restart disabled due to context in which it is running

  .   ____          _            __ _ _
 /\\ / ___'_ __ _ _(_)_ __  __ _ \ \ \ \
( ( )\___ | '_ | '_| | '_ \/ _` | \ \ \ \
 \\/  ___)| |_)| | | | | || (_| |  ) ) ) )
  '  |____| .__|_| |_|_| |_\__, | / / / /
 =========|_|==============|___/=/_/_/_/

 :: Spring Boot ::                (v3.5.6)

2025-10-09T11:41:49.447+03:00  INFO 3412 --- [Build4All] [           main] c.build4all.Build4AllApplicationTests    : Starting Build4AllApplicationTests using Java 21.0.7 with PID 3412 (started by HP in E:\Eclipse\Build4All)
2025-10-09T11:41:49.448+03:00  INFO 3412 --- [Build4All] [           main] c.build4all.Build4AllApplicationTests    : No active profile set, falling back to 1 default profile: "default"
2025-10-09T11:41:50.627+03:00  INFO 3412 --- [Build4All] [           main] .s.d.r.c.RepositoryConfigurationDelegate : Bootstrapping Spring Data JPA repositories in DEFAULT mode.
2025-10-09T11:41:50.988+03:00  INFO 3412 --- [Build4All] [           main] .s.d.r.c.RepositoryConfigurationDelegate : Finished Spring Data repository scanning in 353 ms. Found 40 JPA repository interfaces.
2025-10-09T11:41:51.696+03:00  INFO 3412 --- [Build4All] [           main] o.hibernate.jpa.internal.util.LogHelper  : HHH000204: Processing PersistenceUnitInfo [name: default]
2025-10-09T11:41:51.765+03:00  INFO 3412 --- [Build4All] [           main] org.hibernate.Version                    : HHH000412: Hibernate ORM core version 6.6.29.Final
2025-10-09T11:41:51.801+03:00  INFO 3412 --- [Build4All] [           main] o.h.c.internal.RegionFactoryInitiator    : HHH000026: Second-level cache disabled
2025-10-09T11:41:52.179+03:00  INFO 3412 --- [Build4All] [           main] o.s.o.j.p.SpringPersistenceUnitInfo      : No LoadTimeWeaver setup: ignoring JPA class transformer
2025-10-09T11:41:52.218+03:00  INFO 3412 --- [Build4All] [           main] com.zaxxer.hikari.HikariDataSource       : HikariPool-1 - Starting...
2025-10-09T11:41:52.399+03:00  INFO 3412 --- [Build4All] [           main] com.zaxxer.hikari.pool.HikariPool        : HikariPool-1 - Added connection org.postgresql.jdbc.PgConnection@5c13af01
2025-10-09T11:41:52.402+03:00  INFO 3412 --- [Build4All] [           main] com.zaxxer.hikari.HikariDataSource       : HikariPool-1 - Start completed.
2025-10-09T11:41:52.465+03:00  WARN 3412 --- [Build4All] [           main] org.hibernate.orm.deprecation            : HHH90000025: PostgreSQLDialect does not need to be specified explicitly using 'hibernate.dialect' (remove the property setting and it will be selected by default)
2025-10-09T11:41:52.490+03:00  INFO 3412 --- [Build4All] [           main] org.hibernate.orm.connections.pooling    : HHH10001005: Database info:
	Database JDBC URL [Connecting through datasource 'HikariDataSource (HikariPool-1)']
	Database driver: undefined/unknown
	Database version: 14.1
	Autocommit mode: undefined/unknown
	Isolation level: undefined/unknown
	Minimum pool size: undefined/unknown
	Maximum pool size: undefined/unknown
2025-10-09T11:41:54.947+03:00  INFO 3412 --- [Build4All] [           main] o.h.e.t.j.p.i.JtaPlatformInitiator       : HHH000489: No JTA platform available (set 'hibernate.transaction.jta.platform' to enable JTA platform integration)
2025-10-09T11:41:58.875+03:00  INFO 3412 --- [Build4All] [           main] j.LocalContainerEntityManagerFactoryBean : Initialized JPA EntityManagerFactory for persistence unit 'default'
2025-10-09T11:41:59.246+03:00  INFO 3412 --- [Build4All] [           main] o.s.d.j.r.query.QueryEnhancerFactory     : Hibernate is in classpath; If applicable, HQL parser will be used.
2025-10-09T11:42:03.807+03:00 DEBUG 3412 --- [Build4All] [           main] org.hibernate.SQL                        : 
    select
        c1_0.currency_id,
        c1_0.code,
        c1_0.created_at,
        c1_0.currency_type,
        c1_0.symbol,
        c1_0.updated_at 
    from
        currency c1_0 
    where
        c1_0.currency_type=?
Hibernate: 
    select
        c1_0.currency_id,
        c1_0.code,
        c1_0.created_at,
        c1_0.currency_type,
        c1_0.symbol,
        c1_0.updated_at 
    from
        currency c1_0 
    where
        c1_0.currency_type=?
2025-10-09T11:42:03.896+03:00 DEBUG 3412 --- [Build4All] [           main] org.hibernate.SQL                        : 
    select
        c1_0.currency_id,
        c1_0.code,
        c1_0.created_at,
        c1_0.currency_type,
        c1_0.symbol,
        c1_0.updated_at 
    from
        currency c1_0 
    where
        c1_0.currency_type=?
Hibernate: 
    select
        c1_0.currency_id,
        c1_0.code,
        c1_0.created_at,
        c1_0.currency_type,
        c1_0.symbol,
        c1_0.updated_at 
    from
        currency c1_0 
    where
        c1_0.currency_type=?
2025-10-09T11:42:03.902+03:00 DEBUG 3412 --- [Build4All] [           main] org.hibernate.SQL                        : 
    select
        c1_0.currency_id,
        c1_0.code,
        c1_0.created_at,
        c1_0.currency_type,
        c1_0.symbol,
        c1_0.updated_at 
    from
        currency c1_0 
    where
        c1_0.currency_type=?
Hibernate: 
    select
        c1_0.currency_id,
        c1_0.code,
        c1_0.created_at,
        c1_0.currency_type,
        c1_0.symbol,
        c1_0.updated_at 
    from
        currency c1_0 
    where
        c1_0.currency_type=?
2025-10-09T11:42:04.256+03:00 DEBUG 3412 --- [Build4All] [           main] org.hibernate.SQL                        : 
    select
        r1_0.id,
        r1_0.created_at,
        r1_0.role_name,
        r1_0.updated_at 
    from
        role r1_0 
    where
        r1_0.role_name=?
Hibernate: 
    select
        r1_0.id,
        r1_0.created_at,
        r1_0.role_name,
        r1_0.updated_at 
    from
        role r1_0 
    where
        r1_0.role_name=?
2025-10-09T11:42:04.263+03:00 DEBUG 3412 --- [Build4All] [           main] org.hibernate.SQL                        : 
    select
        r1_0.id,
        r1_0.created_at,
        r1_0.role_name,
        r1_0.updated_at 
    from
        role r1_0 
    where
        r1_0.role_name=?
Hibernate: 
    select
        r1_0.id,
        r1_0.created_at,
        r1_0.role_name,
        r1_0.updated_at 
    from
        role r1_0 
    where
        r1_0.role_name=?
2025-10-09T11:42:08.425+03:00  INFO 3412 --- [Build4All] [           main] o.s.m.s.b.SimpleBrokerMessageHandler     : Starting...
2025-10-09T11:42:08.426+03:00  INFO 3412 --- [Build4All] [           main] o.s.m.s.b.SimpleBrokerMessageHandler     : BrokerAvailabilityEvent[available=true, SimpleBrokerMessageHandler [org.springframework.messaging.simp.broker.DefaultSubscriptionRegistry@70190c3a]]
2025-10-09T11:42:08.428+03:00  INFO 3412 --- [Build4All] [           main] o.s.m.s.b.SimpleBrokerMessageHandler     : Started.
2025-10-09T11:42:08.511+03:00  INFO 3412 --- [Build4All] [           main] c.build4all.Build4AllApplicationTests    : Started Build4AllApplicationTests in 19.332 seconds (process running for 20.416)
✅ PostVisibility seeder running...
2025-10-09T11:42:08.523+03:00 DEBUG 3412 --- [Build4All] [           main] org.hibernate.SQL                        : 
    select
        pv1_0.id,
        pv1_0.name 
    from
        post_visibility pv1_0 
    where
        upper(pv1_0.name)=upper(?)
Hibernate: 
    select
        pv1_0.id,
        pv1_0.name 
    from
        post_visibility pv1_0 
    where
        upper(pv1_0.name)=upper(?)
2025-10-09T11:42:08.528+03:00 DEBUG 3412 --- [Build4All] [           main] org.hibernate.SQL                        : 
    select
        pv1_0.id,
        pv1_0.name 
    from
        post_visibility pv1_0 
    where
        upper(pv1_0.name)=upper(?)
Hibernate: 
    select
        pv1_0.id,
        pv1_0.name 
    from
        post_visibility pv1_0 
    where
        upper(pv1_0.name)=upper(?)
2025-10-09T11:42:08.531+03:00 DEBUG 3412 --- [Build4All] [           main] org.hibernate.SQL                        : 
    select
        pv1_0.id,
        pv1_0.name 
    from
        post_visibility pv1_0 
    where
        upper(pv1_0.name)=upper(?)
Hibernate: 
    select
        pv1_0.id,
        pv1_0.name 
    from
        post_visibility pv1_0 
    where
        upper(pv1_0.name)=upper(?)
✅ ItemType seeder running...
2025-10-09T11:42:08.534+03:00 DEBUG 3412 --- [Build4All] [           main] org.hibernate.SQL                        : 
    select
        p1_0.id,
        p1_0.is_active,
        p1_0.created_at,
        p1_0.description,
        p1_0.project_name,
        p1_0.updated_at 
    from
        projects p1_0 
    where
        upper(p1_0.project_name)=upper(?)
Hibernate: 
    select
        p1_0.id,
        p1_0.is_active,
        p1_0.created_at,
        p1_0.description,
        p1_0.project_name,
        p1_0.updated_at 
    from
        projects p1_0 
    where
        upper(p1_0.project_name)=upper(?)
2025-10-09T11:42:08.558+03:00 DEBUG 3412 --- [Build4All] [           main] org.hibernate.SQL                        : 
    select
        c1_0.category_id,
        c1_0.created_at,
        c1_0.icon_library,
        c1_0.icon_name,
        c1_0.name,
        c1_0.project_id,
        c1_0.updated_at 
    from
        categories c1_0 
    join
        projects p1_0 
            on p1_0.id=c1_0.project_id 
    where
        upper(c1_0.name)=upper(?) 
        and p1_0.id=?
Hibernate: 
    select
        c1_0.category_id,
        c1_0.created_at,
        c1_0.icon_library,
        c1_0.icon_name,
        c1_0.name,
        c1_0.project_id,
        c1_0.updated_at 
    from
        categories c1_0 
    join
        projects p1_0 
            on p1_0.id=c1_0.project_id 
    where
        upper(c1_0.name)=upper(?) 
        and p1_0.id=?
2025-10-09T11:42:08.569+03:00 DEBUG 3412 --- [Build4All] [           main] org.hibernate.SQL                        : 
    select
        p1_0.id,
        p1_0.is_active,
        p1_0.created_at,
        p1_0.description,
        p1_0.project_name,
        p1_0.updated_at 
    from
        projects p1_0 
    where
        p1_0.id=?
Hibernate: 
    select
        p1_0.id,
        p1_0.is_active,
        p1_0.created_at,
        p1_0.description,
        p1_0.project_name,
        p1_0.updated_at 
    from
        projects p1_0 
    where
        p1_0.id=?
2025-10-09T11:42:08.575+03:00 DEBUG 3412 --- [Build4All] [           main] org.hibernate.SQL                        : 
    select
        it1_0.id,
        it1_0.category_id,
        it1_0.icon_name,
        it1_0.icon_library,
        it1_0.item_type_name 
    from
        item_types it1_0 
    where
        it1_0.item_type_name=?
Hibernate: 
    select
        it1_0.id,
        it1_0.category_id,
        it1_0.icon_name,
        it1_0.icon_library,
        it1_0.item_type_name 
    from
        item_types it1_0 
    where
        it1_0.item_type_name=?
2025-10-09T11:42:08.577+03:00 DEBUG 3412 --- [Build4All] [           main] org.hibernate.SQL                        : 
    select
        c1_0.category_id,
        c1_0.created_at,
        c1_0.icon_library,
        c1_0.icon_name,
        c1_0.name,
        c1_0.project_id,
        p1_0.id,
        p1_0.is_active,
        p1_0.created_at,
        p1_0.description,
        p1_0.project_name,
        p1_0.updated_at,
        c1_0.updated_at 
    from
        categories c1_0 
    join
        projects p1_0 
            on p1_0.id=c1_0.project_id 
    where
        c1_0.category_id=?
Hibernate: 
    select
        c1_0.category_id,
        c1_0.created_at,
        c1_0.icon_library,
        c1_0.icon_name,
        c1_0.name,
        c1_0.project_id,
        p1_0.id,
        p1_0.is_active,
        p1_0.created_at,
        p1_0.description,
        p1_0.project_name,
        p1_0.updated_at,
        c1_0.updated_at 
    from
        categories c1_0 
    join
        projects p1_0 
            on p1_0.id=c1_0.project_id 
    where
        c1_0.category_id=?
2025-10-09T11:42:08.582+03:00 DEBUG 3412 --- [Build4All] [           main] org.hibernate.SQL                        : 
    select
        c1_0.category_id,
        c1_0.created_at,
        c1_0.icon_library,
        c1_0.icon_name,
        c1_0.name,
        c1_0.project_id,
        c1_0.updated_at 
    from
        categories c1_0 
    join
        projects p1_0 
            on p1_0.id=c1_0.project_id 
    where
        upper(c1_0.name)=upper(?) 
        and p1_0.id=?
Hibernate: 
    select
        c1_0.category_id,
        c1_0.created_at,
        c1_0.icon_library,
        c1_0.icon_name,
        c1_0.name,
        c1_0.project_id,
        c1_0.updated_at 
    from
        categories c1_0 
    join
        projects p1_0 
            on p1_0.id=c1_0.project_id 
    where
        upper(c1_0.name)=upper(?) 
        and p1_0.id=?
2025-10-09T11:42:08.583+03:00 DEBUG 3412 --- [Build4All] [           main] org.hibernate.SQL                        : 
    select
        p1_0.id,
        p1_0.is_active,
        p1_0.created_at,
        p1_0.description,
        p1_0.project_name,
        p1_0.updated_at 
    from
        projects p1_0 
    where
        p1_0.id=?
Hibernate: 
    select
        p1_0.id,
        p1_0.is_active,
        p1_0.created_at,
        p1_0.description,
        p1_0.project_name,
        p1_0.updated_at 
    from
        projects p1_0 
    where
        p1_0.id=?
2025-10-09T11:42:08.587+03:00 DEBUG 3412 --- [Build4All] [           main] org.hibernate.SQL                        : 
    select
        it1_0.id,
        it1_0.category_id,
        it1_0.icon_name,
        it1_0.icon_library,
        it1_0.item_type_name 
    from
        item_types it1_0 
    where
        it1_0.item_type_name=?
Hibernate: 
    select
        it1_0.id,
        it1_0.category_id,
        it1_0.icon_name,
        it1_0.icon_library,
        it1_0.item_type_name 
    from
        item_types it1_0 
    where
        it1_0.item_type_name=?
2025-10-09T11:42:08.589+03:00 DEBUG 3412 --- [Build4All] [           main] org.hibernate.SQL                        : 
    select
        c1_0.category_id,
        c1_0.created_at,
        c1_0.icon_library,
        c1_0.icon_name,
        c1_0.name,
        c1_0.project_id,
        p1_0.id,
        p1_0.is_active,
        p1_0.created_at,
        p1_0.description,
        p1_0.project_name,
        p1_0.updated_at,
        c1_0.updated_at 
    from
        categories c1_0 
    join
        projects p1_0 
            on p1_0.id=c1_0.project_id 
    where
        c1_0.category_id=?
Hibernate: 
    select
        c1_0.category_id,
        c1_0.created_at,
        c1_0.icon_library,
        c1_0.icon_name,
        c1_0.name,
        c1_0.project_id,
        p1_0.id,
        p1_0.is_active,
        p1_0.created_at,
        p1_0.description,
        p1_0.project_name,
        p1_0.updated_at,
        c1_0.updated_at 
    from
        categories c1_0 
    join
        projects p1_0 
            on p1_0.id=c1_0.project_id 
    where
        c1_0.category_id=?
2025-10-09T11:42:08.594+03:00 DEBUG 3412 --- [Build4All] [           main] org.hibernate.SQL                        : 
    select
        c1_0.category_id,
        c1_0.created_at,
        c1_0.icon_library,
        c1_0.icon_name,
        c1_0.name,
        c1_0.project_id,
        c1_0.updated_at 
    from
        categories c1_0 
    join
        projects p1_0 
            on p1_0.id=c1_0.project_id 
    where
        upper(c1_0.name)=upper(?) 
        and p1_0.id=?
Hibernate: 
    select
        c1_0.category_id,
        c1_0.created_at,
        c1_0.icon_library,
        c1_0.icon_name,
        c1_0.name,
        c1_0.project_id,
        c1_0.updated_at 
    from
        categories c1_0 
    join
        projects p1_0 
            on p1_0.id=c1_0.project_id 
    where
        upper(c1_0.name)=upper(?) 
        and p1_0.id=?
2025-10-09T11:42:08.595+03:00 DEBUG 3412 --- [Build4All] [           main] org.hibernate.SQL                        : 
    select
        p1_0.id,
        p1_0.is_active,
        p1_0.created_at,
        p1_0.description,
        p1_0.project_name,
        p1_0.updated_at 
    from
        projects p1_0 
    where
        p1_0.id=?
Hibernate: 
    select
        p1_0.id,
        p1_0.is_active,
        p1_0.created_at,
        p1_0.description,
        p1_0.project_name,
        p1_0.updated_at 
    from
        projects p1_0 
    where
        p1_0.id=?
2025-10-09T11:42:08.599+03:00 DEBUG 3412 --- [Build4All] [           main] org.hibernate.SQL                        : 
    select
        it1_0.id,
        it1_0.category_id,
        it1_0.icon_name,
        it1_0.icon_library,
        it1_0.item_type_name 
    from
        item_types it1_0 
    where
        it1_0.item_type_name=?
Hibernate: 
    select
        it1_0.id,
        it1_0.category_id,
        it1_0.icon_name,
        it1_0.icon_library,
        it1_0.item_type_name 
    from
        item_types it1_0 
    where
        it1_0.item_type_name=?
2025-10-09T11:42:08.600+03:00 DEBUG 3412 --- [Build4All] [           main] org.hibernate.SQL                        : 
    select
        c1_0.category_id,
        c1_0.created_at,
        c1_0.icon_library,
        c1_0.icon_name,
        c1_0.name,
        c1_0.project_id,
        p1_0.id,
        p1_0.is_active,
        p1_0.created_at,
        p1_0.description,
        p1_0.project_name,
        p1_0.updated_at,
        c1_0.updated_at 
    from
        categories c1_0 
    join
        projects p1_0 
            on p1_0.id=c1_0.project_id 
    where
        c1_0.category_id=?
Hibernate: 
    select
        c1_0.category_id,
        c1_0.created_at,
        c1_0.icon_library,
        c1_0.icon_name,
        c1_0.name,
        c1_0.project_id,
        p1_0.id,
        p1_0.is_active,
        p1_0.created_at,
        p1_0.description,
        p1_0.project_name,
        p1_0.updated_at,
        c1_0.updated_at 
    from
        categories c1_0 
    join
        projects p1_0 
            on p1_0.id=c1_0.project_id 
    where
        c1_0.category_id=?
2025-10-09T11:42:08.604+03:00 DEBUG 3412 --- [Build4All] [           main] org.hibernate.SQL                        : 
    select
        c1_0.category_id,
        c1_0.created_at,
        c1_0.icon_library,
        c1_0.icon_name,
        c1_0.name,
        c1_0.project_id,
        c1_0.updated_at 
    from
        categories c1_0 
    join
        projects p1_0 
            on p1_0.id=c1_0.project_id 
    where
        upper(c1_0.name)=upper(?) 
        and p1_0.id=?
Hibernate: 
    select
        c1_0.category_id,
        c1_0.created_at,
        c1_0.icon_library,
        c1_0.icon_name,
        c1_0.name,
        c1_0.project_id,
        c1_0.updated_at 
    from
        categories c1_0 
    join
        projects p1_0 
            on p1_0.id=c1_0.project_id 
    where
        upper(c1_0.name)=upper(?) 
        and p1_0.id=?
2025-10-09T11:42:08.606+03:00 DEBUG 3412 --- [Build4All] [           main] org.hibernate.SQL                        : 
    select
        p1_0.id,
        p1_0.is_active,
        p1_0.created_at,
        p1_0.description,
        p1_0.project_name,
        p1_0.updated_at 
    from
        projects p1_0 
    where
        p1_0.id=?
Hibernate: 
    select
        p1_0.id,
        p1_0.is_active,
        p1_0.created_at,
        p1_0.description,
        p1_0.project_name,
        p1_0.updated_at 
    from
        projects p1_0 
    where
        p1_0.id=?
2025-10-09T11:42:08.610+03:00 DEBUG 3412 --- [Build4All] [           main] org.hibernate.SQL                        : 
    select
        it1_0.id,
        it1_0.category_id,
        it1_0.icon_name,
        it1_0.icon_library,
        it1_0.item_type_name 
    from
        item_types it1_0 
    where
        it1_0.item_type_name=?
Hibernate: 
    select
        it1_0.id,
        it1_0.category_id,
        it1_0.icon_name,
        it1_0.icon_library,
        it1_0.item_type_name 
    from
        item_types it1_0 
    where
        it1_0.item_type_name=?
2025-10-09T11:42:08.612+03:00 DEBUG 3412 --- [Build4All] [           main] org.hibernate.SQL                        : 
    select
        c1_0.category_id,
        c1_0.created_at,
        c1_0.icon_library,
        c1_0.icon_name,
        c1_0.name,
        c1_0.project_id,
        p1_0.id,
        p1_0.is_active,
        p1_0.created_at,
        p1_0.description,
        p1_0.project_name,
        p1_0.updated_at,
        c1_0.updated_at 
    from
        categories c1_0 
    join
        projects p1_0 
            on p1_0.id=c1_0.project_id 
    where
        c1_0.category_id=?
Hibernate: 
    select
        c1_0.category_id,
        c1_0.created_at,
        c1_0.icon_library,
        c1_0.icon_name,
        c1_0.name,
        c1_0.project_id,
        p1_0.id,
        p1_0.is_active,
        p1_0.created_at,
        p1_0.description,
        p1_0.project_name,
        p1_0.updated_at,
        c1_0.updated_at 
    from
        categories c1_0 
    join
        projects p1_0 
            on p1_0.id=c1_0.project_id 
    where
        c1_0.category_id=?
2025-10-09T11:42:08.616+03:00 DEBUG 3412 --- [Build4All] [           main] org.hibernate.SQL                        : 
    select
        c1_0.category_id,
        c1_0.created_at,
        c1_0.icon_library,
        c1_0.icon_name,
        c1_0.name,
        c1_0.project_id,
        c1_0.updated_at 
    from
        categories c1_0 
    join
        projects p1_0 
            on p1_0.id=c1_0.project_id 
    where
        upper(c1_0.name)=upper(?) 
        and p1_0.id=?
Hibernate: 
    select
        c1_0.category_id,
        c1_0.created_at,
        c1_0.icon_library,
        c1_0.icon_name,
        c1_0.name,
        c1_0.project_id,
        c1_0.updated_at 
    from
        categories c1_0 
    join
        projects p1_0 
            on p1_0.id=c1_0.project_id 
    where
        upper(c1_0.name)=upper(?) 
        and p1_0.id=?
2025-10-09T11:42:08.618+03:00 DEBUG 3412 --- [Build4All] [           main] org.hibernate.SQL                        : 
    select
        p1_0.id,
        p1_0.is_active,
        p1_0.created_at,
        p1_0.description,
        p1_0.project_name,
        p1_0.updated_at 
    from
        projects p1_0 
    where
        p1_0.id=?
Hibernate: 
    select
        p1_0.id,
        p1_0.is_active,
        p1_0.created_at,
        p1_0.description,
        p1_0.project_name,
        p1_0.updated_at 
    from
        projects p1_0 
    where
        p1_0.id=?
2025-10-09T11:42:08.622+03:00 DEBUG 3412 --- [Build4All] [           main] org.hibernate.SQL                        : 
    select
        it1_0.id,
        it1_0.category_id,
        it1_0.icon_name,
        it1_0.icon_library,
        it1_0.item_type_name 
    from
        item_types it1_0 
    where
        it1_0.item_type_name=?
Hibernate: 
    select
        it1_0.id,
        it1_0.category_id,
        it1_0.icon_name,
        it1_0.icon_library,
        it1_0.item_type_name 
    from
        item_types it1_0 
    where
        it1_0.item_type_name=?
2025-10-09T11:42:08.623+03:00 DEBUG 3412 --- [Build4All] [           main] org.hibernate.SQL                        : 
    select
        c1_0.category_id,
        c1_0.created_at,
        c1_0.icon_library,
        c1_0.icon_name,
        c1_0.name,
        c1_0.project_id,
        p1_0.id,
        p1_0.is_active,
        p1_0.created_at,
        p1_0.description,
        p1_0.project_name,
        p1_0.updated_at,
        c1_0.updated_at 
    from
        categories c1_0 
    join
        projects p1_0 
            on p1_0.id=c1_0.project_id 
    where
        c1_0.category_id=?
Hibernate: 
    select
        c1_0.category_id,
        c1_0.created_at,
        c1_0.icon_library,
        c1_0.icon_name,
        c1_0.name,
        c1_0.project_id,
        p1_0.id,
        p1_0.is_active,
        p1_0.created_at,
        p1_0.description,
        p1_0.project_name,
        p1_0.updated_at,
        c1_0.updated_at 
    from
        categories c1_0 
    join
        projects p1_0 
            on p1_0.id=c1_0.project_id 
    where
        c1_0.category_id=?
2025-10-09T11:42:08.629+03:00 DEBUG 3412 --- [Build4All] [           main] org.hibernate.SQL                        : 
    select
        c1_0.category_id,
        c1_0.created_at,
        c1_0.icon_library,
        c1_0.icon_name,
        c1_0.name,
        c1_0.project_id,
        c1_0.updated_at 
    from
        categories c1_0 
    join
        projects p1_0 
            on p1_0.id=c1_0.project_id 
    where
        upper(c1_0.name)=upper(?) 
        and p1_0.id=?
Hibernate: 
    select
        c1_0.category_id,
        c1_0.created_at,
        c1_0.icon_library,
        c1_0.icon_name,
        c1_0.name,
        c1_0.project_id,
        c1_0.updated_at 
    from
        categories c1_0 
    join
        projects p1_0 
            on p1_0.id=c1_0.project_id 
    where
        upper(c1_0.name)=upper(?) 
        and p1_0.id=?
2025-10-09T11:42:08.630+03:00 DEBUG 3412 --- [Build4All] [           main] org.hibernate.SQL                        : 
    select
        p1_0.id,
        p1_0.is_active,
        p1_0.created_at,
        p1_0.description,
        p1_0.project_name,
        p1_0.updated_at 
    from
        projects p1_0 
    where
        p1_0.id=?
Hibernate: 
    select
        p1_0.id,
        p1_0.is_active,
        p1_0.created_at,
        p1_0.description,
        p1_0.project_name,
        p1_0.updated_at 
    from
        projects p1_0 
    where
        p1_0.id=?
2025-10-09T11:42:08.635+03:00 DEBUG 3412 --- [Build4All] [           main] org.hibernate.SQL                        : 
    select
        it1_0.id,
        it1_0.category_id,
        it1_0.icon_name,
        it1_0.icon_library,
        it1_0.item_type_name 
    from
        item_types it1_0 
    where
        it1_0.item_type_name=?
Hibernate: 
    select
        it1_0.id,
        it1_0.category_id,
        it1_0.icon_name,
        it1_0.icon_library,
        it1_0.item_type_name 
    from
        item_types it1_0 
    where
        it1_0.item_type_name=?
2025-10-09T11:42:08.637+03:00 DEBUG 3412 --- [Build4All] [           main] org.hibernate.SQL                        : 
    select
        c1_0.category_id,
        c1_0.created_at,
        c1_0.icon_library,
        c1_0.icon_name,
        c1_0.name,
        c1_0.project_id,
        p1_0.id,
        p1_0.is_active,
        p1_0.created_at,
        p1_0.description,
        p1_0.project_name,
        p1_0.updated_at,
        c1_0.updated_at 
    from
        categories c1_0 
    join
        projects p1_0 
            on p1_0.id=c1_0.project_id 
    where
        c1_0.category_id=?
Hibernate: 
    select
        c1_0.category_id,
        c1_0.created_at,
        c1_0.icon_library,
        c1_0.icon_name,
        c1_0.name,
        c1_0.project_id,
        p1_0.id,
        p1_0.is_active,
        p1_0.created_at,
        p1_0.description,
        p1_0.project_name,
        p1_0.updated_at,
        c1_0.updated_at 
    from
        categories c1_0 
    join
        projects p1_0 
            on p1_0.id=c1_0.project_id 
    where
        c1_0.category_id=?
2025-10-09T11:42:08.641+03:00 DEBUG 3412 --- [Build4All] [           main] org.hibernate.SQL                        : 
    select
        c1_0.category_id,
        c1_0.created_at,
        c1_0.icon_library,
        c1_0.icon_name,
        c1_0.name,
        c1_0.project_id,
        c1_0.updated_at 
    from
        categories c1_0 
    join
        projects p1_0 
            on p1_0.id=c1_0.project_id 
    where
        upper(c1_0.name)=upper(?) 
        and p1_0.id=?
Hibernate: 
    select
        c1_0.category_id,
        c1_0.created_at,
        c1_0.icon_library,
        c1_0.icon_name,
        c1_0.name,
        c1_0.project_id,
        c1_0.updated_at 
    from
        categories c1_0 
    join
        projects p1_0 
            on p1_0.id=c1_0.project_id 
    where
        upper(c1_0.name)=upper(?) 
        and p1_0.id=?
2025-10-09T11:42:08.643+03:00 DEBUG 3412 --- [Build4All] [           main] org.hibernate.SQL                        : 
    select
        p1_0.id,
        p1_0.is_active,
        p1_0.created_at,
        p1_0.description,
        p1_0.project_name,
        p1_0.updated_at 
    from
        projects p1_0 
    where
        p1_0.id=?
Hibernate: 
    select
        p1_0.id,
        p1_0.is_active,
        p1_0.created_at,
        p1_0.description,
        p1_0.project_name,
        p1_0.updated_at 
    from
        projects p1_0 
    where
        p1_0.id=?
2025-10-09T11:42:08.646+03:00 DEBUG 3412 --- [Build4All] [           main] org.hibernate.SQL                        : 
    select
        it1_0.id,
        it1_0.category_id,
        it1_0.icon_name,
        it1_0.icon_library,
        it1_0.item_type_name 
    from
        item_types it1_0 
    where
        it1_0.item_type_name=?
Hibernate: 
    select
        it1_0.id,
        it1_0.category_id,
        it1_0.icon_name,
        it1_0.icon_library,
        it1_0.item_type_name 
    from
        item_types it1_0 
    where
        it1_0.item_type_name=?
2025-10-09T11:42:08.648+03:00 DEBUG 3412 --- [Build4All] [           main] org.hibernate.SQL                        : 
    select
        c1_0.category_id,
        c1_0.created_at,
        c1_0.icon_library,
        c1_0.icon_name,
        c1_0.name,
        c1_0.project_id,
        p1_0.id,
        p1_0.is_active,
        p1_0.created_at,
        p1_0.description,
        p1_0.project_name,
        p1_0.updated_at,
        c1_0.updated_at 
    from
        categories c1_0 
    join
        projects p1_0 
            on p1_0.id=c1_0.project_id 
    where
        c1_0.category_id=?
Hibernate: 
    select
        c1_0.category_id,
        c1_0.created_at,
        c1_0.icon_library,
        c1_0.icon_name,
        c1_0.name,
        c1_0.project_id,
        p1_0.id,
        p1_0.is_active,
        p1_0.created_at,
        p1_0.description,
        p1_0.project_name,
        p1_0.updated_at,
        c1_0.updated_at 
    from
        categories c1_0 
    join
        projects p1_0 
            on p1_0.id=c1_0.project_id 
    where
        c1_0.category_id=?
2025-10-09T11:42:08.653+03:00 DEBUG 3412 --- [Build4All] [           main] org.hibernate.SQL                        : 
    select
        c1_0.category_id,
        c1_0.created_at,
        c1_0.icon_library,
        c1_0.icon_name,
        c1_0.name,
        c1_0.project_id,
        c1_0.updated_at 
    from
        categories c1_0 
    join
        projects p1_0 
            on p1_0.id=c1_0.project_id 
    where
        upper(c1_0.name)=upper(?) 
        and p1_0.id=?
Hibernate: 
    select
        c1_0.category_id,
        c1_0.created_at,
        c1_0.icon_library,
        c1_0.icon_name,
        c1_0.name,
        c1_0.project_id,
        c1_0.updated_at 
    from
        categories c1_0 
    join
        projects p1_0 
            on p1_0.id=c1_0.project_id 
    where
        upper(c1_0.name)=upper(?) 
        and p1_0.id=?
2025-10-09T11:42:08.654+03:00 DEBUG 3412 --- [Build4All] [           main] org.hibernate.SQL                        : 
    select
        p1_0.id,
        p1_0.is_active,
        p1_0.created_at,
        p1_0.description,
        p1_0.project_name,
        p1_0.updated_at 
    from
        projects p1_0 
    where
        p1_0.id=?
Hibernate: 
    select
        p1_0.id,
        p1_0.is_active,
        p1_0.created_at,
        p1_0.description,
        p1_0.project_name,
        p1_0.updated_at 
    from
        projects p1_0 
    where
        p1_0.id=?
2025-10-09T11:42:08.657+03:00 DEBUG 3412 --- [Build4All] [           main] org.hibernate.SQL                        : 
    select
        it1_0.id,
        it1_0.category_id,
        it1_0.icon_name,
        it1_0.icon_library,
        it1_0.item_type_name 
    from
        item_types it1_0 
    where
        it1_0.item_type_name=?
Hibernate: 
    select
        it1_0.id,
        it1_0.category_id,
        it1_0.icon_name,
        it1_0.icon_library,
        it1_0.item_type_name 
    from
        item_types it1_0 
    where
        it1_0.item_type_name=?
2025-10-09T11:42:08.659+03:00 DEBUG 3412 --- [Build4All] [           main] org.hibernate.SQL                        : 
    select
        c1_0.category_id,
        c1_0.created_at,
        c1_0.icon_library,
        c1_0.icon_name,
        c1_0.name,
        c1_0.project_id,
        p1_0.id,
        p1_0.is_active,
        p1_0.created_at,
        p1_0.description,
        p1_0.project_name,
        p1_0.updated_at,
        c1_0.updated_at 
    from
        categories c1_0 
    join
        projects p1_0 
            on p1_0.id=c1_0.project_id 
    where
        c1_0.category_id=?
Hibernate: 
    select
        c1_0.category_id,
        c1_0.created_at,
        c1_0.icon_library,
        c1_0.icon_name,
        c1_0.name,
        c1_0.project_id,
        p1_0.id,
        p1_0.is_active,
        p1_0.created_at,
        p1_0.description,
        p1_0.project_name,
        p1_0.updated_at,
        c1_0.updated_at 
    from
        categories c1_0 
    join
        projects p1_0 
            on p1_0.id=c1_0.project_id 
    where
        c1_0.category_id=?
2025-10-09T11:42:08.662+03:00 DEBUG 3412 --- [Build4All] [           main] org.hibernate.SQL                        : 
    select
        c1_0.category_id,
        c1_0.created_at,
        c1_0.icon_library,
        c1_0.icon_name,
        c1_0.name,
        c1_0.project_id,
        c1_0.updated_at 
    from
        categories c1_0 
    join
        projects p1_0 
            on p1_0.id=c1_0.project_id 
    where
        upper(c1_0.name)=upper(?) 
        and p1_0.id=?
Hibernate: 
    select
        c1_0.category_id,
        c1_0.created_at,
        c1_0.icon_library,
        c1_0.icon_name,
        c1_0.name,
        c1_0.project_id,
        c1_0.updated_at 
    from
        categories c1_0 
    join
        projects p1_0 
            on p1_0.id=c1_0.project_id 
    where
        upper(c1_0.name)=upper(?) 
        and p1_0.id=?
2025-10-09T11:42:08.664+03:00 DEBUG 3412 --- [Build4All] [           main] org.hibernate.SQL                        : 
    select
        p1_0.id,
        p1_0.is_active,
        p1_0.created_at,
        p1_0.description,
        p1_0.project_name,
        p1_0.updated_at 
    from
        projects p1_0 
    where
        p1_0.id=?
Hibernate: 
    select
        p1_0.id,
        p1_0.is_active,
        p1_0.created_at,
        p1_0.description,
        p1_0.project_name,
        p1_0.updated_at 
    from
        projects p1_0 
    where
        p1_0.id=?
2025-10-09T11:42:08.667+03:00 DEBUG 3412 --- [Build4All] [           main] org.hibernate.SQL                        : 
    select
        it1_0.id,
        it1_0.category_id,
        it1_0.icon_name,
        it1_0.icon_library,
        it1_0.item_type_name 
    from
        item_types it1_0 
    where
        it1_0.item_type_name=?
Hibernate: 
    select
        it1_0.id,
        it1_0.category_id,
        it1_0.icon_name,
        it1_0.icon_library,
        it1_0.item_type_name 
    from
        item_types it1_0 
    where
        it1_0.item_type_name=?
2025-10-09T11:42:08.668+03:00 DEBUG 3412 --- [Build4All] [           main] org.hibernate.SQL                        : 
    select
        c1_0.category_id,
        c1_0.created_at,
        c1_0.icon_library,
        c1_0.icon_name,
        c1_0.name,
        c1_0.project_id,
        p1_0.id,
        p1_0.is_active,
        p1_0.created_at,
        p1_0.description,
        p1_0.project_name,
        p1_0.updated_at,
        c1_0.updated_at 
    from
        categories c1_0 
    join
        projects p1_0 
            on p1_0.id=c1_0.project_id 
    where
        c1_0.category_id=?
Hibernate: 
    select
        c1_0.category_id,
        c1_0.created_at,
        c1_0.icon_library,
        c1_0.icon_name,
        c1_0.name,
        c1_0.project_id,
        p1_0.id,
        p1_0.is_active,
        p1_0.created_at,
        p1_0.description,
        p1_0.project_name,
        p1_0.updated_at,
        c1_0.updated_at 
    from
        categories c1_0 
    join
        projects p1_0 
            on p1_0.id=c1_0.project_id 
    where
        c1_0.category_id=?
2025-10-09T11:42:08.672+03:00 DEBUG 3412 --- [Build4All] [           main] org.hibernate.SQL                        : 
    select
        c1_0.category_id,
        c1_0.created_at,
        c1_0.icon_library,
        c1_0.icon_name,
        c1_0.name,
        c1_0.project_id,
        c1_0.updated_at 
    from
        categories c1_0 
    join
        projects p1_0 
            on p1_0.id=c1_0.project_id 
    where
        upper(c1_0.name)=upper(?) 
        and p1_0.id=?
Hibernate: 
    select
        c1_0.category_id,
        c1_0.created_at,
        c1_0.icon_library,
        c1_0.icon_name,
        c1_0.name,
        c1_0.project_id,
        c1_0.updated_at 
    from
        categories c1_0 
    join
        projects p1_0 
            on p1_0.id=c1_0.project_id 
    where
        upper(c1_0.name)=upper(?) 
        and p1_0.id=?
2025-10-09T11:42:08.674+03:00 DEBUG 3412 --- [Build4All] [           main] org.hibernate.SQL                        : 
    select
        p1_0.id,
        p1_0.is_active,
        p1_0.created_at,
        p1_0.description,
        p1_0.project_name,
        p1_0.updated_at 
    from
        projects p1_0 
    where
        p1_0.id=?
Hibernate: 
    select
        p1_0.id,
        p1_0.is_active,
        p1_0.created_at,
        p1_0.description,
        p1_0.project_name,
        p1_0.updated_at 
    from
        projects p1_0 
    where
        p1_0.id=?
2025-10-09T11:42:08.677+03:00 DEBUG 3412 --- [Build4All] [           main] org.hibernate.SQL                        : 
    select
        it1_0.id,
        it1_0.category_id,
        it1_0.icon_name,
        it1_0.icon_library,
        it1_0.item_type_name 
    from
        item_types it1_0 
    where
        it1_0.item_type_name=?
Hibernate: 
    select
        it1_0.id,
        it1_0.category_id,
        it1_0.icon_name,
        it1_0.icon_library,
        it1_0.item_type_name 
    from
        item_types it1_0 
    where
        it1_0.item_type_name=?
2025-10-09T11:42:08.678+03:00 DEBUG 3412 --- [Build4All] [           main] org.hibernate.SQL                        : 
    select
        c1_0.category_id,
        c1_0.created_at,
        c1_0.icon_library,
        c1_0.icon_name,
        c1_0.name,
        c1_0.project_id,
        p1_0.id,
        p1_0.is_active,
        p1_0.created_at,
        p1_0.description,
        p1_0.project_name,
        p1_0.updated_at,
        c1_0.updated_at 
    from
        categories c1_0 
    join
        projects p1_0 
            on p1_0.id=c1_0.project_id 
    where
        c1_0.category_id=?
Hibernate: 
    select
        c1_0.category_id,
        c1_0.created_at,
        c1_0.icon_library,
        c1_0.icon_name,
        c1_0.name,
        c1_0.project_id,
        p1_0.id,
        p1_0.is_active,
        p1_0.created_at,
        p1_0.description,
        p1_0.project_name,
        p1_0.updated_at,
        c1_0.updated_at 
    from
        categories c1_0 
    join
        projects p1_0 
            on p1_0.id=c1_0.project_id 
    where
        c1_0.category_id=?
2025-10-09T11:42:08.681+03:00 DEBUG 3412 --- [Build4All] [           main] org.hibernate.SQL                        : 
    select
        c1_0.category_id,
        c1_0.created_at,
        c1_0.icon_library,
        c1_0.icon_name,
        c1_0.name,
        c1_0.project_id,
        c1_0.updated_at 
    from
        categories c1_0 
    join
        projects p1_0 
            on p1_0.id=c1_0.project_id 
    where
        upper(c1_0.name)=upper(?) 
        and p1_0.id=?
Hibernate: 
    select
        c1_0.category_id,
        c1_0.created_at,
        c1_0.icon_library,
        c1_0.icon_name,
        c1_0.name,
        c1_0.project_id,
        c1_0.updated_at 
    from
        categories c1_0 
    join
        projects p1_0 
            on p1_0.id=c1_0.project_id 
    where
        upper(c1_0.name)=upper(?) 
        and p1_0.id=?
2025-10-09T11:42:08.683+03:00 DEBUG 3412 --- [Build4All] [           main] org.hibernate.SQL                        : 
    select
        p1_0.id,
        p1_0.is_active,
        p1_0.created_at,
        p1_0.description,
        p1_0.project_name,
        p1_0.updated_at 
    from
        projects p1_0 
    where
        p1_0.id=?
Hibernate: 
    select
        p1_0.id,
        p1_0.is_active,
        p1_0.created_at,
        p1_0.description,
        p1_0.project_name,
        p1_0.updated_at 
    from
        projects p1_0 
    where
        p1_0.id=?
2025-10-09T11:42:08.686+03:00 DEBUG 3412 --- [Build4All] [           main] org.hibernate.SQL                        : 
    select
        it1_0.id,
        it1_0.category_id,
        it1_0.icon_name,
        it1_0.icon_library,
        it1_0.item_type_name 
    from
        item_types it1_0 
    where
        it1_0.item_type_name=?
Hibernate: 
    select
        it1_0.id,
        it1_0.category_id,
        it1_0.icon_name,
        it1_0.icon_library,
        it1_0.item_type_name 
    from
        item_types it1_0 
    where
        it1_0.item_type_name=?
2025-10-09T11:42:08.687+03:00 DEBUG 3412 --- [Build4All] [           main] org.hibernate.SQL                        : 
    select
        c1_0.category_id,
        c1_0.created_at,
        c1_0.icon_library,
        c1_0.icon_name,
        c1_0.name,
        c1_0.project_id,
        p1_0.id,
        p1_0.is_active,
        p1_0.created_at,
        p1_0.description,
        p1_0.project_name,
        p1_0.updated_at,
        c1_0.updated_at 
    from
        categories c1_0 
    join
        projects p1_0 
            on p1_0.id=c1_0.project_id 
    where
        c1_0.category_id=?
Hibernate: 
    select
        c1_0.category_id,
        c1_0.created_at,
        c1_0.icon_library,
        c1_0.icon_name,
        c1_0.name,
        c1_0.project_id,
        p1_0.id,
        p1_0.is_active,
        p1_0.created_at,
        p1_0.description,
        p1_0.project_name,
        p1_0.updated_at,
        c1_0.updated_at 
    from
        categories c1_0 
    join
        projects p1_0 
            on p1_0.id=c1_0.project_id 
    where
        c1_0.category_id=?
2025-10-09T11:42:08.690+03:00 DEBUG 3412 --- [Build4All] [           main] org.hibernate.SQL                        : 
    select
        c1_0.category_id,
        c1_0.created_at,
        c1_0.icon_library,
        c1_0.icon_name,
        c1_0.name,
        c1_0.project_id,
        c1_0.updated_at 
    from
        categories c1_0 
    join
        projects p1_0 
            on p1_0.id=c1_0.project_id 
    where
        upper(c1_0.name)=upper(?) 
        and p1_0.id=?
Hibernate: 
    select
        c1_0.category_id,
        c1_0.created_at,
        c1_0.icon_library,
        c1_0.icon_name,
        c1_0.name,
        c1_0.project_id,
        c1_0.updated_at 
    from
        categories c1_0 
    join
        projects p1_0 
            on p1_0.id=c1_0.project_id 
    where
        upper(c1_0.name)=upper(?) 
        and p1_0.id=?
2025-10-09T11:42:08.691+03:00 DEBUG 3412 --- [Build4All] [           main] org.hibernate.SQL                        : 
    select
        p1_0.id,
        p1_0.is_active,
        p1_0.created_at,
        p1_0.description,
        p1_0.project_name,
        p1_0.updated_at 
    from
        projects p1_0 
    where
        p1_0.id=?
Hibernate: 
    select
        p1_0.id,
        p1_0.is_active,
        p1_0.created_at,
        p1_0.description,
        p1_0.project_name,
        p1_0.updated_at 
    from
        projects p1_0 
    where
        p1_0.id=?
2025-10-09T11:42:08.694+03:00 DEBUG 3412 --- [Build4All] [           main] org.hibernate.SQL                        : 
    select
        it1_0.id,
        it1_0.category_id,
        it1_0.icon_name,
        it1_0.icon_library,
        it1_0.item_type_name 
    from
        item_types it1_0 
    where
        it1_0.item_type_name=?
Hibernate: 
    select
        it1_0.id,
        it1_0.category_id,
        it1_0.icon_name,
        it1_0.icon_library,
        it1_0.item_type_name 
    from
        item_types it1_0 
    where
        it1_0.item_type_name=?
2025-10-09T11:42:08.695+03:00 DEBUG 3412 --- [Build4All] [           main] org.hibernate.SQL                        : 
    select
        c1_0.category_id,
        c1_0.created_at,
        c1_0.icon_library,
        c1_0.icon_name,
        c1_0.name,
        c1_0.project_id,
        p1_0.id,
        p1_0.is_active,
        p1_0.created_at,
        p1_0.description,
        p1_0.project_name,
        p1_0.updated_at,
        c1_0.updated_at 
    from
        categories c1_0 
    join
        projects p1_0 
            on p1_0.id=c1_0.project_id 
    where
        c1_0.category_id=?
Hibernate: 
    select
        c1_0.category_id,
        c1_0.created_at,
        c1_0.icon_library,
        c1_0.icon_name,
        c1_0.name,
        c1_0.project_id,
        p1_0.id,
        p1_0.is_active,
        p1_0.created_at,
        p1_0.description,
        p1_0.project_name,
        p1_0.updated_at,
        c1_0.updated_at 
    from
        categories c1_0 
    join
        projects p1_0 
            on p1_0.id=c1_0.project_id 
    where
        c1_0.category_id=?
2025-10-09T11:42:08.698+03:00 DEBUG 3412 --- [Build4All] [           main] org.hibernate.SQL                        : 
    select
        c1_0.category_id,
        c1_0.created_at,
        c1_0.icon_library,
        c1_0.icon_name,
        c1_0.name,
        c1_0.project_id,
        c1_0.updated_at 
    from
        categories c1_0 
    join
        projects p1_0 
            on p1_0.id=c1_0.project_id 
    where
        upper(c1_0.name)=upper(?) 
        and p1_0.id=?
Hibernate: 
    select
        c1_0.category_id,
        c1_0.created_at,
        c1_0.icon_library,
        c1_0.icon_name,
        c1_0.name,
        c1_0.project_id,
        c1_0.updated_at 
    from
        categories c1_0 
    join
        projects p1_0 
            on p1_0.id=c1_0.project_id 
    where
        upper(c1_0.name)=upper(?) 
        and p1_0.id=?
2025-10-09T11:42:08.699+03:00 DEBUG 3412 --- [Build4All] [           main] org.hibernate.SQL                        : 
    select
        p1_0.id,
        p1_0.is_active,
        p1_0.created_at,
        p1_0.description,
        p1_0.project_name,
        p1_0.updated_at 
    from
        projects p1_0 
    where
        p1_0.id=?
Hibernate: 
    select
        p1_0.id,
        p1_0.is_active,
        p1_0.created_at,
        p1_0.description,
        p1_0.project_name,
        p1_0.updated_at 
    from
        projects p1_0 
    where
        p1_0.id=?
2025-10-09T11:42:08.702+03:00 DEBUG 3412 --- [Build4All] [           main] org.hibernate.SQL                        : 
    select
        it1_0.id,
        it1_0.category_id,
        it1_0.icon_name,
        it1_0.icon_library,
        it1_0.item_type_name 
    from
        item_types it1_0 
    where
        it1_0.item_type_name=?
Hibernate: 
    select
        it1_0.id,
        it1_0.category_id,
        it1_0.icon_name,
        it1_0.icon_library,
        it1_0.item_type_name 
    from
        item_types it1_0 
    where
        it1_0.item_type_name=?
2025-10-09T11:42:08.703+03:00 DEBUG 3412 --- [Build4All] [           main] org.hibernate.SQL                        : 
    select
        c1_0.category_id,
        c1_0.created_at,
        c1_0.icon_library,
        c1_0.icon_name,
        c1_0.name,
        c1_0.project_id,
        p1_0.id,
        p1_0.is_active,
        p1_0.created_at,
        p1_0.description,
        p1_0.project_name,
        p1_0.updated_at,
        c1_0.updated_at 
    from
        categories c1_0 
    join
        projects p1_0 
            on p1_0.id=c1_0.project_id 
    where
        c1_0.category_id=?
Hibernate: 
    select
        c1_0.category_id,
        c1_0.created_at,
        c1_0.icon_library,
        c1_0.icon_name,
        c1_0.name,
        c1_0.project_id,
        p1_0.id,
        p1_0.is_active,
        p1_0.created_at,
        p1_0.description,
        p1_0.project_name,
        p1_0.updated_at,
        c1_0.updated_at 
    from
        categories c1_0 
    join
        projects p1_0 
            on p1_0.id=c1_0.project_id 
    where
        c1_0.category_id=?
2025-10-09T11:42:08.705+03:00 DEBUG 3412 --- [Build4All] [           main] org.hibernate.SQL                        : 
    select
        c1_0.category_id,
        c1_0.created_at,
        c1_0.icon_library,
        c1_0.icon_name,
        c1_0.name,
        c1_0.project_id,
        c1_0.updated_at 
    from
        categories c1_0 
    join
        projects p1_0 
            on p1_0.id=c1_0.project_id 
    where
        upper(c1_0.name)=upper(?) 
        and p1_0.id=?
Hibernate: 
    select
        c1_0.category_id,
        c1_0.created_at,
        c1_0.icon_library,
        c1_0.icon_name,
        c1_0.name,
        c1_0.project_id,
        c1_0.updated_at 
    from
        categories c1_0 
    join
        projects p1_0 
            on p1_0.id=c1_0.project_id 
    where
        upper(c1_0.name)=upper(?) 
        and p1_0.id=?
2025-10-09T11:42:08.706+03:00 DEBUG 3412 --- [Build4All] [           main] org.hibernate.SQL                        : 
    select
        p1_0.id,
        p1_0.is_active,
        p1_0.created_at,
        p1_0.description,
        p1_0.project_name,
        p1_0.updated_at 
    from
        projects p1_0 
    where
        p1_0.id=?
Hibernate: 
    select
        p1_0.id,
        p1_0.is_active,
        p1_0.created_at,
        p1_0.description,
        p1_0.project_name,
        p1_0.updated_at 
    from
        projects p1_0 
    where
        p1_0.id=?
2025-10-09T11:42:08.709+03:00 DEBUG 3412 --- [Build4All] [           main] org.hibernate.SQL                        : 
    select
        it1_0.id,
        it1_0.category_id,
        it1_0.icon_name,
        it1_0.icon_library,
        it1_0.item_type_name 
    from
        item_types it1_0 
    where
        it1_0.item_type_name=?
Hibernate: 
    select
        it1_0.id,
        it1_0.category_id,
        it1_0.icon_name,
        it1_0.icon_library,
        it1_0.item_type_name 
    from
        item_types it1_0 
    where
        it1_0.item_type_name=?
2025-10-09T11:42:08.710+03:00 DEBUG 3412 --- [Build4All] [           main] org.hibernate.SQL                        : 
    select
        c1_0.category_id,
        c1_0.created_at,
        c1_0.icon_library,
        c1_0.icon_name,
        c1_0.name,
        c1_0.project_id,
        p1_0.id,
        p1_0.is_active,
        p1_0.created_at,
        p1_0.description,
        p1_0.project_name,
        p1_0.updated_at,
        c1_0.updated_at 
    from
        categories c1_0 
    join
        projects p1_0 
            on p1_0.id=c1_0.project_id 
    where
        c1_0.category_id=?
Hibernate: 
    select
        c1_0.category_id,
        c1_0.created_at,
        c1_0.icon_library,
        c1_0.icon_name,
        c1_0.name,
        c1_0.project_id,
        p1_0.id,
        p1_0.is_active,
        p1_0.created_at,
        p1_0.description,
        p1_0.project_name,
        p1_0.updated_at,
        c1_0.updated_at 
    from
        categories c1_0 
    join
        projects p1_0 
            on p1_0.id=c1_0.project_id 
    where
        c1_0.category_id=?
2025-10-09T11:42:08.714+03:00 DEBUG 3412 --- [Build4All] [           main] org.hibernate.SQL                        : 
    select
        c1_0.category_id,
        c1_0.created_at,
        c1_0.icon_library,
        c1_0.icon_name,
        c1_0.name,
        c1_0.project_id,
        c1_0.updated_at 
    from
        categories c1_0 
    join
        projects p1_0 
            on p1_0.id=c1_0.project_id 
    where
        upper(c1_0.name)=upper(?) 
        and p1_0.id=?
Hibernate: 
    select
        c1_0.category_id,
        c1_0.created_at,
        c1_0.icon_library,
        c1_0.icon_name,
        c1_0.name,
        c1_0.project_id,
        c1_0.updated_at 
    from
        categories c1_0 
    join
        projects p1_0 
            on p1_0.id=c1_0.project_id 
    where
        upper(c1_0.name)=upper(?) 
        and p1_0.id=?
2025-10-09T11:42:08.716+03:00 DEBUG 3412 --- [Build4All] [           main] org.hibernate.SQL                        : 
    select
        p1_0.id,
        p1_0.is_active,
        p1_0.created_at,
        p1_0.description,
        p1_0.project_name,
        p1_0.updated_at 
    from
        projects p1_0 
    where
        p1_0.id=?
Hibernate: 
    select
        p1_0.id,
        p1_0.is_active,
        p1_0.created_at,
        p1_0.description,
        p1_0.project_name,
        p1_0.updated_at 
    from
        projects p1_0 
    where
        p1_0.id=?
2025-10-09T11:42:08.719+03:00 DEBUG 3412 --- [Build4All] [           main] org.hibernate.SQL                        : 
    select
        it1_0.id,
        it1_0.category_id,
        it1_0.icon_name,
        it1_0.icon_library,
        it1_0.item_type_name 
    from
        item_types it1_0 
    where
        it1_0.item_type_name=?
Hibernate: 
    select
        it1_0.id,
        it1_0.category_id,
        it1_0.icon_name,
        it1_0.icon_library,
        it1_0.item_type_name 
    from
        item_types it1_0 
    where
        it1_0.item_type_name=?
2025-10-09T11:42:08.721+03:00 DEBUG 3412 --- [Build4All] [           main] org.hibernate.SQL                        : 
    select
        c1_0.category_id,
        c1_0.created_at,
        c1_0.icon_library,
        c1_0.icon_name,
        c1_0.name,
        c1_0.project_id,
        p1_0.id,
        p1_0.is_active,
        p1_0.created_at,
        p1_0.description,
        p1_0.project_name,
        p1_0.updated_at,
        c1_0.updated_at 
    from
        categories c1_0 
    join
        projects p1_0 
            on p1_0.id=c1_0.project_id 
    where
        c1_0.category_id=?
Hibernate: 
    select
        c1_0.category_id,
        c1_0.created_at,
        c1_0.icon_library,
        c1_0.icon_name,
        c1_0.name,
        c1_0.project_id,
        p1_0.id,
        p1_0.is_active,
        p1_0.created_at,
        p1_0.description,
        p1_0.project_name,
        p1_0.updated_at,
        c1_0.updated_at 
    from
        categories c1_0 
    join
        projects p1_0 
            on p1_0.id=c1_0.project_id 
    where
        c1_0.category_id=?
2025-10-09T11:42:08.724+03:00 DEBUG 3412 --- [Build4All] [           main] org.hibernate.SQL                        : 
    select
        c1_0.category_id,
        c1_0.created_at,
        c1_0.icon_library,
        c1_0.icon_name,
        c1_0.name,
        c1_0.project_id,
        c1_0.updated_at 
    from
        categories c1_0 
    join
        projects p1_0 
            on p1_0.id=c1_0.project_id 
    where
        upper(c1_0.name)=upper(?) 
        and p1_0.id=?
Hibernate: 
    select
        c1_0.category_id,
        c1_0.created_at,
        c1_0.icon_library,
        c1_0.icon_name,
        c1_0.name,
        c1_0.project_id,
        c1_0.updated_at 
    from
        categories c1_0 
    join
        projects p1_0 
            on p1_0.id=c1_0.project_id 
    where
        upper(c1_0.name)=upper(?) 
        and p1_0.id=?
2025-10-09T11:42:08.727+03:00 DEBUG 3412 --- [Build4All] [           main] org.hibernate.SQL                        : 
    select
        p1_0.id,
        p1_0.is_active,
        p1_0.created_at,
        p1_0.description,
        p1_0.project_name,
        p1_0.updated_at 
    from
        projects p1_0 
    where
        p1_0.id=?
Hibernate: 
    select
        p1_0.id,
        p1_0.is_active,
        p1_0.created_at,
        p1_0.description,
        p1_0.project_name,
        p1_0.updated_at 
    from
        projects p1_0 
    where
        p1_0.id=?
2025-10-09T11:42:08.730+03:00 DEBUG 3412 --- [Build4All] [           main] org.hibernate.SQL                        : 
    select
        it1_0.id,
        it1_0.category_id,
        it1_0.icon_name,
        it1_0.icon_library,
        it1_0.item_type_name 
    from
        item_types it1_0 
    where
        it1_0.item_type_name=?
Hibernate: 
    select
        it1_0.id,
        it1_0.category_id,
        it1_0.icon_name,
        it1_0.icon_library,
        it1_0.item_type_name 
    from
        item_types it1_0 
    where
        it1_0.item_type_name=?
2025-10-09T11:42:08.732+03:00 DEBUG 3412 --- [Build4All] [           main] org.hibernate.SQL                        : 
    select
        c1_0.category_id,
        c1_0.created_at,
        c1_0.icon_library,
        c1_0.icon_name,
        c1_0.name,
        c1_0.project_id,
        p1_0.id,
        p1_0.is_active,
        p1_0.created_at,
        p1_0.description,
        p1_0.project_name,
        p1_0.updated_at,
        c1_0.updated_at 
    from
        categories c1_0 
    join
        projects p1_0 
            on p1_0.id=c1_0.project_id 
    where
        c1_0.category_id=?
Hibernate: 
    select
        c1_0.category_id,
        c1_0.created_at,
        c1_0.icon_library,
        c1_0.icon_name,
        c1_0.name,
        c1_0.project_id,
        p1_0.id,
        p1_0.is_active,
        p1_0.created_at,
        p1_0.description,
        p1_0.project_name,
        p1_0.updated_at,
        c1_0.updated_at 
    from
        categories c1_0 
    join
        projects p1_0 
            on p1_0.id=c1_0.project_id 
    where
        c1_0.category_id=?
2025-10-09T11:42:08.736+03:00 DEBUG 3412 --- [Build4All] [           main] org.hibernate.SQL                        : 
    select
        c1_0.category_id,
        c1_0.created_at,
        c1_0.icon_library,
        c1_0.icon_name,
        c1_0.name,
        c1_0.project_id,
        c1_0.updated_at 
    from
        categories c1_0 
    join
        projects p1_0 
            on p1_0.id=c1_0.project_id 
    where
        upper(c1_0.name)=upper(?) 
        and p1_0.id=?
Hibernate: 
    select
        c1_0.category_id,
        c1_0.created_at,
        c1_0.icon_library,
        c1_0.icon_name,
        c1_0.name,
        c1_0.project_id,
        c1_0.updated_at 
    from
        categories c1_0 
    join
        projects p1_0 
            on p1_0.id=c1_0.project_id 
    where
        upper(c1_0.name)=upper(?) 
        and p1_0.id=?
2025-10-09T11:42:08.738+03:00 DEBUG 3412 --- [Build4All] [           main] org.hibernate.SQL                        : 
    select
        p1_0.id,
        p1_0.is_active,
        p1_0.created_at,
        p1_0.description,
        p1_0.project_name,
        p1_0.updated_at 
    from
        projects p1_0 
    where
        p1_0.id=?
Hibernate: 
    select
        p1_0.id,
        p1_0.is_active,
        p1_0.created_at,
        p1_0.description,
        p1_0.project_name,
        p1_0.updated_at 
    from
        projects p1_0 
    where
        p1_0.id=?
2025-10-09T11:42:08.741+03:00 DEBUG 3412 --- [Build4All] [           main] org.hibernate.SQL                        : 
    select
        it1_0.id,
        it1_0.category_id,
        it1_0.icon_name,
        it1_0.icon_library,
        it1_0.item_type_name 
    from
        item_types it1_0 
    where
        it1_0.item_type_name=?
Hibernate: 
    select
        it1_0.id,
        it1_0.category_id,
        it1_0.icon_name,
        it1_0.icon_library,
        it1_0.item_type_name 
    from
        item_types it1_0 
    where
        it1_0.item_type_name=?
2025-10-09T11:42:08.743+03:00 DEBUG 3412 --- [Build4All] [           main] org.hibernate.SQL                        : 
    select
        c1_0.category_id,
        c1_0.created_at,
        c1_0.icon_library,
        c1_0.icon_name,
        c1_0.name,
        c1_0.project_id,
        p1_0.id,
        p1_0.is_active,
        p1_0.created_at,
        p1_0.description,
        p1_0.project_name,
        p1_0.updated_at,
        c1_0.updated_at 
    from
        categories c1_0 
    join
        projects p1_0 
            on p1_0.id=c1_0.project_id 
    where
        c1_0.category_id=?
Hibernate: 
    select
        c1_0.category_id,
        c1_0.created_at,
        c1_0.icon_library,
        c1_0.icon_name,
        c1_0.name,
        c1_0.project_id,
        p1_0.id,
        p1_0.is_active,
        p1_0.created_at,
        p1_0.description,
        p1_0.project_name,
        p1_0.updated_at,
        c1_0.updated_at 
    from
        categories c1_0 
    join
        projects p1_0 
            on p1_0.id=c1_0.project_id 
    where
        c1_0.category_id=?
2025-10-09T11:42:08.747+03:00 DEBUG 3412 --- [Build4All] [           main] org.hibernate.SQL                        : 
    select
        c1_0.category_id,
        c1_0.created_at,
        c1_0.icon_library,
        c1_0.icon_name,
        c1_0.name,
        c1_0.project_id,
        c1_0.updated_at 
    from
        categories c1_0 
    join
        projects p1_0 
            on p1_0.id=c1_0.project_id 
    where
        upper(c1_0.name)=upper(?) 
        and p1_0.id=?
Hibernate: 
    select
        c1_0.category_id,
        c1_0.created_at,
        c1_0.icon_library,
        c1_0.icon_name,
        c1_0.name,
        c1_0.project_id,
        c1_0.updated_at 
    from
        categories c1_0 
    join
        projects p1_0 
            on p1_0.id=c1_0.project_id 
    where
        upper(c1_0.name)=upper(?) 
        and p1_0.id=?
2025-10-09T11:42:08.749+03:00 DEBUG 3412 --- [Build4All] [           main] org.hibernate.SQL                        : 
    select
        p1_0.id,
        p1_0.is_active,
        p1_0.created_at,
        p1_0.description,
        p1_0.project_name,
        p1_0.updated_at 
    from
        projects p1_0 
    where
        p1_0.id=?
Hibernate: 
    select
        p1_0.id,
        p1_0.is_active,
        p1_0.created_at,
        p1_0.description,
        p1_0.project_name,
        p1_0.updated_at 
    from
        projects p1_0 
    where
        p1_0.id=?
2025-10-09T11:42:08.752+03:00 DEBUG 3412 --- [Build4All] [           main] org.hibernate.SQL                        : 
    select
        it1_0.id,
        it1_0.category_id,
        it1_0.icon_name,
        it1_0.icon_library,
        it1_0.item_type_name 
    from
        item_types it1_0 
    where
        it1_0.item_type_name=?
Hibernate: 
    select
        it1_0.id,
        it1_0.category_id,
        it1_0.icon_name,
        it1_0.icon_library,
        it1_0.item_type_name 
    from
        item_types it1_0 
    where
        it1_0.item_type_name=?
2025-10-09T11:42:08.753+03:00 DEBUG 3412 --- [Build4All] [           main] org.hibernate.SQL                        : 
    select
        c1_0.category_id,
        c1_0.created_at,
        c1_0.icon_library,
        c1_0.icon_name,
        c1_0.name,
        c1_0.project_id,
        p1_0.id,
        p1_0.is_active,
        p1_0.created_at,
        p1_0.description,
        p1_0.project_name,
        p1_0.updated_at,
        c1_0.updated_at 
    from
        categories c1_0 
    join
        projects p1_0 
            on p1_0.id=c1_0.project_id 
    where
        c1_0.category_id=?
Hibernate: 
    select
        c1_0.category_id,
        c1_0.created_at,
        c1_0.icon_library,
        c1_0.icon_name,
        c1_0.name,
        c1_0.project_id,
        p1_0.id,
        p1_0.is_active,
        p1_0.created_at,
        p1_0.description,
        p1_0.project_name,
        p1_0.updated_at,
        c1_0.updated_at 
    from
        categories c1_0 
    join
        projects p1_0 
            on p1_0.id=c1_0.project_id 
    where
        c1_0.category_id=?
2025-10-09T11:42:08.758+03:00 DEBUG 3412 --- [Build4All] [           main] org.hibernate.SQL                        : 
    select
        c1_0.category_id,
        c1_0.created_at,
        c1_0.icon_library,
        c1_0.icon_name,
        c1_0.name,
        c1_0.project_id,
        c1_0.updated_at 
    from
        categories c1_0 
    join
        projects p1_0 
            on p1_0.id=c1_0.project_id 
    where
        upper(c1_0.name)=upper(?) 
        and p1_0.id=?
Hibernate: 
    select
        c1_0.category_id,
        c1_0.created_at,
        c1_0.icon_library,
        c1_0.icon_name,
        c1_0.name,
        c1_0.project_id,
        c1_0.updated_at 
    from
        categories c1_0 
    join
        projects p1_0 
            on p1_0.id=c1_0.project_id 
    where
        upper(c1_0.name)=upper(?) 
        and p1_0.id=?
2025-10-09T11:42:08.761+03:00 DEBUG 3412 --- [Build4All] [           main] org.hibernate.SQL                        : 
    select
        p1_0.id,
        p1_0.is_active,
        p1_0.created_at,
        p1_0.description,
        p1_0.project_name,
        p1_0.updated_at 
    from
        projects p1_0 
    where
        p1_0.id=?
Hibernate: 
    select
        p1_0.id,
        p1_0.is_active,
        p1_0.created_at,
        p1_0.description,
        p1_0.project_name,
        p1_0.updated_at 
    from
        projects p1_0 
    where
        p1_0.id=?
2025-10-09T11:42:08.764+03:00 DEBUG 3412 --- [Build4All] [           main] org.hibernate.SQL                        : 
    select
        it1_0.id,
        it1_0.category_id,
        it1_0.icon_name,
        it1_0.icon_library,
        it1_0.item_type_name 
    from
        item_types it1_0 
    where
        it1_0.item_type_name=?
Hibernate: 
    select
        it1_0.id,
        it1_0.category_id,
        it1_0.icon_name,
        it1_0.icon_library,
        it1_0.item_type_name 
    from
        item_types it1_0 
    where
        it1_0.item_type_name=?
2025-10-09T11:42:08.766+03:00 DEBUG 3412 --- [Build4All] [           main] org.hibernate.SQL                        : 
    select
        c1_0.category_id,
        c1_0.created_at,
        c1_0.icon_library,
        c1_0.icon_name,
        c1_0.name,
        c1_0.project_id,
        p1_0.id,
        p1_0.is_active,
        p1_0.created_at,
        p1_0.description,
        p1_0.project_name,
        p1_0.updated_at,
        c1_0.updated_at 
    from
        categories c1_0 
    join
        projects p1_0 
            on p1_0.id=c1_0.project_id 
    where
        c1_0.category_id=?
Hibernate: 
    select
        c1_0.category_id,
        c1_0.created_at,
        c1_0.icon_library,
        c1_0.icon_name,
        c1_0.name,
        c1_0.project_id,
        p1_0.id,
        p1_0.is_active,
        p1_0.created_at,
        p1_0.description,
        p1_0.project_name,
        p1_0.updated_at,
        c1_0.updated_at 
    from
        categories c1_0 
    join
        projects p1_0 
            on p1_0.id=c1_0.project_id 
    where
        c1_0.category_id=?
2025-10-09T11:42:08.771+03:00 DEBUG 3412 --- [Build4All] [           main] org.hibernate.SQL                        : 
    select
        c1_0.category_id,
        c1_0.created_at,
        c1_0.icon_library,
        c1_0.icon_name,
        c1_0.name,
        c1_0.project_id,
        c1_0.updated_at 
    from
        categories c1_0 
    join
        projects p1_0 
            on p1_0.id=c1_0.project_id 
    where
        upper(c1_0.name)=upper(?) 
        and p1_0.id=?
Hibernate: 
    select
        c1_0.category_id,
        c1_0.created_at,
        c1_0.icon_library,
        c1_0.icon_name,
        c1_0.name,
        c1_0.project_id,
        c1_0.updated_at 
    from
        categories c1_0 
    join
        projects p1_0 
            on p1_0.id=c1_0.project_id 
    where
        upper(c1_0.name)=upper(?) 
        and p1_0.id=?
2025-10-09T11:42:08.773+03:00 DEBUG 3412 --- [Build4All] [           main] org.hibernate.SQL                        : 
    select
        p1_0.id,
        p1_0.is_active,
        p1_0.created_at,
        p1_0.description,
        p1_0.project_name,
        p1_0.updated_at 
    from
        projects p1_0 
    where
        p1_0.id=?
Hibernate: 
    select
        p1_0.id,
        p1_0.is_active,
        p1_0.created_at,
        p1_0.description,
        p1_0.project_name,
        p1_0.updated_at 
    from
        projects p1_0 
    where
        p1_0.id=?
2025-10-09T11:42:08.776+03:00 DEBUG 3412 --- [Build4All] [           main] org.hibernate.SQL                        : 
    select
        it1_0.id,
        it1_0.category_id,
        it1_0.icon_name,
        it1_0.icon_library,
        it1_0.item_type_name 
    from
        item_types it1_0 
    where
        it1_0.item_type_name=?
Hibernate: 
    select
        it1_0.id,
        it1_0.category_id,
        it1_0.icon_name,
        it1_0.icon_library,
        it1_0.item_type_name 
    from
        item_types it1_0 
    where
        it1_0.item_type_name=?
2025-10-09T11:42:08.777+03:00 DEBUG 3412 --- [Build4All] [           main] org.hibernate.SQL                        : 
    select
        c1_0.category_id,
        c1_0.created_at,
        c1_0.icon_library,
        c1_0.icon_name,
        c1_0.name,
        c1_0.project_id,
        p1_0.id,
        p1_0.is_active,
        p1_0.created_at,
        p1_0.description,
        p1_0.project_name,
        p1_0.updated_at,
        c1_0.updated_at 
    from
        categories c1_0 
    join
        projects p1_0 
            on p1_0.id=c1_0.project_id 
    where
        c1_0.category_id=?
Hibernate: 
    select
        c1_0.category_id,
        c1_0.created_at,
        c1_0.icon_library,
        c1_0.icon_name,
        c1_0.name,
        c1_0.project_id,
        p1_0.id,
        p1_0.is_active,
        p1_0.created_at,
        p1_0.description,
        p1_0.project_name,
        p1_0.updated_at,
        c1_0.updated_at 
    from
        categories c1_0 
    join
        projects p1_0 
            on p1_0.id=c1_0.project_id 
    where
        c1_0.category_id=?
2025-10-09T11:42:08.780+03:00 DEBUG 3412 --- [Build4All] [           main] org.hibernate.SQL                        : 
    select
        c1_0.category_id,
        c1_0.created_at,
        c1_0.icon_library,
        c1_0.icon_name,
        c1_0.name,
        c1_0.project_id,
        c1_0.updated_at 
    from
        categories c1_0 
    join
        projects p1_0 
            on p1_0.id=c1_0.project_id 
    where
        upper(c1_0.name)=upper(?) 
        and p1_0.id=?
Hibernate: 
    select
        c1_0.category_id,
        c1_0.created_at,
        c1_0.icon_library,
        c1_0.icon_name,
        c1_0.name,
        c1_0.project_id,
        c1_0.updated_at 
    from
        categories c1_0 
    join
        projects p1_0 
            on p1_0.id=c1_0.project_id 
    where
        upper(c1_0.name)=upper(?) 
        and p1_0.id=?
2025-10-09T11:42:08.781+03:00 DEBUG 3412 --- [Build4All] [           main] org.hibernate.SQL                        : 
    select
        p1_0.id,
        p1_0.is_active,
        p1_0.created_at,
        p1_0.description,
        p1_0.project_name,
        p1_0.updated_at 
    from
        projects p1_0 
    where
        p1_0.id=?
Hibernate: 
    select
        p1_0.id,
        p1_0.is_active,
        p1_0.created_at,
        p1_0.description,
        p1_0.project_name,
        p1_0.updated_at 
    from
        projects p1_0 
    where
        p1_0.id=?
2025-10-09T11:42:08.784+03:00 DEBUG 3412 --- [Build4All] [           main] org.hibernate.SQL                        : 
    select
        it1_0.id,
        it1_0.category_id,
        it1_0.icon_name,
        it1_0.icon_library,
        it1_0.item_type_name 
    from
        item_types it1_0 
    where
        it1_0.item_type_name=?
Hibernate: 
    select
        it1_0.id,
        it1_0.category_id,
        it1_0.icon_name,
        it1_0.icon_library,
        it1_0.item_type_name 
    from
        item_types it1_0 
    where
        it1_0.item_type_name=?
2025-10-09T11:42:08.785+03:00 DEBUG 3412 --- [Build4All] [           main] org.hibernate.SQL                        : 
    select
        c1_0.category_id,
        c1_0.created_at,
        c1_0.icon_library,
        c1_0.icon_name,
        c1_0.name,
        c1_0.project_id,
        p1_0.id,
        p1_0.is_active,
        p1_0.created_at,
        p1_0.description,
        p1_0.project_name,
        p1_0.updated_at,
        c1_0.updated_at 
    from
        categories c1_0 
    join
        projects p1_0 
            on p1_0.id=c1_0.project_id 
    where
        c1_0.category_id=?
Hibernate: 
    select
        c1_0.category_id,
        c1_0.created_at,
        c1_0.icon_library,
        c1_0.icon_name,
        c1_0.name,
        c1_0.project_id,
        p1_0.id,
        p1_0.is_active,
        p1_0.created_at,
        p1_0.description,
        p1_0.project_name,
        p1_0.updated_at,
        c1_0.updated_at 
    from
        categories c1_0 
    join
        projects p1_0 
            on p1_0.id=c1_0.project_id 
    where
        c1_0.category_id=?
2025-10-09T11:42:08.788+03:00 DEBUG 3412 --- [Build4All] [           main] org.hibernate.SQL                        : 
    select
        c1_0.category_id,
        c1_0.created_at,
        c1_0.icon_library,
        c1_0.icon_name,
        c1_0.name,
        c1_0.project_id,
        c1_0.updated_at 
    from
        categories c1_0 
    join
        projects p1_0 
            on p1_0.id=c1_0.project_id 
    where
        upper(c1_0.name)=upper(?) 
        and p1_0.id=?
Hibernate: 
    select
        c1_0.category_id,
        c1_0.created_at,
        c1_0.icon_library,
        c1_0.icon_name,
        c1_0.name,
        c1_0.project_id,
        c1_0.updated_at 
    from
        categories c1_0 
    join
        projects p1_0 
            on p1_0.id=c1_0.project_id 
    where
        upper(c1_0.name)=upper(?) 
        and p1_0.id=?
2025-10-09T11:42:08.789+03:00 DEBUG 3412 --- [Build4All] [           main] org.hibernate.SQL                        : 
    select
        p1_0.id,
        p1_0.is_active,
        p1_0.created_at,
        p1_0.description,
        p1_0.project_name,
        p1_0.updated_at 
    from
        projects p1_0 
    where
        p1_0.id=?
Hibernate: 
    select
        p1_0.id,
        p1_0.is_active,
        p1_0.created_at,
        p1_0.description,
        p1_0.project_name,
        p1_0.updated_at 
    from
        projects p1_0 
    where
        p1_0.id=?
2025-10-09T11:42:08.792+03:00 DEBUG 3412 --- [Build4All] [           main] org.hibernate.SQL                        : 
    select
        it1_0.id,
        it1_0.category_id,
        it1_0.icon_name,
        it1_0.icon_library,
        it1_0.item_type_name 
    from
        item_types it1_0 
    where
        it1_0.item_type_name=?
Hibernate: 
    select
        it1_0.id,
        it1_0.category_id,
        it1_0.icon_name,
        it1_0.icon_library,
        it1_0.item_type_name 
    from
        item_types it1_0 
    where
        it1_0.item_type_name=?
2025-10-09T11:42:08.793+03:00 DEBUG 3412 --- [Build4All] [           main] org.hibernate.SQL                        : 
    select
        c1_0.category_id,
        c1_0.created_at,
        c1_0.icon_library,
        c1_0.icon_name,
        c1_0.name,
        c1_0.project_id,
        p1_0.id,
        p1_0.is_active,
        p1_0.created_at,
        p1_0.description,
        p1_0.project_name,
        p1_0.updated_at,
        c1_0.updated_at 
    from
        categories c1_0 
    join
        projects p1_0 
            on p1_0.id=c1_0.project_id 
    where
        c1_0.category_id=?
Hibernate: 
    select
        c1_0.category_id,
        c1_0.created_at,
        c1_0.icon_library,
        c1_0.icon_name,
        c1_0.name,
        c1_0.project_id,
        p1_0.id,
        p1_0.is_active,
        p1_0.created_at,
        p1_0.description,
        p1_0.project_name,
        p1_0.updated_at,
        c1_0.updated_at 
    from
        categories c1_0 
    join
        projects p1_0 
            on p1_0.id=c1_0.project_id 
    where
        c1_0.category_id=?
2025-10-09T11:42:08.797+03:00 DEBUG 3412 --- [Build4All] [           main] org.hibernate.SQL                        : 
    select
        c1_0.category_id,
        c1_0.created_at,
        c1_0.icon_library,
        c1_0.icon_name,
        c1_0.name,
        c1_0.project_id,
        c1_0.updated_at 
    from
        categories c1_0 
    join
        projects p1_0 
            on p1_0.id=c1_0.project_id 
    where
        upper(c1_0.name)=upper(?) 
        and p1_0.id=?
Hibernate: 
    select
        c1_0.category_id,
        c1_0.created_at,
        c1_0.icon_library,
        c1_0.icon_name,
        c1_0.name,
        c1_0.project_id,
        c1_0.updated_at 
    from
        categories c1_0 
    join
        projects p1_0 
            on p1_0.id=c1_0.project_id 
    where
        upper(c1_0.name)=upper(?) 
        and p1_0.id=?
2025-10-09T11:42:08.799+03:00 DEBUG 3412 --- [Build4All] [           main] org.hibernate.SQL                        : 
    select
        p1_0.id,
        p1_0.is_active,
        p1_0.created_at,
        p1_0.description,
        p1_0.project_name,
        p1_0.updated_at 
    from
        projects p1_0 
    where
        p1_0.id=?
Hibernate: 
    select
        p1_0.id,
        p1_0.is_active,
        p1_0.created_at,
        p1_0.description,
        p1_0.project_name,
        p1_0.updated_at 
    from
        projects p1_0 
    where
        p1_0.id=?
2025-10-09T11:42:08.802+03:00 DEBUG 3412 --- [Build4All] [           main] org.hibernate.SQL                        : 
    select
        it1_0.id,
        it1_0.category_id,
        it1_0.icon_name,
        it1_0.icon_library,
        it1_0.item_type_name 
    from
        item_types it1_0 
    where
        it1_0.item_type_name=?
Hibernate: 
    select
        it1_0.id,
        it1_0.category_id,
        it1_0.icon_name,
        it1_0.icon_library,
        it1_0.item_type_name 
    from
        item_types it1_0 
    where
        it1_0.item_type_name=?
2025-10-09T11:42:08.804+03:00 DEBUG 3412 --- [Build4All] [           main] org.hibernate.SQL                        : 
    select
        c1_0.category_id,
        c1_0.created_at,
        c1_0.icon_library,
        c1_0.icon_name,
        c1_0.name,
        c1_0.project_id,
        p1_0.id,
        p1_0.is_active,
        p1_0.created_at,
        p1_0.description,
        p1_0.project_name,
        p1_0.updated_at,
        c1_0.updated_at 
    from
        categories c1_0 
    join
        projects p1_0 
            on p1_0.id=c1_0.project_id 
    where
        c1_0.category_id=?
Hibernate: 
    select
        c1_0.category_id,
        c1_0.created_at,
        c1_0.icon_library,
        c1_0.icon_name,
        c1_0.name,
        c1_0.project_id,
        p1_0.id,
        p1_0.is_active,
        p1_0.created_at,
        p1_0.description,
        p1_0.project_name,
        p1_0.updated_at,
        c1_0.updated_at 
    from
        categories c1_0 
    join
        projects p1_0 
            on p1_0.id=c1_0.project_id 
    where
        c1_0.category_id=?
2025-10-09T11:42:08.808+03:00 DEBUG 3412 --- [Build4All] [           main] org.hibernate.SQL                        : 
    select
        c1_0.category_id,
        c1_0.created_at,
        c1_0.icon_library,
[...]
        upper(i1_0.name)=upper(?) 
    fetch
        first ? rows only
Hibernate: 
    select
        i1_0.id 
    from
        icons i1_0 
    where
        upper(i1_0.name)=upper(?) 
    fetch
        first ? rows only
2025-10-09T11:42:09.292+03:00 DEBUG 3412 --- [Build4All] [           main] org.hibernate.SQL                        : 
    select
        i1_0.id 
    from
        icons i1_0 
    where
        upper(i1_0.name)=upper(?) 
    fetch
        first ? rows only
Hibernate: 
    select
        i1_0.id 
    from
        icons i1_0 
    where
        upper(i1_0.name)=upper(?) 
    fetch
        first ? rows only
2025-10-09T11:42:09.295+03:00 DEBUG 3412 --- [Build4All] [           main] org.hibernate.SQL                        : 
    select
        i1_0.id 
    from
        icons i1_0 
    where
        upper(i1_0.name)=upper(?) 
    fetch
        first ? rows only
Hibernate: 
    select
        i1_0.id 
    from
        icons i1_0 
    where
        upper(i1_0.name)=upper(?) 
    fetch
        first ? rows only
2025-10-09T11:42:09.297+03:00 DEBUG 3412 --- [Build4All] [           main] org.hibernate.SQL                        : 
    select
        i1_0.id 
    from
        icons i1_0 
    where
        upper(i1_0.name)=upper(?) 
    fetch
        first ? rows only
Hibernate: 
    select
        i1_0.id 
    from
        icons i1_0 
    where
        upper(i1_0.name)=upper(?) 
    fetch
        first ? rows only
2025-10-09T11:42:09.299+03:00 DEBUG 3412 --- [Build4All] [           main] org.hibernate.SQL                        : 
    select
        i1_0.id 
    from
        icons i1_0 
    where
        upper(i1_0.name)=upper(?) 
    fetch
        first ? rows only
Hibernate: 
    select
        i1_0.id 
    from
        icons i1_0 
    where
        upper(i1_0.name)=upper(?) 
    fetch
        first ? rows only
2025-10-09T11:42:09.301+03:00 DEBUG 3412 --- [Build4All] [           main] org.hibernate.SQL                        : 
    select
        i1_0.id 
    from
        icons i1_0 
    where
        upper(i1_0.name)=upper(?) 
    fetch
        first ? rows only
Hibernate: 
    select
        i1_0.id 
    from
        icons i1_0 
    where
        upper(i1_0.name)=upper(?) 
    fetch
        first ? rows only
2025-10-09T11:42:09.302+03:00 DEBUG 3412 --- [Build4All] [           main] org.hibernate.SQL                        : 
    select
        i1_0.id 
    from
        icons i1_0 
    where
        upper(i1_0.name)=upper(?) 
    fetch
        first ? rows only
Hibernate: 
    select
        i1_0.id 
    from
        icons i1_0 
    where
        upper(i1_0.name)=upper(?) 
    fetch
        first ? rows only
2025-10-09T11:42:09.305+03:00 DEBUG 3412 --- [Build4All] [           main] org.hibernate.SQL                        : 
    select
        i1_0.id 
    from
        icons i1_0 
    where
        upper(i1_0.name)=upper(?) 
    fetch
        first ? rows only
Hibernate: 
    select
        i1_0.id 
    from
        icons i1_0 
    where
        upper(i1_0.name)=upper(?) 
    fetch
        first ? rows only
2025-10-09T11:42:09.306+03:00 DEBUG 3412 --- [Build4All] [           main] org.hibernate.SQL                        : 
    select
        i1_0.id 
    from
        icons i1_0 
    where
        upper(i1_0.name)=upper(?) 
    fetch
        first ? rows only
Hibernate: 
    select
        i1_0.id 
    from
        icons i1_0 
    where
        upper(i1_0.name)=upper(?) 
    fetch
        first ? rows only
2025-10-09T11:42:09.308+03:00 DEBUG 3412 --- [Build4All] [           main] org.hibernate.SQL                        : 
    select
        i1_0.id 
    from
        icons i1_0 
    where
        upper(i1_0.name)=upper(?) 
    fetch
        first ? rows only
Hibernate: 
    select
        i1_0.id 
    from
        icons i1_0 
    where
        upper(i1_0.name)=upper(?) 
    fetch
        first ? rows only
2025-10-09T11:42:09.310+03:00 DEBUG 3412 --- [Build4All] [           main] org.hibernate.SQL                        : 
    select
        i1_0.id 
    from
        icons i1_0 
    where
        upper(i1_0.name)=upper(?) 
    fetch
        first ? rows only
Hibernate: 
    select
        i1_0.id 
    from
        icons i1_0 
    where
        upper(i1_0.name)=upper(?) 
    fetch
        first ? rows only
2025-10-09T11:42:09.312+03:00 DEBUG 3412 --- [Build4All] [           main] org.hibernate.SQL                        : 
    select
        i1_0.id 
    from
        icons i1_0 
    where
        upper(i1_0.name)=upper(?) 
    fetch
        first ? rows only
Hibernate: 
    select
        i1_0.id 
    from
        icons i1_0 
    where
        upper(i1_0.name)=upper(?) 
    fetch
        first ? rows only
2025-10-09T11:42:09.314+03:00 DEBUG 3412 --- [Build4All] [           main] org.hibernate.SQL                        : 
    select
        i1_0.id 
    from
        icons i1_0 
    where
        upper(i1_0.name)=upper(?) 
    fetch
        first ? rows only
Hibernate: 
    select
        i1_0.id 
    from
        icons i1_0 
    where
        upper(i1_0.name)=upper(?) 
    fetch
        first ? rows only
2025-10-09T11:42:09.316+03:00 DEBUG 3412 --- [Build4All] [           main] org.hibernate.SQL                        : 
    select
        i1_0.id 
    from
        icons i1_0 
    where
        upper(i1_0.name)=upper(?) 
    fetch
        first ? rows only
Hibernate: 
    select
        i1_0.id 
    from
        icons i1_0 
    where
        upper(i1_0.name)=upper(?) 
    fetch
        first ? rows only
2025-10-09T11:42:09.318+03:00 DEBUG 3412 --- [Build4All] [           main] org.hibernate.SQL                        : 
    select
        i1_0.id 
    from
        icons i1_0 
    where
        upper(i1_0.name)=upper(?) 
    fetch
        first ? rows only
Hibernate: 
    select
        i1_0.id 
    from
        icons i1_0 
    where
        upper(i1_0.name)=upper(?) 
    fetch
        first ? rows only
2025-10-09T11:42:09.320+03:00 DEBUG 3412 --- [Build4All] [           main] org.hibernate.SQL                        : 
    select
        i1_0.id 
    from
        icons i1_0 
    where
        upper(i1_0.name)=upper(?) 
    fetch
        first ? rows only
Hibernate: 
    select
        i1_0.id 
    from
        icons i1_0 
    where
        upper(i1_0.name)=upper(?) 
    fetch
        first ? rows only
2025-10-09T11:42:09.322+03:00 DEBUG 3412 --- [Build4All] [           main] org.hibernate.SQL                        : 
    select
        i1_0.id 
    from
        icons i1_0 
    where
        upper(i1_0.name)=upper(?) 
    fetch
        first ? rows only
Hibernate: 
    select
        i1_0.id 
    from
        icons i1_0 
    where
        upper(i1_0.name)=upper(?) 
    fetch
        first ? rows only
   • icons-material-symbols-starter.json -> inserted=0, skipped=51
2025-10-09T11:42:09.326+03:00 DEBUG 3412 --- [Build4All] [           main] org.hibernate.SQL                        : 
    select
        i1_0.id 
    from
        icons i1_0 
    where
        upper(i1_0.name)=upper(?) 
    fetch
        first ? rows only
Hibernate: 
    select
        i1_0.id 
    from
        icons i1_0 
    where
        upper(i1_0.name)=upper(?) 
    fetch
        first ? rows only
2025-10-09T11:42:09.328+03:00 DEBUG 3412 --- [Build4All] [           main] org.hibernate.SQL                        : 
    select
        i1_0.id 
    from
        icons i1_0 
    where
        upper(i1_0.name)=upper(?) 
    fetch
        first ? rows only
Hibernate: 
    select
        i1_0.id 
    from
        icons i1_0 
    where
        upper(i1_0.name)=upper(?) 
    fetch
        first ? rows only
2025-10-09T11:42:09.331+03:00 DEBUG 3412 --- [Build4All] [           main] org.hibernate.SQL                        : 
    select
        i1_0.id 
    from
        icons i1_0 
    where
        upper(i1_0.name)=upper(?) 
    fetch
        first ? rows only
Hibernate: 
    select
        i1_0.id 
    from
        icons i1_0 
    where
        upper(i1_0.name)=upper(?) 
    fetch
        first ? rows only
2025-10-09T11:42:09.333+03:00 DEBUG 3412 --- [Build4All] [           main] org.hibernate.SQL                        : 
    select
        i1_0.id 
    from
        icons i1_0 
    where
        upper(i1_0.name)=upper(?) 
    fetch
        first ? rows only
Hibernate: 
    select
        i1_0.id 
    from
        icons i1_0 
    where
        upper(i1_0.name)=upper(?) 
    fetch
        first ? rows only
2025-10-09T11:42:09.335+03:00 DEBUG 3412 --- [Build4All] [           main] org.hibernate.SQL                        : 
    select
        i1_0.id 
    from
        icons i1_0 
    where
        upper(i1_0.name)=upper(?) 
    fetch
        first ? rows only
Hibernate: 
    select
        i1_0.id 
    from
        icons i1_0 
    where
        upper(i1_0.name)=upper(?) 
    fetch
        first ? rows only
2025-10-09T11:42:09.337+03:00 DEBUG 3412 --- [Build4All] [           main] org.hibernate.SQL                        : 
    select
        i1_0.id 
    from
        icons i1_0 
    where
        upper(i1_0.name)=upper(?) 
    fetch
        first ? rows only
Hibernate: 
    select
        i1_0.id 
    from
        icons i1_0 
    where
        upper(i1_0.name)=upper(?) 
    fetch
        first ? rows only
2025-10-09T11:42:09.339+03:00 DEBUG 3412 --- [Build4All] [           main] org.hibernate.SQL                        : 
    select
        i1_0.id 
    from
        icons i1_0 
    where
        upper(i1_0.name)=upper(?) 
    fetch
        first ? rows only
Hibernate: 
    select
        i1_0.id 
    from
        icons i1_0 
    where
        upper(i1_0.name)=upper(?) 
    fetch
        first ? rows only
2025-10-09T11:42:09.340+03:00 DEBUG 3412 --- [Build4All] [           main] org.hibernate.SQL                        : 
    select
        i1_0.id 
    from
        icons i1_0 
    where
        upper(i1_0.name)=upper(?) 
    fetch
        first ? rows only
Hibernate: 
    select
        i1_0.id 
    from
        icons i1_0 
    where
        upper(i1_0.name)=upper(?) 
    fetch
        first ? rows only
2025-10-09T11:42:09.342+03:00 DEBUG 3412 --- [Build4All] [           main] org.hibernate.SQL                        : 
    select
        i1_0.id 
    from
        icons i1_0 
    where
        upper(i1_0.name)=upper(?) 
    fetch
        first ? rows only
Hibernate: 
    select
        i1_0.id 
    from
        icons i1_0 
    where
        upper(i1_0.name)=upper(?) 
    fetch
        first ? rows only
2025-10-09T11:42:09.344+03:00 DEBUG 3412 --- [Build4All] [           main] org.hibernate.SQL                        : 
    select
        i1_0.id 
    from
        icons i1_0 
    where
        upper(i1_0.name)=upper(?) 
    fetch
        first ? rows only
Hibernate: 
    select
        i1_0.id 
    from
        icons i1_0 
    where
        upper(i1_0.name)=upper(?) 
    fetch
        first ? rows only
2025-10-09T11:42:09.347+03:00 DEBUG 3412 --- [Build4All] [           main] org.hibernate.SQL                        : 
    select
        i1_0.id 
    from
        icons i1_0 
    where
        upper(i1_0.name)=upper(?) 
    fetch
        first ? rows only
Hibernate: 
    select
        i1_0.id 
    from
        icons i1_0 
    where
        upper(i1_0.name)=upper(?) 
    fetch
        first ? rows only
2025-10-09T11:42:09.349+03:00 DEBUG 3412 --- [Build4All] [           main] org.hibernate.SQL                        : 
    select
        i1_0.id 
    from
        icons i1_0 
    where
        upper(i1_0.name)=upper(?) 
    fetch
        first ? rows only
Hibernate: 
    select
        i1_0.id 
    from
        icons i1_0 
    where
        upper(i1_0.name)=upper(?) 
    fetch
        first ? rows only
2025-10-09T11:42:09.351+03:00 DEBUG 3412 --- [Build4All] [           main] org.hibernate.SQL                        : 
    select
        i1_0.id 
    from
        icons i1_0 
    where
        upper(i1_0.name)=upper(?) 
    fetch
        first ? rows only
Hibernate: 
    select
        i1_0.id 
    from
        icons i1_0 
    where
        upper(i1_0.name)=upper(?) 
    fetch
        first ? rows only
2025-10-09T11:42:09.353+03:00 DEBUG 3412 --- [Build4All] [           main] org.hibernate.SQL                        : 
    select
        i1_0.id 
    from
        icons i1_0 
    where
        upper(i1_0.name)=upper(?) 
    fetch
        first ? rows only
Hibernate: 
    select
        i1_0.id 
    from
        icons i1_0 
    where
        upper(i1_0.name)=upper(?) 
    fetch
        first ? rows only
2025-10-09T11:42:09.355+03:00 DEBUG 3412 --- [Build4All] [           main] org.hibernate.SQL                        : 
    select
        i1_0.id 
    from
        icons i1_0 
    where
        upper(i1_0.name)=upper(?) 
    fetch
        first ? rows only
Hibernate: 
    select
        i1_0.id 
    from
        icons i1_0 
    where
        upper(i1_0.name)=upper(?) 
    fetch
        first ? rows only
2025-10-09T11:42:09.358+03:00 DEBUG 3412 --- [Build4All] [           main] org.hibernate.SQL                        : 
    select
        i1_0.id 
    from
        icons i1_0 
    where
        upper(i1_0.name)=upper(?) 
    fetch
        first ? rows only
Hibernate: 
    select
        i1_0.id 
    from
        icons i1_0 
    where
        upper(i1_0.name)=upper(?) 
    fetch
        first ? rows only
2025-10-09T11:42:09.360+03:00 DEBUG 3412 --- [Build4All] [           main] org.hibernate.SQL                        : 
    select
        i1_0.id 
    from
        icons i1_0 
    where
        upper(i1_0.name)=upper(?) 
    fetch
        first ? rows only
Hibernate: 
    select
        i1_0.id 
    from
        icons i1_0 
    where
        upper(i1_0.name)=upper(?) 
    fetch
        first ? rows only
2025-10-09T11:42:09.363+03:00 DEBUG 3412 --- [Build4All] [           main] org.hibernate.SQL                        : 
    select
        i1_0.id 
    from
        icons i1_0 
    where
        upper(i1_0.name)=upper(?) 
    fetch
        first ? rows only
Hibernate: 
    select
        i1_0.id 
    from
        icons i1_0 
    where
        upper(i1_0.name)=upper(?) 
    fetch
        first ? rows only
2025-10-09T11:42:09.364+03:00 DEBUG 3412 --- [Build4All] [           main] org.hibernate.SQL                        : 
    select
        i1_0.id 
    from
        icons i1_0 
    where
        upper(i1_0.name)=upper(?) 
    fetch
        first ? rows only
Hibernate: 
    select
        i1_0.id 
    from
        icons i1_0 
    where
        upper(i1_0.name)=upper(?) 
    fetch
        first ? rows only
2025-10-09T11:42:09.367+03:00 DEBUG 3412 --- [Build4All] [           main] org.hibernate.SQL                        : 
    select
        i1_0.id 
    from
        icons i1_0 
    where
        upper(i1_0.name)=upper(?) 
    fetch
        first ? rows only
Hibernate: 
    select
        i1_0.id 
    from
        icons i1_0 
    where
        upper(i1_0.name)=upper(?) 
    fetch
        first ? rows only
2025-10-09T11:42:09.369+03:00 DEBUG 3412 --- [Build4All] [           main] org.hibernate.SQL                        : 
    select
        i1_0.id 
    from
        icons i1_0 
    where
        upper(i1_0.name)=upper(?) 
    fetch
        first ? rows only
Hibernate: 
    select
        i1_0.id 
    from
        icons i1_0 
    where
        upper(i1_0.name)=upper(?) 
    fetch
        first ? rows only
2025-10-09T11:42:09.371+03:00 DEBUG 3412 --- [Build4All] [           main] org.hibernate.SQL                        : 
    select
        i1_0.id 
    from
        icons i1_0 
    where
        upper(i1_0.name)=upper(?) 
    fetch
        first ? rows only
Hibernate: 
    select
        i1_0.id 
    from
        icons i1_0 
    where
        upper(i1_0.name)=upper(?) 
    fetch
        first ? rows only
2025-10-09T11:42:09.374+03:00 DEBUG 3412 --- [Build4All] [           main] org.hibernate.SQL                        : 
    select
        i1_0.id 
    from
        icons i1_0 
    where
        upper(i1_0.name)=upper(?) 
    fetch
        first ? rows only
Hibernate: 
    select
        i1_0.id 
    from
        icons i1_0 
    where
        upper(i1_0.name)=upper(?) 
    fetch
        first ? rows only
2025-10-09T11:42:09.376+03:00 DEBUG 3412 --- [Build4All] [           main] org.hibernate.SQL                        : 
    select
        i1_0.id 
    from
        icons i1_0 
    where
        upper(i1_0.name)=upper(?) 
    fetch
        first ? rows only
Hibernate: 
    select
        i1_0.id 
    from
        icons i1_0 
    where
        upper(i1_0.name)=upper(?) 
    fetch
        first ? rows only
2025-10-09T11:42:09.378+03:00 DEBUG 3412 --- [Build4All] [           main] org.hibernate.SQL                        : 
    select
        i1_0.id 
    from
        icons i1_0 
    where
        upper(i1_0.name)=upper(?) 
    fetch
        first ? rows only
Hibernate: 
    select
        i1_0.id 
    from
        icons i1_0 
    where
        upper(i1_0.name)=upper(?) 
    fetch
        first ? rows only
2025-10-09T11:42:09.380+03:00 DEBUG 3412 --- [Build4All] [           main] org.hibernate.SQL                        : 
    select
        i1_0.id 
    from
        icons i1_0 
    where
        upper(i1_0.name)=upper(?) 
    fetch
        first ? rows only
Hibernate: 
    select
        i1_0.id 
    from
        icons i1_0 
    where
        upper(i1_0.name)=upper(?) 
    fetch
        first ? rows only
2025-10-09T11:42:09.383+03:00 DEBUG 3412 --- [Build4All] [           main] org.hibernate.SQL                        : 
    select
        i1_0.id 
    from
        icons i1_0 
    where
        upper(i1_0.name)=upper(?) 
    fetch
        first ? rows only
Hibernate: 
    select
        i1_0.id 
    from
        icons i1_0 
    where
        upper(i1_0.name)=upper(?) 
    fetch
        first ? rows only
2025-10-09T11:42:09.385+03:00 DEBUG 3412 --- [Build4All] [           main] org.hibernate.SQL                        : 
    select
        i1_0.id 
    from
        icons i1_0 
    where
        upper(i1_0.name)=upper(?) 
    fetch
        first ? rows only
Hibernate: 
    select
        i1_0.id 
    from
        icons i1_0 
    where
        upper(i1_0.name)=upper(?) 
    fetch
        first ? rows only
2025-10-09T11:42:09.388+03:00 DEBUG 3412 --- [Build4All] [           main] org.hibernate.SQL                        : 
    select
        i1_0.id 
    from
        icons i1_0 
    where
        upper(i1_0.name)=upper(?) 
    fetch
        first ? rows only
Hibernate: 
    select
        i1_0.id 
    from
        icons i1_0 
    where
        upper(i1_0.name)=upper(?) 
    fetch
        first ? rows only
2025-10-09T11:42:09.390+03:00 DEBUG 3412 --- [Build4All] [           main] org.hibernate.SQL                        : 
    select
        i1_0.id 
    from
        icons i1_0 
    where
        upper(i1_0.name)=upper(?) 
    fetch
        first ? rows only
Hibernate: 
    select
        i1_0.id 
    from
        icons i1_0 
    where
        upper(i1_0.name)=upper(?) 
    fetch
        first ? rows only
   • icons-mdi-starter.json -> inserted=0, skipped=30
   • icons-starter-all.json -> inserted=0, skipped=5
✅ Icon JSON import finished.
]]></system-out>
    <system-err><![CDATA[Mockito is currently self-attaching to enable the inline-mock-maker. This will no longer work in future releases of the JDK. Please add Mockito as an agent to your build as described in Mockito's documentation: https://javadoc.io/doc/org.mockito/mockito-core/latest/org.mockito/org/mockito/Mockito.html#0.3
WARNING: A Java agent has been loaded dynamically (C:\Users\HP\.m2\repository\net\bytebuddy\byte-buddy-agent\1.17.7\byte-buddy-agent-1.17.7.jar)
WARNING: If a serviceability tool is in use, please run with -XX:+EnableDynamicAgentLoading to hide this warning
WARNING: If a serviceability tool is not in use, please run with -Djdk.instrument.traceUsage for more information
WARNING: Dynamic loading of agents will be disallowed by default in a future release
]]></system-err>
  </testcase>
</testsuite>